#
# There is insufficient memory for the Java Runtime Environment to continue.
# Native memory allocation (malloc) failed to allocate 2458736 bytes. Error detail: Chunk::new
# Possible reasons:
#   The system is out of physical RAM or swap space
#   This process is running with CompressedOops enabled, and the Java Heap may be blocking the growth of the native heap
# Possible solutions:
#   Reduce memory load on the system
#   Increase physical memory or swap space
#   Check if swap backing store is full
#   Decrease Java heap size (-Xmx/-Xms)
#   Decrease number of Java threads
#   Decrease Java thread stack sizes (-Xss)
#   Set larger code cache with -XX:ReservedCodeCacheSize=
#   JVM is running with Unscaled Compressed Oops mode in which the Java heap is
#     placed in the first 4GB address space. The Java Heap base address is the
#     maximum limit for the native heap growth. Please use -XX:HeapBaseMinAddress
#     to set the Java Heap base and to place the Java Heap above 4GB virtual address.
# This output file may be truncated or incomplete.
#
#  Out of Memory Error (arena.cpp:168), pid=6044, tid=14264
#
# JRE version: OpenJDK Runtime Environment Temurin-21.0.8+9 (21.0.8+9) (build 21.0.8+9-LTS)
# Java VM: OpenJDK 64-Bit Server VM Temurin-21.0.8+9 (21.0.8+9-LTS, mixed mode, sharing, tiered, compressed oops, compressed class ptrs, parallel gc, windows-amd64)
# No core dump will be written. Minidumps are not enabled by default on client versions of Windows
#

---------------  S U M M A R Y ------------

Command Line: --add-modules=ALL-SYSTEM --add-opens=java.base/java.util=ALL-UNNAMED --add-opens=java.base/java.lang=ALL-UNNAMED --add-opens=java.base/sun.nio.fs=ALL-UNNAMED -Declipse.application=org.eclipse.jdt.ls.core.id1 -Dosgi.bundles.defaultStartLevel=4 -Declipse.product=org.eclipse.jdt.ls.core.product -Djava.import.generatesMetadataFilesAtProjectRoot=false -DDetectVMInstallationsJob.disabled=true -Dfile.encoding=utf8 -XX:+UseParallelGC -XX:GCTimeRatio=4 -XX:AdaptiveSizePolicyWeight=90 -Dsun.zip.disableMemoryMapping=true -Xmx2G -Xms100m -Xlog:disable -javaagent:c:\Users\RAKESH\.cursor\extensions\redhat.java-1.47.0-win32-x64\lombok\lombok-1.18.39-4050.jar -XX:+HeapDumpOnOutOfMemoryError -XX:HeapDumpPath=c:\Users\RAKESH\AppData\Roaming\Cursor\User\workspaceStorage\ec12142c00fa8fcacd1d3bcc819101c5\redhat.java -Daether.dependencyCollector.impl=bf c:\Users\RAKESH\.cursor\extensions\redhat.java-1.47.0-win32-x64\server\plugins\org.eclipse.equinox.launcher_1.7.100.v20251014-1222.jar -configuration c:\Users\RAKESH\AppData\Roaming\Cursor\User\globalStorage\redhat.java\1.47.0\config_win -data c:\Users\RAKESH\AppData\Roaming\Cursor\User\workspaceStorage\ec12142c00fa8fcacd1d3bcc819101c5\redhat.java\jdt_ws --pipe=\\.\pipe\lsp-a5b3698064a51e3c976b78781b1e05ab-sock

Host: AMD Ryzen 5 5500U with Radeon Graphics         , 12 cores, 3G,  Windows 11 , 64 bit Build 26100 (10.0.26100.7019)
Time: Sat Nov  1 02:01:45 2025 India Standard Time elapsed time: 2757.866192 seconds (0d 0h 45m 57s)

---------------  T H R E A D  ---------------

Current thread (0x000002622b60f3f0):  JavaThread "C2 CompilerThread0" daemon [_thread_in_native, id=14264, stack(0x0000007ca9400000,0x0000007ca9500000) (1024K)]


Current CompileTask:
C2:2757869 18645       4       org.eclipse.jdt.internal.compiler.lookup.Scope::findMethodInSuperInterfaces (407 bytes)

Stack: [0x0000007ca9400000,0x0000007ca9500000]
Native frames: (J=compiled Java code, j=interpreted, Vv=VM code, C=native code)
V  [jvm.dll+0x6d2449]
V  [jvm.dll+0x8ae341]
V  [jvm.dll+0x8b08be]
V  [jvm.dll+0x8b0fa3]
V  [jvm.dll+0x280c96]
V  [jvm.dll+0xc581d]
V  [jvm.dll+0xc5d53]
V  [jvm.dll+0x3b919c]
V  [jvm.dll+0x1e1213]
V  [jvm.dll+0x249022]
V  [jvm.dll+0x2484af]
V  [jvm.dll+0x1c89ee]
V  [jvm.dll+0x257d4d]
V  [jvm.dll+0x2562ea]
V  [jvm.dll+0x3f2d16]
V  [jvm.dll+0x857e6b]
V  [jvm.dll+0x6d0b0d]
C  [ucrtbase.dll+0x37b0]
C  [KERNEL32.DLL+0x2e8d7]
C  [ntdll.dll+0x8c53c]


---------------  P R O C E S S  ---------------

Threads class SMR info:
_java_thread_list=0x000002628d36c0c0, length=61, elements={
0x000002622b55c420, 0x000002622b5fef60, 0x000002622b601140, 0x000002622b6041b0,
0x000002622b606fd0, 0x000002622b6085f0, 0x000002622b60b7f0, 0x000002622b60f3f0,
0x000002628436a020, 0x00000262844477d0, 0x0000026284682600, 0x000002628547d130,
0x00000262856ab500, 0x00000262844e87f0, 0x000002628a042010, 0x000002628a18b7d0,
0x000002628536c650, 0x000002628a45d840, 0x000002628a2cc960, 0x000002628a395140,
0x000002628a393700, 0x000002628a394420, 0x000002628a394ab0, 0x000002628a393070,
0x000002628bcd1a40, 0x000002628bcce5c0, 0x000002628bcd0000, 0x000002628bccf970,
0x000002628bcd0690, 0x000002628bccf2e0, 0x000002628bcd0d20, 0x000002628bcd13b0,
0x000002628bcd20d0, 0x000002628bccec50, 0x000002628bcd4830, 0x000002628bcd5550,
0x000002628bcd3480, 0x0000026295d5b420, 0x0000026295d599e0, 0x0000026295d57fa0,
0x0000026295d5ad90, 0x0000026295d59350, 0x0000026295d5f5c0, 0x0000026295d5d4f0,
0x000002628bf02200, 0x000002628bf00130, 0x000002628bf02890, 0x000002628bf04960,
0x000002628bf05d10, 0x000002628bf063a0, 0x000002628bf06a30, 0x000002628bf070c0,
0x000002628bbfef30, 0x000002628bbff5c0, 0x000002628bc01000, 0x000002628bbfdb80,
0x000002628bc002e0, 0x000002628bc00970, 0x000002628bbfd4f0, 0x000002628bbfe210,
0x000002628bc03760
}

Java Threads: ( => current thread )
  0x000002622b55c420 JavaThread "main"                              [_thread_blocked, id=12856, stack(0x0000007ca8a00000,0x0000007ca8b00000) (1024K)]
  0x000002622b5fef60 JavaThread "Reference Handler"          daemon [_thread_blocked, id=8064, stack(0x0000007ca8e00000,0x0000007ca8f00000) (1024K)]
  0x000002622b601140 JavaThread "Finalizer"                  daemon [_thread_blocked, id=12936, stack(0x0000007ca8f00000,0x0000007ca9000000) (1024K)]
  0x000002622b6041b0 JavaThread "Signal Dispatcher"          daemon [_thread_blocked, id=16980, stack(0x0000007ca9000000,0x0000007ca9100000) (1024K)]
  0x000002622b606fd0 JavaThread "Attach Listener"            daemon [_thread_blocked, id=10860, stack(0x0000007ca9100000,0x0000007ca9200000) (1024K)]
  0x000002622b6085f0 JavaThread "Service Thread"             daemon [_thread_blocked, id=15092, stack(0x0000007ca9200000,0x0000007ca9300000) (1024K)]
  0x000002622b60b7f0 JavaThread "Monitor Deflation Thread"   daemon [_thread_blocked, id=14756, stack(0x0000007ca9300000,0x0000007ca9400000) (1024K)]
=>0x000002622b60f3f0 JavaThread "C2 CompilerThread0"         daemon [_thread_in_native, id=14264, stack(0x0000007ca9400000,0x0000007ca9500000) (1024K)]
  0x000002628436a020 JavaThread "C1 CompilerThread0"         daemon [_thread_blocked, id=3164, stack(0x0000007ca9500000,0x0000007ca9600000) (1024K)]
  0x00000262844477d0 JavaThread "Common-Cleaner"             daemon [_thread_blocked, id=2756, stack(0x0000007ca9600000,0x0000007ca9700000) (1024K)]
  0x0000026284682600 JavaThread "Notification Thread"        daemon [_thread_blocked, id=17320, stack(0x0000007ca9700000,0x0000007ca9800000) (1024K)]
  0x000002628547d130 JavaThread "Active Thread: Equinox Container: 705a8252-2764-49e9-888d-9449ec3c0655"        [_thread_blocked, id=3500, stack(0x0000007ca9e00000,0x0000007ca9f00000) (1024K)]
  0x00000262856ab500 JavaThread "Refresh Thread: Equinox Container: 705a8252-2764-49e9-888d-9449ec3c0655" daemon [_thread_blocked, id=13408, stack(0x0000007ca9f00000,0x0000007caa000000) (1024K)]
  0x00000262844e87f0 JavaThread "Framework Event Dispatcher: Equinox Container: 705a8252-2764-49e9-888d-9449ec3c0655" daemon [_thread_blocked, id=2428, stack(0x0000007caa100000,0x0000007caa200000) (1024K)]
  0x000002628a042010 JavaThread "Start Level: Equinox Container: 705a8252-2764-49e9-888d-9449ec3c0655" daemon [_thread_blocked, id=15032, stack(0x0000007caa200000,0x0000007caa300000) (1024K)]
  0x000002628a18b7d0 JavaThread "Bundle File Closer"         daemon [_thread_blocked, id=748, stack(0x0000007caa500000,0x0000007caa600000) (1024K)]
  0x000002628536c650 JavaThread "SCR Component Actor"        daemon [_thread_blocked, id=7468, stack(0x0000007caa600000,0x0000007caa700000) (1024K)]
  0x000002628a45d840 JavaThread "Worker-JM"                         [_thread_blocked, id=5196, stack(0x0000007caa700000,0x0000007caa800000) (1024K)]
  0x000002628a2cc960 JavaThread "JNA Cleaner"                daemon [_thread_blocked, id=16412, stack(0x0000007caa800000,0x0000007caa900000) (1024K)]
  0x000002628a395140 JavaThread "Worker-1"                          [_thread_blocked, id=9468, stack(0x0000007caaa00000,0x0000007caab00000) (1024K)]
  0x000002628a393700 JavaThread "Java indexing"              daemon [_thread_in_Java, id=2828, stack(0x0000007caab00000,0x0000007caac00000) (1024K)]
  0x000002628a394420 JavaThread "Thread-1"                   daemon [_thread_in_native, id=5108, stack(0x0000007cab200000,0x0000007cab300000) (1024K)]
  0x000002628a394ab0 JavaThread "Thread-2"                   daemon [_thread_in_native, id=16368, stack(0x0000007cab300000,0x0000007cab400000) (1024K)]
  0x000002628a393070 JavaThread "Thread-3"                   daemon [_thread_in_native, id=12300, stack(0x0000007cab400000,0x0000007cab500000) (1024K)]
  0x000002628bcd1a40 JavaThread "Thread-4"                   daemon [_thread_in_native, id=13912, stack(0x0000007cab500000,0x0000007cab600000) (1024K)]
  0x000002628bcce5c0 JavaThread "Thread-5"                   daemon [_thread_in_native, id=3276, stack(0x0000007cab600000,0x0000007cab700000) (1024K)]
  0x000002628bcd0000 JavaThread "Thread-6"                   daemon [_thread_in_native, id=17308, stack(0x0000007cab700000,0x0000007cab800000) (1024K)]
  0x000002628bccf970 JavaThread "Thread-7"                   daemon [_thread_in_native, id=6748, stack(0x0000007cab800000,0x0000007cab900000) (1024K)]
  0x000002628bcd0690 JavaThread "Thread-8"                   daemon [_thread_in_native, id=13680, stack(0x0000007cab900000,0x0000007caba00000) (1024K)]
  0x000002628bccf2e0 JavaThread "Thread-9"                   daemon [_thread_in_native, id=10372, stack(0x0000007caba00000,0x0000007cabb00000) (1024K)]
  0x000002628bcd0d20 JavaThread "Thread-10"                  daemon [_thread_in_native, id=1712, stack(0x0000007cabb00000,0x0000007cabc00000) (1024K)]
  0x000002628bcd13b0 JavaThread "Thread-11"                  daemon [_thread_in_native, id=14408, stack(0x0000007cabc00000,0x0000007cabd00000) (1024K)]
  0x000002628bcd20d0 JavaThread "Thread-12"                  daemon [_thread_in_native, id=8012, stack(0x0000007cabd00000,0x0000007cabe00000) (1024K)]
  0x000002628bccec50 JavaThread "Thread-13"                  daemon [_thread_in_native, id=3104, stack(0x0000007cabe00000,0x0000007cabf00000) (1024K)]
  0x000002628bcd4830 JavaThread "pool-2-thread-1"                   [_thread_blocked, id=12940, stack(0x0000007cabf00000,0x0000007cac000000) (1024K)]
  0x000002628bcd5550 JavaThread "WorkspaceEventsHandler"            [_thread_blocked, id=16044, stack(0x0000007cac000000,0x0000007cac100000) (1024K)]
  0x000002628bcd3480 JavaThread "pool-1-thread-1"                   [_thread_blocked, id=13044, stack(0x0000007cac100000,0x0000007cac200000) (1024K)]
  0x0000026295d5b420 JavaThread "ForkJoinPool.commonPool-worker-12" daemon [_thread_blocked, id=16120, stack(0x0000007ca8700000,0x0000007ca8800000) (1024K)]
  0x0000026295d599e0 JavaThread "ForkJoinPool.commonPool-worker-13" daemon [_thread_blocked, id=11932, stack(0x0000007ca8800000,0x0000007ca8900000) (1024K)]
  0x0000026295d57fa0 JavaThread "ForkJoinPool.commonPool-worker-15" daemon [_thread_blocked, id=8728, stack(0x0000007caac00000,0x0000007caad00000) (1024K)]
  0x0000026295d5ad90 JavaThread "Compiler Source File Reader" daemon [_thread_blocked, id=3652, stack(0x0000007caaf00000,0x0000007cab000000) (1024K)]
  0x0000026295d59350 JavaThread "Compiler Source File Reader" daemon [_thread_blocked, id=8940, stack(0x0000007cac200000,0x0000007cac300000) (1024K)]
  0x0000026295d5f5c0 JavaThread "Compiler Source File Reader" daemon [_thread_blocked, id=6488, stack(0x0000007cac400000,0x0000007cac500000) (1024K)]
  0x0000026295d5d4f0 JavaThread "Compiler Source File Reader" daemon [_thread_blocked, id=4996, stack(0x0000007cac500000,0x0000007cac600000) (1024K)]
  0x000002628bf02200 JavaThread "Compiler Source File Reader" daemon [_thread_blocked, id=15892, stack(0x0000007caa900000,0x0000007caaa00000) (1024K)]
  0x000002628bf00130 JavaThread "Compiler Source File Reader" daemon [_thread_blocked, id=12064, stack(0x0000007caad00000,0x0000007caae00000) (1024K)]
  0x000002628bf02890 JavaThread "Worker-11: Building"               [_thread_in_Java, id=13064, stack(0x0000007cac700000,0x0000007cac800000) (1024K)]
  0x000002628bf04960 JavaThread "ForkJoinPool.commonPool-worker-17" daemon [_thread_blocked, id=6264, stack(0x0000007cac800000,0x0000007cac900000) (1024K)]
  0x000002628bf05d10 JavaThread "ForkJoinPool.commonPool-worker-18" daemon [_thread_blocked, id=4784, stack(0x0000007cac900000,0x0000007caca00000) (1024K)]
  0x000002628bf063a0 JavaThread "ForkJoinPool.commonPool-worker-19" daemon [_thread_blocked, id=10028, stack(0x0000007caca00000,0x0000007cacb00000) (1024K)]
  0x000002628bf06a30 JavaThread "ForkJoinPool.commonPool-worker-20" daemon [_thread_blocked, id=8348, stack(0x0000007cacb00000,0x0000007cacc00000) (1024K)]
  0x000002628bf070c0 JavaThread "ForkJoinPool.commonPool-worker-21" daemon [_thread_blocked, id=14524, stack(0x0000007cacc00000,0x0000007cacd00000) (1024K)]
  0x000002628bbfef30 JavaThread "ForkJoinPool.commonPool-worker-22" daemon [_thread_blocked, id=15100, stack(0x0000007cacd00000,0x0000007cace00000) (1024K)]
  0x000002628bbff5c0 JavaThread "ForkJoinPool.commonPool-worker-23" daemon [_thread_blocked, id=16220, stack(0x0000007cace00000,0x0000007cacf00000) (1024K)]
  0x000002628bc01000 JavaThread "Compiler Source File Reader" daemon [_thread_blocked, id=13988, stack(0x0000007cad000000,0x0000007cad100000) (1024K)]
  0x000002628bbfdb80 JavaThread "Compiler Source File Reader" daemon [_thread_blocked, id=14992, stack(0x0000007cad100000,0x0000007cad200000) (1024K)]
  0x000002628bc002e0 JavaThread "Worker-12"                         [_thread_blocked, id=6344, stack(0x0000007ca8900000,0x0000007ca8a00000) (1024K)]
  0x000002628bc00970 JavaThread "Compiler Source File Reader" daemon [_thread_blocked, id=15076, stack(0x0000007caae00000,0x0000007caaf00000) (1024K)]
  0x000002628bbfd4f0 JavaThread "Worker-13: Java indexing... "        [_thread_blocked, id=16052, stack(0x0000007cab000000,0x0000007cab100000) (1024K)]
  0x000002628bbfe210 JavaThread "Compiler Processing Task"   daemon [_thread_blocked, id=14584, stack(0x0000007cab100000,0x0000007cab200000) (1024K)]
  0x000002628bc03760 JavaThread "Worker-14"                         [_thread_blocked, id=6056, stack(0x0000007cac300000,0x0000007cac400000) (1024K)]
Total: 61

Other Threads:
  0x0000026284350d70 VMThread "VM Thread"                           [id=8588, stack(0x0000007ca8d00000,0x0000007ca8e00000) (1024K)]
  0x000002622b3eca00 WatcherThread "VM Periodic Task Thread"        [id=7136, stack(0x0000007ca8c00000,0x0000007ca8d00000) (1024K)]
  0x000002622b57b630 WorkerThread "GC Thread#0"                     [id=9880, stack(0x0000007ca8b00000,0x0000007ca8c00000) (1024K)]
  0x0000026285503830 WorkerThread "GC Thread#1"                     [id=1412, stack(0x0000007ca9800000,0x0000007ca9900000) (1024K)]
  0x0000026285503bd0 WorkerThread "GC Thread#2"                     [id=5620, stack(0x0000007ca9900000,0x0000007ca9a00000) (1024K)]
  0x0000026285503f70 WorkerThread "GC Thread#3"                     [id=13560, stack(0x0000007ca9a00000,0x0000007ca9b00000) (1024K)]
  0x0000026285507050 WorkerThread "GC Thread#4"                     [id=14948, stack(0x0000007ca9b00000,0x0000007ca9c00000) (1024K)]
  0x00000262855073f0 WorkerThread "GC Thread#5"                     [id=10900, stack(0x0000007ca9c00000,0x0000007ca9d00000) (1024K)]
  0x0000026285376ed0 WorkerThread "GC Thread#6"                     [id=7816, stack(0x0000007ca9d00000,0x0000007ca9e00000) (1024K)]
  0x00000262856abb60 WorkerThread "GC Thread#7"                     [id=14952, stack(0x0000007caa000000,0x0000007caa100000) (1024K)]
  0x00000262854c83b0 WorkerThread "GC Thread#8"                     [id=15432, stack(0x0000007caa300000,0x0000007caa400000) (1024K)]
  0x00000262854c95d0 WorkerThread "GC Thread#9"                     [id=5168, stack(0x0000007caa400000,0x0000007caa500000) (1024K)]
Total: 12

Threads with active compile tasks:
C2 CompilerThread0  2759110 18645       4       org.eclipse.jdt.internal.compiler.lookup.Scope::findMethodInSuperInterfaces (407 bytes)
Total: 1

VM state: not at safepoint (normal execution)

VM Mutex/Monitor currently owned by a thread: None

Heap address: 0x0000000080000000, size: 2048 MB, Compressed Oops mode: 32-bit

CDS archive(s) mapped at: [0x0000026242000000-0x0000026242ba0000-0x0000026242ba0000), size 12189696, SharedBaseAddress: 0x0000026242000000, ArchiveRelocationMode: 1.
Compressed class space mapped at: 0x0000026243000000-0x0000026283000000, reserved size: 1073741824
Narrow klass base: 0x0000026242000000, Narrow klass shift: 0, Narrow klass range: 0x100000000

GC Precious Log:
 CardTable entry size: 512
 CPUs: 12 total, 12 available
 Memory: 3405M
 Large Page Support: Disabled
 NUMA Support: Disabled
 Compressed Oops: Enabled (32-bit)
 Alignments: Space 512K, Generation 512K, Heap 2M
 Heap Min Capacity: 100M
 Heap Initial Capacity: 100M
 Heap Max Capacity: 2G
 Pre-touch: Disabled
 Parallel Workers: 10

Heap:
 PSYoungGen      total 6144K, used 3713K [0x00000000d5580000, 0x00000000d6a00000, 0x0000000100000000)
  eden space 4096K, 40% used [0x00000000d5580000,0x00000000d5720c70,0x00000000d5980000)
  from space 2048K, 99% used [0x00000000d6000000,0x00000000d61ffa40,0x00000000d6200000)
  to   space 6656K, 0% used [0x00000000d5980000,0x00000000d5980000,0x00000000d6000000)
 ParOldGen       total 454144K, used 386034K [0x0000000080000000, 0x000000009bb80000, 0x00000000d5580000)
  object space 454144K, 85% used [0x0000000080000000,0x00000000978fca18,0x000000009bb80000)
 Metaspace       used 71223K, committed 72768K, reserved 1114112K
  class space    used 7062K, committed 7808K, reserved 1048576K

Card table byte_map: [0x000002622af00000,0x000002622b310000] _byte_map_base: 0x000002622ab00000

Marking Bits: (ParMarkBitMap*) 0x00007ffe5335a340
 Begin Bits: [0x000002623da00000, 0x000002623fa00000)
 End Bits:   [0x000002623fa00000, 0x0000026241a00000)

Polling page: 0x00000262293a0000

Metaspace:

Usage:
  Non-class:     62.66 MB used.
      Class:      6.90 MB used.
       Both:     69.55 MB used.

Virtual space:
  Non-class space:       64.00 MB reserved,      63.44 MB (>99%) committed,  1 nodes.
      Class space:        1.00 GB reserved,       7.62 MB ( <1%) committed,  1 nodes.
             Both:        1.06 GB reserved,      71.06 MB (  7%) committed. 

Chunk freelists:
   Non-Class:  219.00 KB
       Class:  8.49 MB
        Both:  8.70 MB

MaxMetaspaceSize: unlimited
CompressedClassSpaceSize: 1.00 GB
Initial GC threshold: 21.00 MB
Current GC threshold: 118.12 MB
CDS: on
 - commit_granule_bytes: 65536.
 - commit_granule_words: 8192.
 - virtual_space_node_default_size: 8388608.
 - enlarge_chunks_in_place: 1.
 - use_allocation_guard: 0.


Internal statistics:

num_allocs_failed_limit: 9.
num_arena_births: 1536.
num_arena_deaths: 518.
num_vsnodes_births: 2.
num_vsnodes_deaths: 0.
num_space_committed: 1137.
num_space_uncommitted: 0.
num_chunks_returned_to_freelist: 632.
num_chunks_taken_from_freelist: 5196.
num_chunk_merges: 190.
num_chunk_splits: 2986.
num_chunks_enlarged: 1614.
num_inconsistent_stats: 0.

CodeHeap 'non-profiled nmethods': size=120000Kb used=11603Kb max_used=11603Kb free=108396Kb
 bounds [0x0000026236220000, 0x0000026236d80000, 0x000002623d750000]
CodeHeap 'profiled nmethods': size=120000Kb used=39911Kb max_used=39911Kb free=80088Kb
 bounds [0x000002622e750000, 0x0000026230e50000, 0x0000026235c80000]
CodeHeap 'non-nmethods': size=5760Kb used=1449Kb max_used=1523Kb free=4310Kb
 bounds [0x0000026235c80000, 0x0000026235ef0000, 0x0000026236220000]
CodeCache: size=245760Kb, used=52963Kb, max_used=53037Kb, free=192794Kb
 total_blobs=17760, nmethods=16998, adapters=664, full_count=0
Compilation: enabled, stopped_count=0, restarted_count=0

Compilation events (20 events):
Event: 2755.985 Thread 0x000002628436a020 nmethod 18702 0x0000026230e47a10 code [0x0000026230e47bc0, 0x0000026230e47da8]
Event: 2756.234 Thread 0x000002628436a020 18703       2       jdk.internal.math.MathUtils::pow10 (6 bytes)
Event: 2756.236 Thread 0x000002628436a020 nmethod 18703 0x0000026230e47e90 code [0x0000026230e48020, 0x0000026230e48138]
Event: 2756.249 Thread 0x000002628436a020 18704       2       org.eclipse.sisu.inject.MildValues::put (38 bytes)
Event: 2756.256 Thread 0x000002628436a020 nmethod 18704 0x0000026230e48210 code [0x0000026230e48400, 0x0000026230e48660]
Event: 2756.256 Thread 0x000002628436a020 18705       2       org.eclipse.sisu.inject.MildValues::mildValue (37 bytes)
Event: 2756.274 Thread 0x000002628436a020 nmethod 18705 0x0000026230e48790 code [0x0000026230e48960, 0x0000026230e48c80]
Event: 2756.275 Thread 0x000002628436a020 18706       2       org.eclipse.sisu.inject.MildValues$Weak::<init> (12 bytes)
Event: 2756.276 Thread 0x000002628436a020 nmethod 18706 0x0000026230e48e10 code [0x0000026230e48fc0, 0x0000026230e49188]
Event: 2756.277 Thread 0x000002628436a020 18707       2       org.apache.maven.execution.MavenSession$$Lambda/0x000002624371e858::test (8 bytes)
Event: 2756.300 Thread 0x000002628436a020 nmethod 18707 0x0000026230e49290 code [0x0000026230e49420, 0x0000026230e49578]
Event: 2756.704 Thread 0x000002628436a020 18708   !   2       org.eclipse.jdt.internal.core.JavaModelManager::removeFromInvalidArchiveCache (164 bytes)
Event: 2756.767 Thread 0x000002628436a020 nmethod 18708 0x0000026230e49690 code [0x0000026230e49960, 0x0000026230e4a2b8]
Event: 2756.774 Thread 0x000002628436a020 18709       2       com.google.common.collect.MapMakerInternalMap::hash (14 bytes)
Event: 2756.783 Thread 0x000002628436a020 nmethod 18709 0x0000026230e4ac10 code [0x0000026230e4adc0, 0x0000026230e4af30]
Event: 2756.783 Thread 0x000002628436a020 18710       2       com.google.common.collect.MapMakerInternalMap::segmentFor (17 bytes)
Event: 2756.785 Thread 0x000002628436a020 nmethod 18710 0x0000026230e4b010 code [0x0000026230e4b1a0, 0x0000026230e4b2e0]
Event: 2756.849 Thread 0x000002628436a020 18711   !   2       org.codehaus.plexus.component.configurator.converters.basic.AbstractBasicConverter::fromConfiguration (102 bytes)
Event: 2756.885 Thread 0x000002628436a020 nmethod 18711 0x0000026230e4b410 code [0x0000026230e4b680, 0x0000026230e4bcb8]
Event: 2756.885 Thread 0x000002628436a020 18712   !   2       org.codehaus.plexus.component.configurator.converters.basic.AbstractBasicConverter::fromExpression (166 bytes)

GC Heap History (20 events):
Event: 2752.306 GC heap before
{Heap before GC invocations=427 (full 4):
 PSYoungGen      total 7168K, used 7168K [0x00000000d5580000, 0x00000000d7f80000, 0x0000000100000000)
  eden space 2048K, 100% used [0x00000000d5580000,0x00000000d5780000,0x00000000d5780000)
  from space 5120K, 100% used [0x00000000d6680000,0x00000000d6b80000,0x00000000d6b80000)
  to   space 15360K, 0% used [0x00000000d5780000,0x00000000d5780000,0x00000000d6680000)
 ParOldGen       total 454144K, used 360202K [0x0000000080000000, 0x000000009bb80000, 0x00000000d5580000)
  object space 454144K, 79% used [0x0000000080000000,0x0000000095fc2938,0x000000009bb80000)
 Metaspace       used 71195K, committed 72768K, reserved 1114112K
  class space    used 7062K, committed 7808K, reserved 1048576K
}
Event: 2752.329 GC heap after
{Heap after GC invocations=427 (full 4):
 PSYoungGen      total 4096K, used 1900K [0x00000000d5580000, 0x00000000d6700000, 0x0000000100000000)
  eden space 2048K, 0% used [0x00000000d5580000,0x00000000d5580000,0x00000000d5780000)
  from space 2048K, 92% used [0x00000000d5780000,0x00000000d595b080,0x00000000d5980000)
  to   space 6656K, 0% used [0x00000000d6080000,0x00000000d6080000,0x00000000d6700000)
 ParOldGen       total 454144K, used 365362K [0x0000000080000000, 0x000000009bb80000, 0x00000000d5580000)
  object space 454144K, 80% used [0x0000000080000000,0x00000000964cc938,0x000000009bb80000)
 Metaspace       used 71195K, committed 72768K, reserved 1114112K
  class space    used 7062K, committed 7808K, reserved 1048576K
}
Event: 2752.395 GC heap before
{Heap before GC invocations=428 (full 4):
 PSYoungGen      total 4096K, used 3948K [0x00000000d5580000, 0x00000000d6700000, 0x0000000100000000)
  eden space 2048K, 99% used [0x00000000d5580000,0x00000000d577fff8,0x00000000d5780000)
  from space 2048K, 92% used [0x00000000d5780000,0x00000000d595b080,0x00000000d5980000)
  to   space 6656K, 0% used [0x00000000d6080000,0x00000000d6080000,0x00000000d6700000)
 ParOldGen       total 454144K, used 365362K [0x0000000080000000, 0x000000009bb80000, 0x00000000d5580000)
  object space 454144K, 80% used [0x0000000080000000,0x00000000964cc938,0x000000009bb80000)
 Metaspace       used 71195K, committed 72768K, reserved 1114112K
  class space    used 7062K, committed 7808K, reserved 1048576K
}
Event: 2752.404 GC heap after
{Heap after GC invocations=428 (full 4):
 PSYoungGen      total 4608K, used 1681K [0x00000000d5580000, 0x00000000d6280000, 0x0000000100000000)
  eden space 2560K, 0% used [0x00000000d5580000,0x00000000d5580000,0x00000000d5800000)
  from space 2048K, 82% used [0x00000000d6080000,0x00000000d6224600,0x00000000d6280000)
  to   space 2560K, 0% used [0x00000000d5d80000,0x00000000d5d80000,0x00000000d6000000)
 ParOldGen       total 454144K, used 367026K [0x0000000080000000, 0x000000009bb80000, 0x00000000d5580000)
  object space 454144K, 80% used [0x0000000080000000,0x000000009666c938,0x000000009bb80000)
 Metaspace       used 71195K, committed 72768K, reserved 1114112K
  class space    used 7062K, committed 7808K, reserved 1048576K
}
Event: 2752.470 GC heap before
{Heap before GC invocations=429 (full 4):
 PSYoungGen      total 4608K, used 3821K [0x00000000d5580000, 0x00000000d6280000, 0x0000000100000000)
  eden space 2560K, 83% used [0x00000000d5580000,0x00000000d5796ff8,0x00000000d5800000)
  from space 2048K, 82% used [0x00000000d6080000,0x00000000d6224600,0x00000000d6280000)
  to   space 2560K, 0% used [0x00000000d5d80000,0x00000000d5d80000,0x00000000d6000000)
 ParOldGen       total 454144K, used 367026K [0x0000000080000000, 0x000000009bb80000, 0x00000000d5580000)
  object space 454144K, 80% used [0x0000000080000000,0x000000009666c938,0x000000009bb80000)
 Metaspace       used 71195K, committed 72768K, reserved 1114112K
  class space    used 7062K, committed 7808K, reserved 1048576K
}
Event: 2752.478 GC heap after
{Heap after GC invocations=429 (full 4):
 PSYoungGen      total 4608K, used 1184K [0x00000000d5580000, 0x00000000d6100000, 0x0000000100000000)
  eden space 3072K, 0% used [0x00000000d5580000,0x00000000d5580000,0x00000000d5880000)
  from space 1536K, 77% used [0x00000000d5d80000,0x00000000d5ea8000,0x00000000d5f00000)
  to   space 1536K, 0% used [0x00000000d5f80000,0x00000000d5f80000,0x00000000d6100000)
 ParOldGen       total 454144K, used 368283K [0x0000000080000000, 0x000000009bb80000, 0x00000000d5580000)
  object space 454144K, 81% used [0x0000000080000000,0x00000000967a6d38,0x000000009bb80000)
 Metaspace       used 71195K, committed 72768K, reserved 1114112K
  class space    used 7062K, committed 7808K, reserved 1048576K
}
Event: 2752.592 GC heap before
{Heap before GC invocations=430 (full 4):
 PSYoungGen      total 4608K, used 4255K [0x00000000d5580000, 0x00000000d6100000, 0x0000000100000000)
  eden space 3072K, 99% used [0x00000000d5580000,0x00000000d587fff8,0x00000000d5880000)
  from space 1536K, 77% used [0x00000000d5d80000,0x00000000d5ea8000,0x00000000d5f00000)
  to   space 1536K, 0% used [0x00000000d5f80000,0x00000000d5f80000,0x00000000d6100000)
 ParOldGen       total 454144K, used 368283K [0x0000000080000000, 0x000000009bb80000, 0x00000000d5580000)
  object space 454144K, 81% used [0x0000000080000000,0x00000000967a6d38,0x000000009bb80000)
 Metaspace       used 71196K, committed 72768K, reserved 1114112K
  class space    used 7062K, committed 7808K, reserved 1048576K
}
Event: 2752.606 GC heap after
{Heap after GC invocations=430 (full 4):
 PSYoungGen      total 4608K, used 1505K [0x00000000d5580000, 0x00000000d6100000, 0x0000000100000000)
  eden space 3072K, 0% used [0x00000000d5580000,0x00000000d5580000,0x00000000d5880000)
  from space 1536K, 97% used [0x00000000d5f80000,0x00000000d60f8400,0x00000000d6100000)
  to   space 4096K, 0% used [0x00000000d5900000,0x00000000d5900000,0x00000000d5d00000)
 ParOldGen       total 454144K, used 370240K [0x0000000080000000, 0x000000009bb80000, 0x00000000d5580000)
  object space 454144K, 81% used [0x0000000080000000,0x0000000096990148,0x000000009bb80000)
 Metaspace       used 71196K, committed 72768K, reserved 1114112K
  class space    used 7062K, committed 7808K, reserved 1048576K
}
Event: 2752.736 GC heap before
{Heap before GC invocations=431 (full 4):
 PSYoungGen      total 4608K, used 4577K [0x00000000d5580000, 0x00000000d6100000, 0x0000000100000000)
  eden space 3072K, 100% used [0x00000000d5580000,0x00000000d5880000,0x00000000d5880000)
  from space 1536K, 97% used [0x00000000d5f80000,0x00000000d60f8400,0x00000000d6100000)
  to   space 4096K, 0% used [0x00000000d5900000,0x00000000d5900000,0x00000000d5d00000)
 ParOldGen       total 454144K, used 370240K [0x0000000080000000, 0x000000009bb80000, 0x00000000d5580000)
  object space 454144K, 81% used [0x0000000080000000,0x0000000096990148,0x000000009bb80000)
 Metaspace       used 71201K, committed 72768K, reserved 1114112K
  class space    used 7062K, committed 7808K, reserved 1048576K
}
Event: 2752.777 GC heap after
{Heap after GC invocations=431 (full 4):
 PSYoungGen      total 6144K, used 2888K [0x00000000d5580000, 0x00000000d6000000, 0x0000000100000000)
  eden space 3072K, 0% used [0x00000000d5580000,0x00000000d5580000,0x00000000d5880000)
  from space 3072K, 94% used [0x00000000d5900000,0x00000000d5bd2090,0x00000000d5c00000)
  to   space 3584K, 0% used [0x00000000d5c80000,0x00000000d5c80000,0x00000000d6000000)
 ParOldGen       total 454144K, used 371785K [0x0000000080000000, 0x000000009bb80000, 0x00000000d5580000)
  object space 454144K, 81% used [0x0000000080000000,0x0000000096b12568,0x000000009bb80000)
 Metaspace       used 71201K, committed 72768K, reserved 1114112K
  class space    used 7062K, committed 7808K, reserved 1048576K
}
Event: 2752.875 GC heap before
{Heap before GC invocations=432 (full 4):
 PSYoungGen      total 6144K, used 5960K [0x00000000d5580000, 0x00000000d6000000, 0x0000000100000000)
  eden space 3072K, 100% used [0x00000000d5580000,0x00000000d5880000,0x00000000d5880000)
  from space 3072K, 94% used [0x00000000d5900000,0x00000000d5bd2090,0x00000000d5c00000)
  to   space 3584K, 0% used [0x00000000d5c80000,0x00000000d5c80000,0x00000000d6000000)
 ParOldGen       total 454144K, used 371785K [0x0000000080000000, 0x000000009bb80000, 0x00000000d5580000)
  object space 454144K, 81% used [0x0000000080000000,0x0000000096b12568,0x000000009bb80000)
 Metaspace       used 71201K, committed 72768K, reserved 1114112K
  class space    used 7062K, committed 7808K, reserved 1048576K
}
Event: 2752.957 GC heap after
{Heap after GC invocations=432 (full 4):
 PSYoungGen      total 7168K, used 2880K [0x00000000d5580000, 0x00000000d5f80000, 0x0000000100000000)
  eden space 4096K, 0% used [0x00000000d5580000,0x00000000d5580000,0x00000000d5980000)
  from space 3072K, 93% used [0x00000000d5c80000,0x00000000d5f50000,0x00000000d5f80000)
  to   space 3072K, 0% used [0x00000000d5980000,0x00000000d5980000,0x00000000d5c80000)
 ParOldGen       total 454144K, used 374567K [0x0000000080000000, 0x000000009bb80000, 0x00000000d5580000)
  object space 454144K, 82% used [0x0000000080000000,0x0000000096dc9d78,0x000000009bb80000)
 Metaspace       used 71201K, committed 72768K, reserved 1114112K
  class space    used 7062K, committed 7808K, reserved 1048576K
}
Event: 2752.985 GC heap before
{Heap before GC invocations=433 (full 4):
 PSYoungGen      total 7168K, used 6911K [0x00000000d5580000, 0x00000000d5f80000, 0x0000000100000000)
  eden space 4096K, 98% used [0x00000000d5580000,0x00000000d596fdc8,0x00000000d5980000)
  from space 3072K, 93% used [0x00000000d5c80000,0x00000000d5f50000,0x00000000d5f80000)
  to   space 3072K, 0% used [0x00000000d5980000,0x00000000d5980000,0x00000000d5c80000)
 ParOldGen       total 454144K, used 374567K [0x0000000080000000, 0x000000009bb80000, 0x00000000d5580000)
  object space 454144K, 82% used [0x0000000080000000,0x0000000096dc9d78,0x000000009bb80000)
 Metaspace       used 71201K, committed 72768K, reserved 1114112K
  class space    used 7062K, committed 7808K, reserved 1048576K
}
Event: 2753.011 GC heap after
{Heap after GC invocations=433 (full 4):
 PSYoungGen      total 7168K, used 3060K [0x00000000d5580000, 0x00000000d6880000, 0x0000000100000000)
  eden space 4096K, 0% used [0x00000000d5580000,0x00000000d5580000,0x00000000d5980000)
  from space 3072K, 99% used [0x00000000d5980000,0x00000000d5c7d000,0x00000000d5c80000)
  to   space 7168K, 0% used [0x00000000d6180000,0x00000000d6180000,0x00000000d6880000)
 ParOldGen       total 454144K, used 377655K [0x0000000080000000, 0x000000009bb80000, 0x00000000d5580000)
  object space 454144K, 83% used [0x0000000080000000,0x00000000970cdd78,0x000000009bb80000)
 Metaspace       used 71201K, committed 72768K, reserved 1114112K
  class space    used 7062K, committed 7808K, reserved 1048576K
}
Event: 2753.102 GC heap before
{Heap before GC invocations=434 (full 4):
 PSYoungGen      total 7168K, used 7154K [0x00000000d5580000, 0x00000000d6880000, 0x0000000100000000)
  eden space 4096K, 99% used [0x00000000d5580000,0x00000000d597f8a0,0x00000000d5980000)
  from space 3072K, 99% used [0x00000000d5980000,0x00000000d5c7d000,0x00000000d5c80000)
  to   space 7168K, 0% used [0x00000000d6180000,0x00000000d6180000,0x00000000d6880000)
 ParOldGen       total 454144K, used 377655K [0x0000000080000000, 0x000000009bb80000, 0x00000000d5580000)
  object space 454144K, 83% used [0x0000000080000000,0x00000000970cdd78,0x000000009bb80000)
 Metaspace       used 71202K, committed 72768K, reserved 1114112K
  class space    used 7062K, committed 7808K, reserved 1048576K
}
Event: 2753.172 GC heap after
{Heap after GC invocations=434 (full 4):
 PSYoungGen      total 7680K, used 2320K [0x00000000d5580000, 0x00000000d6400000, 0x0000000100000000)
  eden space 5120K, 0% used [0x00000000d5580000,0x00000000d5580000,0x00000000d5a80000)
  from space 2560K, 90% used [0x00000000d6180000,0x00000000d63c4000,0x00000000d6400000)
  to   space 4096K, 0% used [0x00000000d5c00000,0x00000000d5c00000,0x00000000d6000000)
 ParOldGen       total 454144K, used 380479K [0x0000000080000000, 0x000000009bb80000, 0x00000000d5580000)
  object space 454144K, 83% used [0x0000000080000000,0x000000009738fd88,0x000000009bb80000)
 Metaspace       used 71202K, committed 72768K, reserved 1114112K
  class space    used 7062K, committed 7808K, reserved 1048576K
}
Event: 2753.926 GC heap before
{Heap before GC invocations=435 (full 4):
 PSYoungGen      total 7680K, used 7440K [0x00000000d5580000, 0x00000000d6400000, 0x0000000100000000)
  eden space 5120K, 100% used [0x00000000d5580000,0x00000000d5a80000,0x00000000d5a80000)
  from space 2560K, 90% used [0x00000000d6180000,0x00000000d63c4000,0x00000000d6400000)
  to   space 4096K, 0% used [0x00000000d5c00000,0x00000000d5c00000,0x00000000d6000000)
 ParOldGen       total 454144K, used 380479K [0x0000000080000000, 0x000000009bb80000, 0x00000000d5580000)
  object space 454144K, 83% used [0x0000000080000000,0x000000009738fd88,0x000000009bb80000)
 Metaspace       used 71207K, committed 72768K, reserved 1114112K
  class space    used 7062K, committed 7808K, reserved 1048576K
}
Event: 2754.319 GC heap after
{Heap after GC invocations=435 (full 4):
 PSYoungGen      total 10240K, used 1426K [0x00000000d5580000, 0x00000000d6200000, 0x0000000100000000)
  eden space 6144K, 0% used [0x00000000d5580000,0x00000000d5580000,0x00000000d5b80000)
  from space 4096K, 34% used [0x00000000d5c00000,0x00000000d5d64b10,0x00000000d6000000)
  to   space 2048K, 0% used [0x00000000d6000000,0x00000000d6000000,0x00000000d6200000)
 ParOldGen       total 454144K, used 382599K [0x0000000080000000, 0x000000009bb80000, 0x00000000d5580000)
  object space 454144K, 84% used [0x0000000080000000,0x00000000975a1d88,0x000000009bb80000)
 Metaspace       used 71207K, committed 72768K, reserved 1114112K
  class space    used 7062K, committed 7808K, reserved 1048576K
}
Event: 2756.889 GC heap before
{Heap before GC invocations=436 (full 4):
 PSYoungGen      total 10240K, used 7564K [0x00000000d5580000, 0x00000000d6200000, 0x0000000100000000)
  eden space 6144K, 99% used [0x00000000d5580000,0x00000000d5b7e6b8,0x00000000d5b80000)
  from space 4096K, 34% used [0x00000000d5c00000,0x00000000d5d64b10,0x00000000d6000000)
  to   space 2048K, 0% used [0x00000000d6000000,0x00000000d6000000,0x00000000d6200000)
 ParOldGen       total 454144K, used 382599K [0x0000000080000000, 0x000000009bb80000, 0x00000000d5580000)
  object space 454144K, 84% used [0x0000000080000000,0x00000000975a1d88,0x000000009bb80000)
 Metaspace       used 71223K, committed 72768K, reserved 1114112K
  class space    used 7062K, committed 7808K, reserved 1048576K
}
Event: 2757.663 GC heap after
{Heap after GC invocations=436 (full 4):
 PSYoungGen      total 6144K, used 2046K [0x00000000d5580000, 0x00000000d6a00000, 0x0000000100000000)
  eden space 4096K, 0% used [0x00000000d5580000,0x00000000d5580000,0x00000000d5980000)
  from space 2048K, 99% used [0x00000000d6000000,0x00000000d61ffa40,0x00000000d6200000)
  to   space 6656K, 0% used [0x00000000d5980000,0x00000000d5980000,0x00000000d6000000)
 ParOldGen       total 454144K, used 386034K [0x0000000080000000, 0x000000009bb80000, 0x00000000d5580000)
  object space 454144K, 85% used [0x0000000080000000,0x00000000978fca18,0x000000009bb80000)
 Metaspace       used 71223K, committed 72768K, reserved 1114112K
  class space    used 7062K, committed 7808K, reserved 1048576K
}

Dll operation events (10 events):
Event: 0.026 Loaded shared library c:\Users\RAKESH\.cursor\extensions\redhat.java-1.47.0-win32-x64\jre\21.0.8-win32-x86_64\bin\java.dll
Event: 0.218 Loaded shared library c:\Users\RAKESH\.cursor\extensions\redhat.java-1.47.0-win32-x64\jre\21.0.8-win32-x86_64\bin\zip.dll
Event: 0.261 Loaded shared library C:\Users\RAKESH\.cursor\extensions\redhat.java-1.47.0-win32-x64\jre\21.0.8-win32-x86_64\bin\instrument.dll
Event: 0.266 Loaded shared library C:\Users\RAKESH\.cursor\extensions\redhat.java-1.47.0-win32-x64\jre\21.0.8-win32-x86_64\bin\net.dll
Event: 0.268 Loaded shared library C:\Users\RAKESH\.cursor\extensions\redhat.java-1.47.0-win32-x64\jre\21.0.8-win32-x86_64\bin\nio.dll
Event: 0.271 Loaded shared library C:\Users\RAKESH\.cursor\extensions\redhat.java-1.47.0-win32-x64\jre\21.0.8-win32-x86_64\bin\zip.dll
Event: 0.300 Loaded shared library C:\Users\RAKESH\.cursor\extensions\redhat.java-1.47.0-win32-x64\jre\21.0.8-win32-x86_64\bin\jimage.dll
Event: 0.424 Loaded shared library c:\Users\RAKESH\.cursor\extensions\redhat.java-1.47.0-win32-x64\jre\21.0.8-win32-x86_64\bin\verify.dll
Event: 13.278 Loaded shared library C:\Users\RAKESH\AppData\Roaming\Cursor\User\globalStorage\redhat.java\1.47.0\config_win\org.eclipse.equinox.launcher\org.eclipse.equinox.launcher.win32.win32.x86_64_1.2.1400.v20250801-0854\eclipse_11916.dll
Event: 34.593 Loaded shared library C:\Users\RAKESH\AppData\Local\Temp\jna--1885044770\jna11685612672280954134.dll

Deoptimization events (20 events):
Event: 2752.616 Thread 0x0000026295d57fa0 DEOPT PACKING pc=0x0000026236cc49d8 sp=0x0000007caacfd5e0
Event: 2752.616 Thread 0x0000026295d57fa0 DEOPT UNPACKING pc=0x0000026235cd3aa2 sp=0x0000007caacfd488 mode 2
Event: 2753.335 Thread 0x0000026295d57fa0 DEOPT PACKING pc=0x00000262308954d3 sp=0x0000007caacfd7f0
Event: 2753.353 Thread 0x0000026295d57fa0 DEOPT UNPACKING pc=0x0000026235cd4242 sp=0x0000007caacfd188 mode 0
Event: 2753.469 Thread 0x000002628a393700 Uncommon trap: trap_request=0xffffffd6 fr.pc=0x0000026236d7056c relative=0x000000000000688c
Event: 2753.469 Thread 0x000002628a393700 Uncommon trap: reason=array_check action=maybe_recompile pc=0x0000026236d7056c method=org.eclipse.jdt.internal.compiler.classfmt.ModuleInfo.readModuleAttribute(I)V @ 1029 c2
Event: 2753.469 Thread 0x000002628a393700 DEOPT PACKING pc=0x0000026236d7056c sp=0x0000007caabfe0f0
Event: 2753.472 Thread 0x000002628a393700 DEOPT UNPACKING pc=0x0000026235cd3aa2 sp=0x0000007caabfe098 mode 2
Event: 2753.472 Thread 0x000002628a393700 Uncommon trap: trap_request=0xffffffd6 fr.pc=0x0000026236d7056c relative=0x000000000000688c
Event: 2753.472 Thread 0x000002628a393700 Uncommon trap: reason=array_check action=maybe_recompile pc=0x0000026236d7056c method=org.eclipse.jdt.internal.compiler.classfmt.ModuleInfo.readModuleAttribute(I)V @ 1029 c2
Event: 2753.472 Thread 0x000002628a393700 DEOPT PACKING pc=0x0000026236d7056c sp=0x0000007caabfe0f0
Event: 2753.472 Thread 0x000002628a393700 DEOPT UNPACKING pc=0x0000026235cd3aa2 sp=0x0000007caabfe098 mode 2
Event: 2753.472 Thread 0x000002628a393700 Uncommon trap: trap_request=0xffffffd6 fr.pc=0x0000026236d7056c relative=0x000000000000688c
Event: 2753.472 Thread 0x000002628a393700 Uncommon trap: reason=array_check action=maybe_recompile pc=0x0000026236d7056c method=org.eclipse.jdt.internal.compiler.classfmt.ModuleInfo.readModuleAttribute(I)V @ 1029 c2
Event: 2753.472 Thread 0x000002628a393700 DEOPT PACKING pc=0x0000026236d7056c sp=0x0000007caabfe0f0
Event: 2753.472 Thread 0x000002628a393700 DEOPT UNPACKING pc=0x0000026235cd3aa2 sp=0x0000007caabfe098 mode 2
Event: 2753.472 Thread 0x000002628a393700 Uncommon trap: trap_request=0xffffffd6 fr.pc=0x0000026236d7056c relative=0x000000000000688c
Event: 2753.472 Thread 0x000002628a393700 Uncommon trap: reason=array_check action=maybe_recompile pc=0x0000026236d7056c method=org.eclipse.jdt.internal.compiler.classfmt.ModuleInfo.readModuleAttribute(I)V @ 1029 c2
Event: 2753.472 Thread 0x000002628a393700 DEOPT PACKING pc=0x0000026236d7056c sp=0x0000007caabfe0f0
Event: 2753.472 Thread 0x000002628a393700 DEOPT UNPACKING pc=0x0000026235cd3aa2 sp=0x0000007caabfe098 mode 2

Classes loaded (20 events):
Event: 67.090 Loading class java/util/concurrent/ArrayBlockingQueue
Event: 67.092 Loading class java/util/concurrent/ArrayBlockingQueue done
Event: 67.128 Loading class java/util/concurrent/ConcurrentHashMap$KeySpliterator
Event: 67.129 Loading class java/util/concurrent/ConcurrentHashMap$KeySpliterator done
Event: 67.749 Loading class java/io/CharArrayWriter
Event: 67.750 Loading class java/io/CharArrayWriter done
Event: 67.760 Loading class java/nio/file/attribute/PosixFileAttributes
Event: 67.761 Loading class java/nio/file/attribute/PosixFileAttributes done
Event: 91.896 Loading class java/nio/BufferMismatch
Event: 91.903 Loading class java/nio/BufferMismatch done
Event: 352.525 Loading class java/util/stream/Nodes$CollectorTask$OfRef
Event: 352.550 Loading class java/util/stream/Nodes$CollectorTask
Event: 352.575 Loading class java/util/stream/Nodes$CollectorTask done
Event: 352.575 Loading class java/util/stream/Nodes$CollectorTask$OfRef done
Event: 352.812 Loading class java/util/function/LongFunction
Event: 352.815 Loading class java/util/function/LongFunction done
Event: 352.822 Loading class java/util/stream/Nodes$ConcNode
Event: 352.830 Loading class java/util/stream/Nodes$AbstractConcNode
Event: 352.839 Loading class java/util/stream/Nodes$AbstractConcNode done
Event: 352.839 Loading class java/util/stream/Nodes$ConcNode done

Classes unloaded (20 events):
Event: 2562.642 Thread 0x0000026284350d70 Unloading class 0x0000026243014800 'java/lang/invoke/LambdaForm$MH+0x0000026243014800'
Event: 2562.643 Thread 0x0000026284350d70 Unloading class 0x000002624300d800 'java/lang/invoke/LambdaForm$MH+0x000002624300d800'
Event: 2562.647 Thread 0x0000026284350d70 Unloading class 0x000002624300d400 'java/lang/invoke/LambdaForm$MH+0x000002624300d400'
Event: 2562.647 Thread 0x0000026284350d70 Unloading class 0x000002624300d000 'java/lang/invoke/LambdaForm$MH+0x000002624300d000'
Event: 2562.647 Thread 0x0000026284350d70 Unloading class 0x000002624300cc00 'java/lang/invoke/LambdaForm$MH+0x000002624300cc00'
Event: 2562.647 Thread 0x0000026284350d70 Unloading class 0x000002624300c800 'java/lang/invoke/LambdaForm$BMH+0x000002624300c800'
Event: 2562.647 Thread 0x0000026284350d70 Unloading class 0x000002624300c000 'java/lang/invoke/LambdaForm$DMH+0x000002624300c000'
Event: 2562.647 Thread 0x0000026284350d70 Unloading class 0x0000026243008c00 'java/lang/invoke/LambdaForm$MH+0x0000026243008c00'
Event: 2562.648 Thread 0x0000026284350d70 Unloading class 0x0000026243008800 'java/lang/invoke/LambdaForm$MH+0x0000026243008800'
Event: 2562.648 Thread 0x0000026284350d70 Unloading class 0x0000026243008400 'java/lang/invoke/LambdaForm$MH+0x0000026243008400'
Event: 2562.649 Thread 0x0000026284350d70 Unloading class 0x0000026243007000 'java/lang/invoke/LambdaForm$MH+0x0000026243007000'
Event: 2562.649 Thread 0x0000026284350d70 Unloading class 0x0000026243006800 'java/lang/invoke/LambdaForm$MH+0x0000026243006800'
Event: 2562.649 Thread 0x0000026284350d70 Unloading class 0x0000026243006400 'java/lang/invoke/LambdaForm$MH+0x0000026243006400'
Event: 2562.649 Thread 0x0000026284350d70 Unloading class 0x0000026243006000 'java/lang/invoke/LambdaForm$MH+0x0000026243006000'
Event: 2562.649 Thread 0x0000026284350d70 Unloading class 0x0000026243005c00 'java/lang/invoke/LambdaForm$BMH+0x0000026243005c00'
Event: 2562.649 Thread 0x0000026284350d70 Unloading class 0x0000026243004800 'java/lang/invoke/LambdaForm$DMH+0x0000026243004800'
Event: 2562.650 Thread 0x0000026284350d70 Unloading class 0x0000026243002400 'java/lang/invoke/LambdaForm$MH+0x0000026243002400'
Event: 2562.650 Thread 0x0000026284350d70 Unloading class 0x0000026243002000 'java/lang/invoke/LambdaForm$MH+0x0000026243002000'
Event: 2562.650 Thread 0x0000026284350d70 Unloading class 0x0000026243001800 'java/lang/invoke/LambdaForm$MH+0x0000026243001800'
Event: 2562.650 Thread 0x0000026284350d70 Unloading class 0x0000026243000400 'java/lang/invoke/LambdaForm$MH+0x0000026243000400'

Classes redefined (0 events):
No events

Internal exceptions (20 events):
Event: 2578.746 Thread 0x000002628bf02f20 Implicit null exception at 0x0000026236887db0 to 0x0000026236888490
Event: 2579.451 Thread 0x000002628bcd3480 Implicit null exception at 0x000002623688a0ca to 0x000002623688a324
Event: 2634.080 Thread 0x000002628a393700 Exception <a 'sun/nio/fs/WindowsException'{0x00000000d561e160}> (0x00000000d561e160) 
thrown [s\src\hotspot\share\prims\jni.cpp, line 520]
Event: 2634.729 Thread 0x000002628a393700 Exception <a 'sun/nio/fs/WindowsException'{0x00000000d56d8ad8}> (0x00000000d56d8ad8) 
thrown [s\src\hotspot\share\prims\jni.cpp, line 520]
Event: 2642.397 Thread 0x000002628a393700 Exception <a 'sun/nio/fs/WindowsException'{0x00000000d5741358}> (0x00000000d5741358) 
thrown [s\src\hotspot\share\prims\jni.cpp, line 520]
Event: 2643.789 Thread 0x000002628a393700 Exception <a 'sun/nio/fs/WindowsException'{0x00000000d570ee70}> (0x00000000d570ee70) 
thrown [s\src\hotspot\share\prims\jni.cpp, line 520]
Event: 2704.480 Thread 0x000002628bf02890 Implicit null exception at 0x0000026236499a0e to 0x0000026236499ab5
Event: 2705.009 Thread 0x000002628bf02890 Exception <a 'sun/nio/fs/WindowsException'{0x00000000d5888338}> (0x00000000d5888338) 
thrown [s\src\hotspot\share\prims\jni.cpp, line 520]
Event: 2705.015 Thread 0x000002628bf02890 Exception <a 'sun/nio/fs/WindowsException'{0x00000000d5888c00}> (0x00000000d5888c00) 
thrown [s\src\hotspot\share\prims\jni.cpp, line 520]
Event: 2705.061 Thread 0x000002628bf02890 Implicit null exception at 0x0000026236361ece to 0x0000026236362818
Event: 2705.120 Thread 0x000002628bf02890 Implicit null exception at 0x0000026236b571b5 to 0x0000026236b5742c
Event: 2705.589 Thread 0x000002628bf02890 Implicit null exception at 0x0000026236aab0b5 to 0x0000026236aab349
Event: 2706.007 Thread 0x000002628bf02890 Exception <a 'java/lang/NoSuchMethodError'{0x00000000d5a1e7d0}: static Lorg/eclipse/m2e/core/internal/lifecyclemapping/model/PluginExecutionMetadata;.<clinit>()V> (0x00000000d5a1e7d0) 
thrown [s\src\hotspot\share\prims\jni.cpp, line 1111]
Event: 2706.052 Thread 0x000002628bf02890 Exception <a 'java/lang/NoSuchMethodError'{0x00000000d5a42170}: static Lorg/eclipse/m2e/core/internal/lifecyclemapping/model/PluginExecutionFilter;.<clinit>()V> (0x00000000d5a42170) 
thrown [s\src\hotspot\share\prims\jni.cpp, line 1111]
Event: 2706.064 Thread 0x000002628bf02890 Exception <a 'java/lang/NoSuchMethodError'{0x00000000d5a57a60}: static Lorg/eclipse/m2e/core/internal/project/registry/MavenProjectFacade$MavenProjectConfiguration;.<clinit>()V> (0x00000000d5a57a60) 
thrown [s\src\hotspot\share\prims\jni.cpp, line 1111]
Event: 2706.073 Thread 0x000002628bf02890 Exception <a 'java/lang/NoSuchMethodError'{0x00000000d5a73e30}: static [J.<clinit>()V> (0x00000000d5a73e30) 
thrown [s\src\hotspot\share\prims\jni.cpp, line 1111]
Event: 2747.685 Thread 0x000002628a393700 Exception <a 'sun/nio/fs/WindowsException'{0x00000000d588ce70}> (0x00000000d588ce70) 
thrown [s\src\hotspot\share\prims\jni.cpp, line 520]
Event: 2749.816 Thread 0x000002628a393700 Exception <a 'sun/nio/fs/WindowsException'{0x00000000d56c3e28}> (0x00000000d56c3e28) 
thrown [s\src\hotspot\share\prims\jni.cpp, line 520]
Event: 2751.622 Thread 0x000002628a393700 Exception <a 'sun/nio/fs/WindowsException'{0x00000000d5970538}> (0x00000000d5970538) 
thrown [s\src\hotspot\share\prims\jni.cpp, line 520]
Event: 2753.260 Thread 0x000002628a393700 Exception <a 'sun/nio/fs/WindowsException'{0x00000000d5600ab0}> (0x00000000d5600ab0) 
thrown [s\src\hotspot\share\prims\jni.cpp, line 520]

ZGC Phase Switch (0 events):
No events

VM Operations (20 events):
Event: 2752.469 Executing VM operation: ParallelGCFailedAllocation (Allocation Failure)
Event: 2752.478 Executing VM operation: ParallelGCFailedAllocation (Allocation Failure) done
Event: 2752.578 Executing VM operation: ParallelGCFailedAllocation (Allocation Failure)
Event: 2752.606 Executing VM operation: ParallelGCFailedAllocation (Allocation Failure) done
Event: 2752.735 Executing VM operation: ParallelGCFailedAllocation (Allocation Failure)
Event: 2752.777 Executing VM operation: ParallelGCFailedAllocation (Allocation Failure) done
Event: 2752.854 Executing VM operation: ParallelGCFailedAllocation (Allocation Failure)
Event: 2752.957 Executing VM operation: ParallelGCFailedAllocation (Allocation Failure) done
Event: 2752.985 Executing VM operation: ParallelGCFailedAllocation (Allocation Failure)
Event: 2753.011 Executing VM operation: ParallelGCFailedAllocation (Allocation Failure) done
Event: 2753.092 Executing VM operation: ParallelGCFailedAllocation (Allocation Failure)
Event: 2753.172 Executing VM operation: ParallelGCFailedAllocation (Allocation Failure) done
Event: 2753.921 Executing VM operation: ParallelGCFailedAllocation (Allocation Failure)
Event: 2754.319 Executing VM operation: ParallelGCFailedAllocation (Allocation Failure) done
Event: 2755.320 Executing VM operation: Cleanup
Event: 2755.382 Executing VM operation: Cleanup done
Event: 2756.384 Executing VM operation: Cleanup
Event: 2756.384 Executing VM operation: Cleanup done
Event: 2756.888 Executing VM operation: ParallelGCFailedAllocation (Allocation Failure)
Event: 2757.663 Executing VM operation: ParallelGCFailedAllocation (Allocation Failure) done

Memory protections (0 events):
No events

Nmethod flushes (20 events):
Event: 2571.987 Thread 0x0000026284350d70 flushing  nmethod 0x000002622f712b10
Event: 2571.987 Thread 0x0000026284350d70 flushing  nmethod 0x000002622f717b10
Event: 2571.988 Thread 0x0000026284350d70 flushing  nmethod 0x000002622f732990
Event: 2571.989 Thread 0x0000026284350d70 flushing  nmethod 0x000002622f738710
Event: 2571.989 Thread 0x0000026284350d70 flushing  nmethod 0x000002622f73ad90
Event: 2571.989 Thread 0x0000026284350d70 flushing  nmethod 0x000002622f747c10
Event: 2571.989 Thread 0x0000026284350d70 flushing  nmethod 0x000002622f748110
Event: 2571.989 Thread 0x0000026284350d70 flushing  nmethod 0x000002622f748e10
Event: 2571.990 Thread 0x0000026284350d70 flushing osr nmethod 0x000002622f753e90
Event: 2571.991 Thread 0x0000026284350d70 flushing  nmethod 0x000002622f796a10
Event: 2571.991 Thread 0x0000026284350d70 flushing  nmethod 0x000002622f7a0210
Event: 2571.991 Thread 0x0000026284350d70 flushing  nmethod 0x000002622f7b1610
Event: 2571.991 Thread 0x0000026284350d70 flushing  nmethod 0x000002622f7b1b10
Event: 2571.992 Thread 0x0000026284350d70 flushing  nmethod 0x000002622f7b2190
Event: 2571.992 Thread 0x0000026284350d70 flushing  nmethod 0x000002622f7b2810
Event: 2571.992 Thread 0x0000026284350d70 flushing  nmethod 0x000002622f7b3910
Event: 2571.992 Thread 0x0000026284350d70 flushing  nmethod 0x000002622f7dd510
Event: 2571.993 Thread 0x0000026284350d70 flushing  nmethod 0x00000262300b8710
Event: 2571.994 Thread 0x0000026284350d70 flushing  nmethod 0x00000262300ed810
Event: 2571.994 Thread 0x0000026284350d70 flushing  nmethod 0x00000262300efe10

Events (20 events):
Event: 2633.372 Thread 0x000002628436a020 Thread added: 0x000002628bb299e0
Event: 2633.663 Thread 0x000002628bb299e0 Thread exited: 0x000002628bb299e0
Event: 2633.841 Thread 0x000002628436a020 Thread added: 0x000002628bb2b520
Event: 2641.607 Thread 0x000002628bb2b520 Thread exited: 0x000002628bb2b520
Event: 2702.682 Thread 0x000002628bbfd4f0 Thread exited: 0x000002628bbfd4f0
Event: 2702.803 Thread 0x000002628bf05680 Thread exited: 0x000002628bf05680
Event: 2704.124 Thread 0x000002628bf02f20 Thread exited: 0x000002628bf02f20
Event: 2704.636 Thread 0x000002628bf02890 Thread added: 0x000002628bbfe210
Event: 2704.665 Thread 0x000002628bbfe210 Thread exited: 0x000002628bbfe210
Event: 2705.043 Thread 0x000002628bf02890 Thread added: 0x000002628bc002e0
Event: 2705.049 Thread 0x000002628bc002e0 Thread exited: 0x000002628bc002e0
Event: 2705.868 Thread 0x0000026295d5c7d0 Thread exited: 0x0000026295d5c7d0
Event: 2705.868 Thread 0x0000026295d5ef30 Thread exited: 0x0000026295d5ef30
Event: 2706.202 Thread 0x000002628bf014e0 Thread exited: 0x000002628bf014e0
Event: 2747.349 Thread 0x000002628bf04ff0 Thread exited: 0x000002628bf04ff0
Event: 2747.767 Thread 0x000002628bf02890 Thread added: 0x000002628bc002e0
Event: 2749.773 Thread 0x000002628bf02890 Thread added: 0x000002628bc00970
Event: 2751.469 Thread 0x000002628a395140 Thread added: 0x000002628bbfd4f0
Event: 2751.560 Thread 0x000002628bf02890 Thread added: 0x000002628bbfe210
Event: 2754.609 Thread 0x000002628bc002e0 Thread added: 0x000002628bc03760


Dynamic libraries:
0x00007ff675a40000 - 0x00007ff675a4e000 	c:\Users\RAKESH\.cursor\extensions\redhat.java-1.47.0-win32-x64\jre\21.0.8-win32-x86_64\bin\java.exe
0x00007ffecf1e0000 - 0x00007ffecf448000 	C:\Windows\SYSTEM32\ntdll.dll
0x00007ffecdc80000 - 0x00007ffecdd49000 	C:\Windows\System32\KERNEL32.DLL
0x00007ffecc5d0000 - 0x00007ffecc9c8000 	C:\Windows\System32\KERNELBASE.dll
0x00007ffecc330000 - 0x00007ffecc47b000 	C:\Windows\System32\ucrtbase.dll
0x00007ffec7410000 - 0x00007ffec7428000 	c:\Users\RAKESH\.cursor\extensions\redhat.java-1.47.0-win32-x64\jre\21.0.8-win32-x86_64\bin\jli.dll
0x00007ffec6350000 - 0x00007ffec636e000 	c:\Users\RAKESH\.cursor\extensions\redhat.java-1.47.0-win32-x64\jre\21.0.8-win32-x86_64\bin\VCRUNTIME140.dll
0x00007ffecd000000 - 0x00007ffecd1c7000 	C:\Windows\System32\USER32.dll
0x00007ffeccc00000 - 0x00007ffeccc27000 	C:\Windows\System32\win32u.dll
0x00007ffecd270000 - 0x00007ffecd29b000 	C:\Windows\System32\GDI32.dll
0x00007ffecce50000 - 0x00007ffeccf7c000 	C:\Windows\System32\gdi32full.dll
0x00007ffecc9d0000 - 0x00007ffecca73000 	C:\Windows\System32\msvcp_win.dll
0x00007ffeb4c90000 - 0x00007ffeb4f24000 	C:\Windows\WinSxS\amd64_microsoft.windows.common-controls_6595b64144ccf1df_6.0.26100.7019_none_3e06ffa0e335b8a8\COMCTL32.dll
0x00007ffece1e0000 - 0x00007ffece289000 	C:\Windows\System32\msvcrt.dll
0x00007ffece020000 - 0x00007ffece051000 	C:\Windows\System32\IMM32.DLL
0x00007ffec7440000 - 0x00007ffec744c000 	c:\Users\RAKESH\.cursor\extensions\redhat.java-1.47.0-win32-x64\jre\21.0.8-win32-x86_64\bin\vcruntime140_1.dll
0x00007ffeb8de0000 - 0x00007ffeb8e6d000 	c:\Users\RAKESH\.cursor\extensions\redhat.java-1.47.0-win32-x64\jre\21.0.8-win32-x86_64\bin\msvcp140.dll
0x00007ffe526a0000 - 0x00007ffe53437000 	c:\Users\RAKESH\.cursor\extensions\redhat.java-1.47.0-win32-x64\jre\21.0.8-win32-x86_64\bin\server\jvm.dll
0x00007ffece880000 - 0x00007ffece934000 	C:\Windows\System32\ADVAPI32.dll
0x00007ffece7d0000 - 0x00007ffece876000 	C:\Windows\System32\sechost.dll
0x00007ffece6b0000 - 0x00007ffece7c8000 	C:\Windows\System32\RPCRT4.dll
0x00007ffeccf80000 - 0x00007ffeccff4000 	C:\Windows\System32\WS2_32.dll
0x00007ffec4aa0000 - 0x00007ffec4ad5000 	C:\Windows\SYSTEM32\WINMM.dll
0x00007ffec4e80000 - 0x00007ffec4e8b000 	C:\Windows\SYSTEM32\VERSION.dll
0x00007ffecbff0000 - 0x00007ffecc04e000 	C:\Windows\SYSTEM32\POWRPROF.dll
0x00007ffecbfd0000 - 0x00007ffecbfe4000 	C:\Windows\SYSTEM32\UMPDC.dll
0x00007ffecb0f0000 - 0x00007ffecb10b000 	C:\Windows\SYSTEM32\kernel.appcore.dll
0x00007ffec7400000 - 0x00007ffec740a000 	c:\Users\RAKESH\.cursor\extensions\redhat.java-1.47.0-win32-x64\jre\21.0.8-win32-x86_64\bin\jimage.dll
0x00007ffe811e0000 - 0x00007ffe81422000 	C:\Windows\SYSTEM32\DBGHELP.DLL
0x00007ffece290000 - 0x00007ffece61b000 	C:\Windows\System32\combase.dll
0x00007ffecda10000 - 0x00007ffecdae7000 	C:\Windows\System32\OLEAUT32.dll
0x00007ffeb0f30000 - 0x00007ffeb0f6c000 	C:\Windows\SYSTEM32\dbgcore.DLL
0x00007ffeccda0000 - 0x00007ffecce45000 	C:\Windows\System32\bcryptPrimitives.dll
0x00007ffec7340000 - 0x00007ffec734f000 	c:\Users\RAKESH\.cursor\extensions\redhat.java-1.47.0-win32-x64\jre\21.0.8-win32-x86_64\bin\instrument.dll
0x00007ffec61d0000 - 0x00007ffec61ef000 	c:\Users\RAKESH\.cursor\extensions\redhat.java-1.47.0-win32-x64\jre\21.0.8-win32-x86_64\bin\java.dll
0x00007ffece940000 - 0x00007ffecf091000 	C:\Windows\System32\SHELL32.dll
0x00007ffeccc30000 - 0x00007ffeccd9b000 	C:\Windows\System32\wintypes.dll
0x00007ffec9f70000 - 0x00007ffeca7cd000 	C:\Windows\SYSTEM32\windows.storage.dll
0x00007ffecf0a0000 - 0x00007ffecf192000 	C:\Windows\System32\SHCORE.dll
0x00007ffecdd50000 - 0x00007ffecddb7000 	C:\Windows\System32\shlwapi.dll
0x00007ffecc250000 - 0x00007ffecc279000 	C:\Windows\SYSTEM32\profapi.dll
0x00007ffec6330000 - 0x00007ffec6348000 	c:\Users\RAKESH\.cursor\extensions\redhat.java-1.47.0-win32-x64\jre\21.0.8-win32-x86_64\bin\zip.dll
0x00007ffec65b0000 - 0x00007ffec65c0000 	C:\Users\RAKESH\.cursor\extensions\redhat.java-1.47.0-win32-x64\jre\21.0.8-win32-x86_64\bin\net.dll
0x00007ffec51a0000 - 0x00007ffec52c8000 	C:\Windows\SYSTEM32\WINHTTP.dll
0x00007ffecb660000 - 0x00007ffecb6cb000 	C:\Windows\system32\mswsock.dll
0x00007ffec6310000 - 0x00007ffec6326000 	C:\Users\RAKESH\.cursor\extensions\redhat.java-1.47.0-win32-x64\jre\21.0.8-win32-x86_64\bin\nio.dll
0x00007ffec6580000 - 0x00007ffec6590000 	c:\Users\RAKESH\.cursor\extensions\redhat.java-1.47.0-win32-x64\jre\21.0.8-win32-x86_64\bin\verify.dll
0x00007ffeb13e0000 - 0x00007ffeb1424000 	C:\Users\RAKESH\AppData\Roaming\Cursor\User\globalStorage\redhat.java\1.47.0\config_win\org.eclipse.equinox.launcher\org.eclipse.equinox.launcher.win32.win32.x86_64_1.2.1400.v20250801-0854\eclipse_11916.dll
0x00007ffecd870000 - 0x00007ffecda07000 	C:\Windows\System32\ole32.dll
0x00007ffecb920000 - 0x00007ffecb93b000 	C:\Windows\SYSTEM32\CRYPTSP.dll
0x00007ffecb050000 - 0x00007ffecb08a000 	C:\Windows\system32\rsaenh.dll
0x00007ffecb710000 - 0x00007ffecb73b000 	C:\Windows\SYSTEM32\USERENV.dll
0x00007ffecc220000 - 0x00007ffecc24a000 	C:\Windows\SYSTEM32\bcrypt.dll
0x00007ffecb940000 - 0x00007ffecb94c000 	C:\Windows\SYSTEM32\CRYPTBASE.dll
0x00007ffecab50000 - 0x00007ffecab84000 	C:\Windows\SYSTEM32\IPHLPAPI.DLL
0x00007ffecdaf0000 - 0x00007ffecdafa000 	C:\Windows\System32\NSI.dll
0x00007ffea10d0000 - 0x00007ffea1119000 	C:\Users\RAKESH\AppData\Local\Temp\jna--1885044770\jna11685612672280954134.dll
0x00007ffece060000 - 0x00007ffece068000 	C:\Windows\System32\PSAPI.DLL
0x00007ffec6650000 - 0x00007ffec666e000 	C:\Windows\SYSTEM32\dhcpcsvc6.DLL
0x00007ffec6550000 - 0x00007ffec6573000 	C:\Windows\SYSTEM32\dhcpcsvc.DLL

JVMTI agents:
c:\Users\RAKESH\.cursor\extensions\redhat.java-1.47.0-win32-x64\lombok\lombok-1.18.39-4050.jar path:c:\Users\RAKESH\.cursor\extensions\redhat.java-1.47.0-win32-x64\jre\21.0.8-win32-x86_64\bin\instrument.dll, loaded, initialized, instrumentlib options:none

dbghelp: loaded successfully - version: 4.0.5 - missing functions: none
symbol engine: initialized successfully - sym options: 0x614 - pdb path: .;c:\Users\RAKESH\.cursor\extensions\redhat.java-1.47.0-win32-x64\jre\21.0.8-win32-x86_64\bin;C:\Windows\SYSTEM32;C:\Windows\WinSxS\amd64_microsoft.windows.common-controls_6595b64144ccf1df_6.0.26100.7019_none_3e06ffa0e335b8a8;c:\Users\RAKESH\.cursor\extensions\redhat.java-1.47.0-win32-x64\jre\21.0.8-win32-x86_64\bin\server;C:\Users\RAKESH\AppData\Roaming\Cursor\User\globalStorage\redhat.java\1.47.0\config_win\org.eclipse.equinox.launcher\org.eclipse.equinox.launcher.win32.win32.x86_64_1.2.1400.v20250801-0854;C:\Users\RAKESH\AppData\Local\Temp\jna--1885044770

VM Arguments:
jvm_args: --add-modules=ALL-SYSTEM --add-opens=java.base/java.util=ALL-UNNAMED --add-opens=java.base/java.lang=ALL-UNNAMED --add-opens=java.base/sun.nio.fs=ALL-UNNAMED -Declipse.application=org.eclipse.jdt.ls.core.id1 -Dosgi.bundles.defaultStartLevel=4 -Declipse.product=org.eclipse.jdt.ls.core.product -Djava.import.generatesMetadataFilesAtProjectRoot=false -DDetectVMInstallationsJob.disabled=true -Dfile.encoding=utf8 -XX:+UseParallelGC -XX:GCTimeRatio=4 -XX:AdaptiveSizePolicyWeight=90 -Dsun.zip.disableMemoryMapping=true -Xmx2G -Xms100m -Xlog:disable -javaagent:c:\Users\RAKESH\.cursor\extensions\redhat.java-1.47.0-win32-x64\lombok\lombok-1.18.39-4050.jar -XX:+HeapDumpOnOutOfMemoryError -XX:HeapDumpPath=c:\Users\RAKESH\AppData\Roaming\Cursor\User\workspaceStorage\ec12142c00fa8fcacd1d3bcc819101c5\redhat.java -Daether.dependencyCollector.impl=bf 
java_command: c:\Users\RAKESH\.cursor\extensions\redhat.java-1.47.0-win32-x64\server\plugins\org.eclipse.equinox.launcher_1.7.100.v20251014-1222.jar -configuration c:\Users\RAKESH\AppData\Roaming\Cursor\User\globalStorage\redhat.java\1.47.0\config_win -data c:\Users\RAKESH\AppData\Roaming\Cursor\User\workspaceStorage\ec12142c00fa8fcacd1d3bcc819101c5\redhat.java\jdt_ws --pipe=\\.\pipe\lsp-a5b3698064a51e3c976b78781b1e05ab-sock
java_class_path (initial): c:\Users\RAKESH\.cursor\extensions\redhat.java-1.47.0-win32-x64\server\plugins\org.eclipse.equinox.launcher_1.7.100.v20251014-1222.jar
Launcher Type: SUN_STANDARD

[Global flags]
    uintx AdaptiveSizePolicyWeight                 = 90                                        {product} {command line}
     intx CICompilerCount                          = 4                                         {product} {ergonomic}
    uintx GCTimeRatio                              = 4                                         {product} {command line}
     bool HeapDumpOnOutOfMemoryError               = true                                   {manageable} {command line}
    ccstr HeapDumpPath                             = c:\Users\RAKESH\AppData\Roaming\Cursor\User\workspaceStorage\ec12142c00fa8fcacd1d3bcc819101c5\redhat.java         {manageable} {command line}
   size_t InitialHeapSize                          = 104857600                                 {product} {command line}
   size_t MaxHeapSize                              = 2147483648                                {product} {command line}
   size_t MaxNewSize                               = 715653120                                 {product} {ergonomic}
   size_t MinHeapDeltaBytes                        = 524288                                    {product} {ergonomic}
   size_t MinHeapSize                              = 104857600                                 {product} {command line}
   size_t NewSize                                  = 34603008                                  {product} {ergonomic}
    uintx NonNMethodCodeHeapSize                   = 5839372                                {pd product} {ergonomic}
    uintx NonProfiledCodeHeapSize                  = 122909434                              {pd product} {ergonomic}
   size_t OldSize                                  = 70254592                                  {product} {ergonomic}
    uintx ProfiledCodeHeapSize                     = 122909434                              {pd product} {ergonomic}
    uintx ReservedCodeCacheSize                    = 251658240                              {pd product} {ergonomic}
     bool SegmentedCodeCache                       = true                                      {product} {ergonomic}
   size_t SoftMaxHeapSize                          = 2147483648                             {manageable} {ergonomic}
     bool UseCompressedOops                        = true                           {product lp64_product} {ergonomic}
     bool UseLargePagesIndividualAllocation        = false                                  {pd product} {ergonomic}
     bool UseParallelGC                            = true                                      {product} {command line}

Logging:
Log output configuration:
 #0: stdout all=off uptime,level,tags foldmultilines=false
 #1: stderr all=off uptime,level,tags foldmultilines=false

Environment Variables:
JAVA_HOME=C:\Program Files\Java\jdk-17
PATH=C:\Program Files\Common Files\Oracle\Java\javapath;C:\Program Files\Java\jdk-17\bin;C:\Python313\Scripts\;C:\Python313\;C:\Windows\system32;C:\Windows;C:\Windows\System32\Wbem;C:\Windows\System32\WindowsPowerShell\v1.0\;C:\Windows\System32\OpenSSH\;C:\ProgramData\chocolatey\bin;C:\Program Files\nodejs;C:\Program Files\cursor\resources\app\bin;C:\Program Files\Git\cmd;C:\Users\RAKESH\AppData\Local\Microsoft\WindowsApps;C:\Users\RAKESH\AppData\Local\Programs\Microsoft VS Code\bin;C:\Users\RAKESH\AppData\Roaming\npm;C:\Users\RAKESH\AppData\Local\Programs\Windsurf\bin;C:\Program Files\Apache\Maven\apache-maven-3.9.11\bin;C:\Program Files\Git\bin;C:\Program Files\JetBrains\IntelliJ IDEA 2025.2.3\bin
USERNAME=RAKESH
OS=Windows_NT
PROCESSOR_IDENTIFIER=AMD64 Family 23 Model 104 Stepping 1, AuthenticAMD
TMP=C:\Users\RAKESH\AppData\Local\Temp
TEMP=C:\Users\RAKESH\AppData\Local\Temp




Periodic native trim disabled

---------------  S Y S T E M  ---------------

OS:
 Windows 11 , 64 bit Build 26100 (10.0.26100.7019)
OS uptime: 1 days 3:47 hours

CPU: total 12 (initial active 12) (12 cores per cpu, 2 threads per core) family 23 model 104 stepping 1 microcode 0x8608109, cx8, cmov, fxsr, ht, mmx, 3dnowpref, sse, sse2, sse3, ssse3, sse4a, sse4.1, sse4.2, popcnt, lzcnt, tsc, tscinvbit, avx, avx2, aes, clmul, bmi1, bmi2, adx, sha, fma, vzeroupper, clflush, clflushopt, rdtscp, rdpid, f16c
Processor Information for the first 12 processors :
  Max Mhz: 2100, Current Mhz: 2100, Mhz Limit: 2100

Memory: 4k page, system-wide physical 3405M (146M free)
TotalPageFile size 13645M (AvailPageFile size 145M)
current process WorkingSet (physical memory assigned to process): 188M, peak: 332M
current process commit charge ("private bytes"): 799M, peak: 812M

vm_info: OpenJDK 64-Bit Server VM (21.0.8+9-LTS) for windows-amd64 JRE (21.0.8+9-LTS), built on 2025-07-15T00:00:00Z by "admin" with MS VC++ 17.7 (VS2022)

END.
