#
# There is insufficient memory for the Java Runtime Environment to continue.
# Native memory allocation (malloc) failed to allocate 1642272 bytes for Chunk::new
# Possible reasons:
#   The system is out of physical RAM or swap space
#   The process is running with CompressedOops enabled, and the Java Heap may be blocking the growth of the native heap
# Possible solutions:
#   Reduce memory load on the system
#   Increase physical memory or swap space
#   Check if swap backing store is full
#   Decrease Java heap size (-Xmx/-Xms)
#   Decrease number of Java threads
#   Decrease Java thread stack sizes (-Xss)
#   Set larger code cache with -XX:ReservedCodeCacheSize=
#   JVM is running with Unscaled Compressed Oops mode in which the Java heap is
#     placed in the first 4GB address space. The Java Heap base address is the
#     maximum limit for the native heap growth. Please use -XX:HeapBaseMinAddress
#     to set the Java Heap base and to place the Java Heap above 4GB virtual address.
# This output file may be truncated or incomplete.
#
#  Out of Memory Error (arena.cpp:189), pid=6352, tid=2828
#
# JRE version: Java(TM) SE Runtime Environment (17.0.12+8) (build 17.0.12+8-LTS-286)
# Java VM: Java HotSpot(TM) 64-Bit Server VM (17.0.12+8-LTS-286, mixed mode, sharing, tiered, compressed oops, compressed class ptrs, g1 gc, windows-amd64)
# No core dump will be written. Minidumps are not enabled by default on client versions of Windows
#

---------------  S U M M A R Y ------------

Command Line: -javaagent:C:\Program Files\JetBrains\IntelliJ IDEA 2025.2.3\lib\idea_rt.jar=58437 -Dfile.encoding=UTF-8 com.scb.axessspringboottraining.AxessSpringbootTrainingApplication

Host: AMD Ryzen 5 5500U with Radeon Graphics         , 12 cores, 3G,  Windows 11 , 64 bit Build 26100 (10.0.26100.7019)
Time: Wed Oct 29 23:43:54 2025 India Standard Time elapsed time: 488.081002 seconds (0d 0h 8m 8s)

---------------  T H R E A D  ---------------

Current thread (0x00000188807d7220):  JavaThread "C2 CompilerThread0" daemon [_thread_in_native, id=2828, stack(0x0000000950e00000,0x0000000950f00000)]


Current CompileTask:
C2: 488082 9119       4       org.antlr.v4.runtime.atn.PredictionContext::mergeSingletons (392 bytes)

Stack: [0x0000000950e00000,0x0000000950f00000]
Native frames: (J=compiled Java code, j=interpreted, Vv=VM code, C=native code)
V  [jvm.dll+0x67a04a]
V  [jvm.dll+0x7da4ed]
V  [jvm.dll+0x7dbe33]
V  [jvm.dll+0x7dc4a3]
V  [jvm.dll+0x24508f]
V  [jvm.dll+0xab773]
V  [jvm.dll+0xabd3c]
V  [jvm.dll+0x361bee]
V  [jvm.dll+0x32c431]
V  [jvm.dll+0x32b8ca]
V  [jvm.dll+0x21683f]
V  [jvm.dll+0x215c6f]
V  [jvm.dll+0x1a2960]
V  [jvm.dll+0x22610b]
V  [jvm.dll+0x2242ab]
V  [jvm.dll+0x79075c]
V  [jvm.dll+0x78abea]
V  [jvm.dll+0x678f35]
C  [ucrtbase.dll+0x37b0]
C  [KERNEL32.DLL+0x2e8d7]
C  [ntdll.dll+0x8c53c]


---------------  P R O C E S S  ---------------

Threads class SMR info:
_java_thread_list=0x00000188c959a310, length=32, elements={
0x00000188807b3e50, 0x00000188807b64a0, 0x00000188807ca4e0, 0x00000188807caea0,
0x00000188807cc3d0, 0x00000188807ccd90, 0x00000188807d7220, 0x00000188807da2f0,
0x00000188807dacf0, 0x00000188809f6d30, 0x00000188c61d83a0, 0x0000018880d9e2d0,
0x00000188c6fb1cf0, 0x00000188c6fb3130, 0x00000188c6fb3640, 0x00000188c6fb2710,
0x00000188c6fb0dc0, 0x00000188c6fb2200, 0x00000188c71b2550, 0x00000188c71b2a60,
0x00000188c71b2f70, 0x00000188c71b2040, 0x00000188c71b1b30, 0x00000188c71b3480,
0x00000188c71b3990, 0x00000188c71b3ea0, 0x00000188c71b43b0, 0x00000188c71b4dd0,
0x00000188c71b48c0, 0x00000188c71b1620, 0x00000188c71b8070, 0x00000188c71b7b60
}

Java Threads: ( => current thread )
  0x00000188807b3e50 JavaThread "Reference Handler" daemon [_thread_blocked, id=6888, stack(0x0000000950800000,0x0000000950900000)]
  0x00000188807b64a0 JavaThread "Finalizer" daemon [_thread_blocked, id=11460, stack(0x0000000950900000,0x0000000950a00000)]
  0x00000188807ca4e0 JavaThread "Signal Dispatcher" daemon [_thread_blocked, id=12928, stack(0x0000000950a00000,0x0000000950b00000)]
  0x00000188807caea0 JavaThread "Attach Listener" daemon [_thread_blocked, id=10912, stack(0x0000000950b00000,0x0000000950c00000)]
  0x00000188807cc3d0 JavaThread "Service Thread" daemon [_thread_blocked, id=3132, stack(0x0000000950c00000,0x0000000950d00000)]
  0x00000188807ccd90 JavaThread "Monitor Deflation Thread" daemon [_thread_blocked, id=12884, stack(0x0000000950d00000,0x0000000950e00000)]
=>0x00000188807d7220 JavaThread "C2 CompilerThread0" daemon [_thread_in_native, id=2828, stack(0x0000000950e00000,0x0000000950f00000)]
  0x00000188807da2f0 JavaThread "C1 CompilerThread0" daemon [_thread_blocked, id=10488, stack(0x0000000950f00000,0x0000000951000000)]
  0x00000188807dacf0 JavaThread "Sweeper thread" daemon [_thread_blocked, id=14088, stack(0x0000000951000000,0x0000000951100000)]
  0x00000188809f6d30 JavaThread "Common-Cleaner" daemon [_thread_blocked, id=1952, stack(0x0000000951100000,0x0000000951200000)]
  0x00000188c61d83a0 JavaThread "Monitor Ctrl-Break" daemon [_thread_in_native, id=3816, stack(0x0000000951200000,0x0000000951300000)]
  0x0000018880d9e2d0 JavaThread "Notification Thread" daemon [_thread_blocked, id=11120, stack(0x0000000951300000,0x0000000951400000)]
  0x00000188c6fb1cf0 JavaThread "PostgreSQL-JDBC-Cleaner" daemon [_thread_blocked, id=13116, stack(0x0000000952400000,0x0000000952500000)]
  0x00000188c6fb3130 JavaThread "HikariPool-1 housekeeper" daemon [_thread_blocked, id=8188, stack(0x0000000952500000,0x0000000952600000)]
  0x00000188c6fb3640 JavaThread "Catalina-utility-1" [_thread_blocked, id=7148, stack(0x0000000951d00000,0x0000000951e00000)]
  0x00000188c6fb2710 JavaThread "Catalina-utility-2" [_thread_blocked, id=300, stack(0x0000000952700000,0x0000000952800000)]
  0x00000188c6fb0dc0 JavaThread "container-0" [_thread_blocked, id=12792, stack(0x0000000952800000,0x0000000952900000)]
  0x00000188c6fb2200 JavaThread "File Watcher" daemon [_thread_blocked, id=2500, stack(0x0000000952600000,0x0000000952700000)]
  0x00000188c71b2550 JavaThread "Live Reload Server" daemon [_thread_in_native, id=11968, stack(0x0000000952a00000,0x0000000952b00000)]
  0x00000188c71b2a60 JavaThread "http-nio-8080-exec-1" daemon [_thread_blocked, id=5336, stack(0x0000000952900000,0x0000000952a00000)]
  0x00000188c71b2f70 JavaThread "http-nio-8080-exec-2" daemon [_thread_blocked, id=6248, stack(0x0000000952b00000,0x0000000952c00000)]
  0x00000188c71b2040 JavaThread "http-nio-8080-exec-3" daemon [_thread_blocked, id=12996, stack(0x0000000952c00000,0x0000000952d00000)]
  0x00000188c71b1b30 JavaThread "http-nio-8080-exec-4" daemon [_thread_blocked, id=12304, stack(0x0000000952d00000,0x0000000952e00000)]
  0x00000188c71b3480 JavaThread "http-nio-8080-exec-5" daemon [_thread_blocked, id=12920, stack(0x0000000952e00000,0x0000000952f00000)]
  0x00000188c71b3990 JavaThread "http-nio-8080-exec-6" daemon [_thread_blocked, id=5924, stack(0x0000000952f00000,0x0000000953000000)]
  0x00000188c71b3ea0 JavaThread "http-nio-8080-exec-7" daemon [_thread_blocked, id=4412, stack(0x0000000953000000,0x0000000953100000)]
  0x00000188c71b43b0 JavaThread "http-nio-8080-exec-8" daemon [_thread_blocked, id=13852, stack(0x0000000953100000,0x0000000953200000)]
  0x00000188c71b4dd0 JavaThread "http-nio-8080-exec-9" daemon [_thread_blocked, id=7320, stack(0x0000000953200000,0x0000000953300000)]
  0x00000188c71b48c0 JavaThread "http-nio-8080-exec-10" daemon [_thread_blocked, id=6012, stack(0x0000000953300000,0x0000000953400000)]
  0x00000188c71b1620 JavaThread "http-nio-8080-Poller" daemon [_thread_in_native, id=10696, stack(0x0000000953400000,0x0000000953500000)]
  0x00000188c71b8070 JavaThread "http-nio-8080-Acceptor" daemon [_thread_in_native, id=13604, stack(0x0000000953500000,0x0000000953600000)]
  0x00000188c71b7b60 JavaThread "DestroyJavaVM" [_thread_blocked, id=2364, stack(0x0000000950100000,0x0000000950200000)]

Other Threads:
  0x00000188e4e4e7a0 VMThread "VM Thread" [stack: 0x0000000950700000,0x0000000950800000] [id=11432]
  0x00000188e4dd7220 WatcherThread [stack: 0x0000000951400000,0x0000000951500000] [id=8052]
  0x00000188e4dc61a0 GCTaskThread "GC Thread#0" [stack: 0x0000000950200000,0x0000000950300000] [id=14188]
  0x00000188c6763440 GCTaskThread "GC Thread#1" [stack: 0x0000000951700000,0x0000000951800000] [id=13224]
  0x00000188c6769720 GCTaskThread "GC Thread#2" [stack: 0x0000000951800000,0x0000000951900000] [id=10768]
  0x00000188c676b9f0 GCTaskThread "GC Thread#3" [stack: 0x0000000951900000,0x0000000951a00000] [id=11384]
  0x00000188c676bcb0 GCTaskThread "GC Thread#4" [stack: 0x0000000951a00000,0x0000000951b00000] [id=2720]
  0x00000188c676bf70 GCTaskThread "GC Thread#5" [stack: 0x0000000951b00000,0x0000000951c00000] [id=13440]
  0x00000188c6ea3370 GCTaskThread "GC Thread#6" [stack: 0x0000000951e00000,0x0000000951f00000] [id=10100]
  0x00000188c68a8490 GCTaskThread "GC Thread#7" [stack: 0x0000000951f00000,0x0000000952000000] [id=5752]
  0x00000188c760fb20 GCTaskThread "GC Thread#8" [stack: 0x0000000952000000,0x0000000952100000] [id=9864]
  0x00000188c6c98990 GCTaskThread "GC Thread#9" [stack: 0x0000000952100000,0x0000000952200000] [id=14248]
  0x00000188e4dceb80 ConcurrentGCThread "G1 Main Marker" [stack: 0x0000000950300000,0x0000000950400000] [id=3180]
  0x00000188e4dd0260 ConcurrentGCThread "G1 Conc#0" [stack: 0x0000000950400000,0x0000000950500000] [id=13612]
  0x00000188c6e05520 ConcurrentGCThread "G1 Conc#1" [stack: 0x0000000951c00000,0x0000000951d00000] [id=14092]
  0x00000188c7d0c170 ConcurrentGCThread "G1 Conc#2" [stack: 0x0000000952200000,0x0000000952300000] [id=13376]
  0x00000188e4e2d4c0 ConcurrentGCThread "G1 Refine#0" [stack: 0x0000000950500000,0x0000000950600000] [id=13448]
  0x00000188e4e2eda0 ConcurrentGCThread "G1 Service" [stack: 0x0000000950600000,0x0000000950700000] [id=9360]

Threads with active compile tasks:
C2 CompilerThread0   488122 9119       4       org.antlr.v4.runtime.atn.PredictionContext::mergeSingletons (392 bytes)

VM state: not at safepoint (normal execution)

VM Mutex/Monitor currently owned by a thread: None

Heap address: 0x00000000cac00000, size: 852 MB, Compressed Oops mode: 32-bit

CDS archive(s) mapped at: [0x0000018881000000-0x0000018881bd0000-0x0000018881bd0000), size 12386304, SharedBaseAddress: 0x0000018881000000, ArchiveRelocationMode: 1.
Compressed class space mapped at: 0x0000018882000000-0x00000188c2000000, reserved size: 1073741824
Narrow klass base: 0x0000018881000000, Narrow klass shift: 0, Narrow klass range: 0x100000000

GC Precious Log:
 CPUs: 12 total, 12 available
 Memory: 3405M
 Large Page Support: Disabled
 NUMA Support: Disabled
 Compressed Oops: Enabled (32-bit)
 Heap Region Size: 1M
 Heap Min Capacity: 8M
 Heap Initial Capacity: 54M
 Heap Max Capacity: 852M
 Pre-touch: Disabled
 Parallel Workers: 10
 Concurrent Workers: 3
 Concurrent Refinement Workers: 10
 Periodic GC: Disabled

Heap:
 garbage-first heap   total 79872K, used 42827K [0x00000000cac00000, 0x0000000100000000)
  region size 1024K, 5 young (5120K), 1 survivors (1024K)
 Metaspace       used 78055K, committed 78720K, reserved 1179648K
  class space    used 10754K, committed 11072K, reserved 1048576K

Heap Regions: E=young(eden), S=young(survivor), O=old, HS=humongous(starts), HC=humongous(continues), CS=collection set, F=free, OA=open archive, CA=closed archive, TAMS=top-at-mark-start (previous, next)
|   0|0x00000000cac00000, 0x00000000cad00000, 0x00000000cad00000|100%|HS|  |TAMS 0x00000000cad00000, 0x00000000cac00000| Complete 
|   1|0x00000000cad00000, 0x00000000cae00000, 0x00000000cae00000|100%| O|  |TAMS 0x00000000cae00000, 0x00000000cad00000| Untracked 
|   2|0x00000000cae00000, 0x00000000caf00000, 0x00000000caf00000|100%| O|  |TAMS 0x00000000caf00000, 0x00000000cae00000| Untracked 
|   3|0x00000000caf00000, 0x00000000cb000000, 0x00000000cb000000|100%| O|  |TAMS 0x00000000cb000000, 0x00000000caf00000| Untracked 
|   4|0x00000000cb000000, 0x00000000cb100000, 0x00000000cb100000|100%| O|  |TAMS 0x00000000cb100000, 0x00000000cb000000| Untracked 
|   5|0x00000000cb100000, 0x00000000cb200000, 0x00000000cb200000|100%| O|  |TAMS 0x00000000cb200000, 0x00000000cb100000| Untracked 
|   6|0x00000000cb200000, 0x00000000cb300000, 0x00000000cb300000|100%| O|  |TAMS 0x00000000cb300000, 0x00000000cb200000| Untracked 
|   7|0x00000000cb300000, 0x00000000cb400000, 0x00000000cb400000|100%| O|  |TAMS 0x00000000cb400000, 0x00000000cb300000| Untracked 
|   8|0x00000000cb400000, 0x00000000cb500000, 0x00000000cb500000|100%| O|  |TAMS 0x00000000cb500000, 0x00000000cb400000| Untracked 
|   9|0x00000000cb500000, 0x00000000cb600000, 0x00000000cb600000|100%| O|  |TAMS 0x00000000cb600000, 0x00000000cb500000| Untracked 
|  10|0x00000000cb600000, 0x00000000cb600000, 0x00000000cb700000|  0%| F|  |TAMS 0x00000000cb600000, 0x00000000cb600000| Untracked 
|  11|0x00000000cb700000, 0x00000000cb800000, 0x00000000cb800000|100%| O|  |TAMS 0x00000000cb700000, 0x00000000cb700000| Untracked 
|  12|0x00000000cb800000, 0x00000000cb900000, 0x00000000cb900000|100%| O|  |TAMS 0x00000000cb900000, 0x00000000cb800000| Untracked 
|  13|0x00000000cb900000, 0x00000000cba00000, 0x00000000cba00000|100%| O|  |TAMS 0x00000000cba00000, 0x00000000cb900000| Untracked 
|  14|0x00000000cba00000, 0x00000000cbb00000, 0x00000000cbb00000|100%| O|  |TAMS 0x00000000cbb00000, 0x00000000cba00000| Untracked 
|  15|0x00000000cbb00000, 0x00000000cbc00000, 0x00000000cbc00000|100%| O|  |TAMS 0x00000000cbc00000, 0x00000000cbb00000| Untracked 
|  16|0x00000000cbc00000, 0x00000000cbd00000, 0x00000000cbd00000|100%| O|  |TAMS 0x00000000cbd00000, 0x00000000cbc00000| Untracked 
|  17|0x00000000cbd00000, 0x00000000cbe00000, 0x00000000cbe00000|100%| O|  |TAMS 0x00000000cbe00000, 0x00000000cbd00000| Untracked 
|  18|0x00000000cbe00000, 0x00000000cbf00000, 0x00000000cbf00000|100%| O|  |TAMS 0x00000000cbf00000, 0x00000000cbe00000| Untracked 
|  19|0x00000000cbf00000, 0x00000000cc000000, 0x00000000cc000000|100%| O|  |TAMS 0x00000000cc000000, 0x00000000cbf00000| Untracked 
|  20|0x00000000cc000000, 0x00000000cc100000, 0x00000000cc100000|100%| O|  |TAMS 0x00000000cc100000, 0x00000000cc000000| Untracked 
|  21|0x00000000cc100000, 0x00000000cc200000, 0x00000000cc200000|100%| O|  |TAMS 0x00000000cc200000, 0x00000000cc100000| Untracked 
|  22|0x00000000cc200000, 0x00000000cc300000, 0x00000000cc300000|100%| O|  |TAMS 0x00000000cc300000, 0x00000000cc200000| Untracked 
|  23|0x00000000cc300000, 0x00000000cc400000, 0x00000000cc400000|100%| O|  |TAMS 0x00000000cc400000, 0x00000000cc300000| Untracked 
|  24|0x00000000cc400000, 0x00000000cc500000, 0x00000000cc500000|100%| O|  |TAMS 0x00000000cc500000, 0x00000000cc400000| Untracked 
|  25|0x00000000cc500000, 0x00000000cc600000, 0x00000000cc600000|100%| O|  |TAMS 0x00000000cc600000, 0x00000000cc500000| Untracked 
|  26|0x00000000cc600000, 0x00000000cc700000, 0x00000000cc700000|100%| O|  |TAMS 0x00000000cc700000, 0x00000000cc600000| Untracked 
|  27|0x00000000cc700000, 0x00000000cc800000, 0x00000000cc800000|100%| O|  |TAMS 0x00000000cc800000, 0x00000000cc700000| Untracked 
|  28|0x00000000cc800000, 0x00000000cc900000, 0x00000000cc900000|100%| O|  |TAMS 0x00000000cc900000, 0x00000000cc800000| Untracked 
|  29|0x00000000cc900000, 0x00000000cca00000, 0x00000000cca00000|100%| O|  |TAMS 0x00000000cca00000, 0x00000000cc900000| Untracked 
|  30|0x00000000cca00000, 0x00000000ccb00000, 0x00000000ccb00000|100%| O|  |TAMS 0x00000000ccb00000, 0x00000000cca00000| Untracked 
|  31|0x00000000ccb00000, 0x00000000ccc00000, 0x00000000ccc00000|100%| O|  |TAMS 0x00000000ccc00000, 0x00000000ccb00000| Untracked 
|  32|0x00000000ccc00000, 0x00000000ccd00000, 0x00000000ccd00000|100%| O|  |TAMS 0x00000000ccd00000, 0x00000000ccc00000| Untracked 
|  33|0x00000000ccd00000, 0x00000000cce00000, 0x00000000cce00000|100%| O|  |TAMS 0x00000000cce00000, 0x00000000ccd00000| Untracked 
|  34|0x00000000cce00000, 0x00000000ccf00000, 0x00000000ccf00000|100%| O|  |TAMS 0x00000000ccf00000, 0x00000000cce00000| Untracked 
|  35|0x00000000ccf00000, 0x00000000cd000000, 0x00000000cd000000|100%| O|  |TAMS 0x00000000cd000000, 0x00000000ccf00000| Untracked 
|  36|0x00000000cd000000, 0x00000000cd100000, 0x00000000cd100000|100%| O|  |TAMS 0x00000000cd100000, 0x00000000cd000000| Untracked 
|  37|0x00000000cd100000, 0x00000000cd200000, 0x00000000cd200000|100%| O|  |TAMS 0x00000000cd200000, 0x00000000cd100000| Untracked 
|  38|0x00000000cd200000, 0x00000000cd300000, 0x00000000cd300000|100%| O|  |TAMS 0x00000000cd23e600, 0x00000000cd200000| Untracked 
|  39|0x00000000cd300000, 0x00000000cd34a800, 0x00000000cd400000| 29%| O|  |TAMS 0x00000000cd300000, 0x00000000cd300000| Untracked 
|  40|0x00000000cd400000, 0x00000000cd400000, 0x00000000cd500000|  0%| F|  |TAMS 0x00000000cd400000, 0x00000000cd400000| Untracked 
|  41|0x00000000cd500000, 0x00000000cd500000, 0x00000000cd600000|  0%| F|  |TAMS 0x00000000cd500000, 0x00000000cd500000| Untracked 
|  42|0x00000000cd600000, 0x00000000cd600000, 0x00000000cd700000|  0%| F|  |TAMS 0x00000000cd600000, 0x00000000cd600000| Untracked 
|  43|0x00000000cd700000, 0x00000000cd700000, 0x00000000cd800000|  0%| F|  |TAMS 0x00000000cd700000, 0x00000000cd700000| Untracked 
|  44|0x00000000cd800000, 0x00000000cd800000, 0x00000000cd900000|  0%| F|  |TAMS 0x00000000cd800000, 0x00000000cd800000| Untracked 
|  45|0x00000000cd900000, 0x00000000cd900000, 0x00000000cda00000|  0%| F|  |TAMS 0x00000000cd900000, 0x00000000cd900000| Untracked 
|  46|0x00000000cda00000, 0x00000000cda00000, 0x00000000cdb00000|  0%| F|  |TAMS 0x00000000cda00000, 0x00000000cda00000| Untracked 
|  47|0x00000000cdb00000, 0x00000000cdb00000, 0x00000000cdc00000|  0%| F|  |TAMS 0x00000000cdb00000, 0x00000000cdb00000| Untracked 
|  48|0x00000000cdc00000, 0x00000000cdc00000, 0x00000000cdd00000|  0%| F|  |TAMS 0x00000000cdc00000, 0x00000000cdc00000| Untracked 
|  49|0x00000000cdd00000, 0x00000000cdd00000, 0x00000000cde00000|  0%| F|  |TAMS 0x00000000cdd00000, 0x00000000cdd00000| Untracked 
|  50|0x00000000cde00000, 0x00000000cde00000, 0x00000000cdf00000|  0%| F|  |TAMS 0x00000000cde00000, 0x00000000cde00000| Untracked 
|  51|0x00000000cdf00000, 0x00000000cdf00000, 0x00000000ce000000|  0%| F|  |TAMS 0x00000000cdf00000, 0x00000000cdf00000| Untracked 
|  52|0x00000000ce000000, 0x00000000ce000000, 0x00000000ce100000|  0%| F|  |TAMS 0x00000000ce000000, 0x00000000ce000000| Untracked 
|  53|0x00000000ce100000, 0x00000000ce100000, 0x00000000ce200000|  0%| F|  |TAMS 0x00000000ce100000, 0x00000000ce100000| Untracked 
|  54|0x00000000ce200000, 0x00000000ce200000, 0x00000000ce300000|  0%| F|  |TAMS 0x00000000ce200000, 0x00000000ce200000| Untracked 
|  55|0x00000000ce300000, 0x00000000ce300000, 0x00000000ce400000|  0%| F|  |TAMS 0x00000000ce300000, 0x00000000ce300000| Untracked 
|  56|0x00000000ce400000, 0x00000000ce400000, 0x00000000ce500000|  0%| F|  |TAMS 0x00000000ce400000, 0x00000000ce400000| Untracked 
|  57|0x00000000ce500000, 0x00000000ce500000, 0x00000000ce600000|  0%| F|  |TAMS 0x00000000ce500000, 0x00000000ce500000| Untracked 
|  58|0x00000000ce600000, 0x00000000ce600000, 0x00000000ce700000|  0%| F|  |TAMS 0x00000000ce600000, 0x00000000ce600000| Untracked 
|  59|0x00000000ce700000, 0x00000000ce700000, 0x00000000ce800000|  0%| F|  |TAMS 0x00000000ce700000, 0x00000000ce700000| Untracked 
|  60|0x00000000ce800000, 0x00000000ce800000, 0x00000000ce900000|  0%| F|  |TAMS 0x00000000ce800000, 0x00000000ce800000| Untracked 
|  61|0x00000000ce900000, 0x00000000ce900000, 0x00000000cea00000|  0%| F|  |TAMS 0x00000000ce900000, 0x00000000ce900000| Untracked 
|  62|0x00000000cea00000, 0x00000000cea00000, 0x00000000ceb00000|  0%| F|  |TAMS 0x00000000cea00000, 0x00000000cea00000| Untracked 
|  63|0x00000000ceb00000, 0x00000000ceb00000, 0x00000000cec00000|  0%| F|  |TAMS 0x00000000ceb00000, 0x00000000ceb00000| Untracked 
|  64|0x00000000cec00000, 0x00000000cec00000, 0x00000000ced00000|  0%| F|  |TAMS 0x00000000cec00000, 0x00000000cec00000| Untracked 
|  65|0x00000000ced00000, 0x00000000ced00000, 0x00000000cee00000|  0%| F|  |TAMS 0x00000000ced00000, 0x00000000ced00000| Untracked 
|  66|0x00000000cee00000, 0x00000000cee00000, 0x00000000cef00000|  0%| F|  |TAMS 0x00000000cee00000, 0x00000000cee00000| Untracked 
|  67|0x00000000cef00000, 0x00000000cef00000, 0x00000000cf000000|  0%| F|  |TAMS 0x00000000cef00000, 0x00000000cef00000| Untracked 
|  68|0x00000000cf000000, 0x00000000cf000000, 0x00000000cf100000|  0%| F|  |TAMS 0x00000000cf000000, 0x00000000cf000000| Untracked 
|  69|0x00000000cf100000, 0x00000000cf100000, 0x00000000cf200000|  0%| F|  |TAMS 0x00000000cf100000, 0x00000000cf100000| Untracked 
|  70|0x00000000cf200000, 0x00000000cf200000, 0x00000000cf300000|  0%| F|  |TAMS 0x00000000cf200000, 0x00000000cf200000| Untracked 
|  71|0x00000000cf300000, 0x00000000cf300000, 0x00000000cf400000|  0%| F|  |TAMS 0x00000000cf300000, 0x00000000cf300000| Untracked 
|  72|0x00000000cf400000, 0x00000000cf400000, 0x00000000cf500000|  0%| F|  |TAMS 0x00000000cf400000, 0x00000000cf400000| Untracked 
|  73|0x00000000cf500000, 0x00000000cf572018, 0x00000000cf600000| 44%| E|  |TAMS 0x00000000cf500000, 0x00000000cf500000| Complete 
|  74|0x00000000cf600000, 0x00000000cf700000, 0x00000000cf700000|100%| E|CS|TAMS 0x00000000cf600000, 0x00000000cf600000| Complete 
|  75|0x00000000cf700000, 0x00000000cf800000, 0x00000000cf800000|100%| E|CS|TAMS 0x00000000cf700000, 0x00000000cf700000| Complete 
|  76|0x00000000cf800000, 0x00000000cf888760, 0x00000000cf900000| 53%| S|CS|TAMS 0x00000000cf800000, 0x00000000cf800000| Complete 
|  77|0x00000000cf900000, 0x00000000cfa00000, 0x00000000cfa00000|100%| E|CS|TAMS 0x00000000cf900000, 0x00000000cf900000| Complete 

Card table byte_map: [0x00000188fbd50000,0x00000188fbf00000] _byte_map_base: 0x00000188fb6fa000

Marking Bits (Prev, Next): (CMBitMap*) 0x00000188e4dc77d0, (CMBitMap*) 0x00000188e4dc7810
 Prev Bits: [0x00000188fc0b0000, 0x00000188fce00000)
 Next Bits: [0x00000188fce00000, 0x00000188fdb50000)

Polling page: 0x00000188e2c80000

Metaspace:

Usage:
  Non-class:     65.72 MB used.
      Class:     10.50 MB used.
       Both:     76.23 MB used.

Virtual space:
  Non-class space:      128.00 MB reserved,      66.06 MB ( 52%) committed,  2 nodes.
      Class space:        1.00 GB reserved,      10.81 MB (  1%) committed,  1 nodes.
             Both:        1.12 GB reserved,      76.88 MB (  7%) committed. 

Chunk freelists:
   Non-Class:  13.84 MB
       Class:  5.01 MB
        Both:  18.85 MB

MaxMetaspaceSize: unlimited
CompressedClassSpaceSize: 1.00 GB
Initial GC threshold: 21.00 MB
Current GC threshold: 123.25 MB
CDS: on
MetaspaceReclaimPolicy: balanced
 - commit_granule_bytes: 65536.
 - commit_granule_words: 8192.
 - virtual_space_node_default_size: 8388608.
 - enlarge_chunks_in_place: 1.
 - new_chunks_are_fully_committed: 0.
 - uncommit_free_chunks: 1.
 - use_allocation_guard: 0.
 - handle_deallocations: 1.


Internal statistics:

num_allocs_failed_limit: 9.
num_arena_births: 1012.
num_arena_deaths: 6.
num_vsnodes_births: 3.
num_vsnodes_deaths: 0.
num_space_committed: 1230.
num_space_uncommitted: 0.
num_chunks_returned_to_freelist: 18.
num_chunks_taken_from_freelist: 3961.
num_chunk_merges: 10.
num_chunk_splits: 2826.
num_chunks_enlarged: 2134.
num_inconsistent_stats: 0.

CodeHeap 'non-profiled nmethods': size=120000Kb used=5352Kb max_used=5352Kb free=114647Kb
 bounds [0x00000188f4110000, 0x00000188f4650000, 0x00000188fb640000]
CodeHeap 'profiled nmethods': size=120000Kb used=15029Kb max_used=15029Kb free=104971Kb
 bounds [0x00000188ec640000, 0x00000188ed4f0000, 0x00000188f3b70000]
CodeHeap 'non-nmethods': size=5760Kb used=1344Kb max_used=1405Kb free=4415Kb
 bounds [0x00000188f3b70000, 0x00000188f3de0000, 0x00000188f4110000]
 total_blobs=9155 nmethods=8477 adapters=589
 compilation: enabled
              stopped_count=0, restarted_count=0
 full_count=0

Compilation events (20 events):
Event: 486.919 Thread 0x00000188807d7220 nmethod 9097 0x00000188f4643890 code [0x00000188f4643a00, 0x00000188f4643d18]
Event: 486.919 Thread 0x00000188807d7220 9191       4       java.util.stream.ReferencePipeline::collect (124 bytes)
Event: 486.944 Thread 0x00000188807d7220 nmethod 9191 0x00000188f4643e10 code [0x00000188f4644140, 0x00000188f4645400]
Event: 486.944 Thread 0x00000188807d7220 9192       4       java.util.stream.ReduceOps::makeRef (42 bytes)
Event: 486.945 Thread 0x00000188807d7220 nmethod 9192 0x00000188f4646490 code [0x00000188f4646620, 0x00000188f4646738]
Event: 486.945 Thread 0x00000188807d7220 9130       4       org.antlr.v4.runtime.atn.SemanticContext$Predicate::hashCode (47 bytes)
Event: 486.945 Thread 0x00000188807d7220 nmethod 9130 0x00000188f4646890 code [0x00000188f4646a00, 0x00000188f4646b58]
Event: 486.945 Thread 0x00000188807d7220 9216       4       java.util.stream.Collectors$CollectorImpl::<init> (32 bytes)
Event: 486.949 Thread 0x00000188807d7220 nmethod 9216 0x00000188f4646c10 code [0x00000188f4646d80, 0x00000188f4647258]
Event: 486.949 Thread 0x00000188807d7220 9116       4       org.antlr.v4.runtime.atn.PredictionContext::merge (139 bytes)
Event: 486.969 Thread 0x00000188807d7220 nmethod 9116 0x00000188f4647310 code [0x00000188f4647540, 0x00000188f4648398]
Event: 486.969 Thread 0x00000188807d7220 9193       4       java.util.stream.Streams$ConcatSpliterator::forEachRemaining (28 bytes)
Event: 486.972 Thread 0x00000188807d7220 nmethod 9193 0x00000188f4648b90 code [0x00000188f4648d60, 0x00000188f46490f8]
Event: 486.972 Thread 0x00000188807d7220 9214       4       java.util.stream.Streams$ConcatSpliterator::estimateSize (51 bytes)
Event: 486.974 Thread 0x00000188807d7220 nmethod 9214 0x00000188f4649510 code [0x00000188f46496c0, 0x00000188f4649858]
Event: 486.974 Thread 0x00000188807d7220 9117       4       org.antlr.v4.runtime.atn.SingletonPredictionContext::<init> (49 bytes)
Event: 486.975 Thread 0x00000188807d7220 nmethod 9117 0x00000188f4649a10 code [0x00000188f4649b80, 0x00000188f4649d78]
Event: 486.975 Thread 0x00000188807d7220 9185       4       java.util.RegularEnumSet::add (9 bytes)
Event: 486.976 Thread 0x00000188807d7220 nmethod 9185 0x00000188f4649e10 code [0x00000188f4649f80, 0x00000188f464a098]
Event: 486.976 Thread 0x00000188807d7220 9119       4       org.antlr.v4.runtime.atn.PredictionContext::mergeSingletons (392 bytes)

GC Heap History (20 events):
Event: 14.494 GC heap before
{Heap before GC invocations=23 (full 0):
 garbage-first heap   total 66560K, used 53236K [0x00000000cac00000, 0x0000000100000000)
  region size 1024K, 25 young (25600K), 4 survivors (4096K)
 Metaspace       used 64743K, committed 65344K, reserved 1114112K
  class space    used 8907K, committed 9216K, reserved 1048576K
}
Event: 14.499 GC heap after
{Heap after GC invocations=24 (full 0):
 garbage-first heap   total 66560K, used 33370K [0x00000000cac00000, 0x0000000100000000)
  region size 1024K, 4 young (4096K), 4 survivors (4096K)
 Metaspace       used 64743K, committed 65344K, reserved 1114112K
  class space    used 8907K, committed 9216K, reserved 1048576K
}
Event: 14.936 GC heap before
{Heap before GC invocations=24 (full 0):
 garbage-first heap   total 66560K, used 51802K [0x00000000cac00000, 0x0000000100000000)
  region size 1024K, 23 young (23552K), 4 survivors (4096K)
 Metaspace       used 67172K, committed 67776K, reserved 1114112K
  class space    used 9224K, committed 9472K, reserved 1048576K
}
Event: 14.943 GC heap after
{Heap after GC invocations=25 (full 0):
 garbage-first heap   total 66560K, used 34874K [0x00000000cac00000, 0x0000000100000000)
  region size 1024K, 2 young (2048K), 2 survivors (2048K)
 Metaspace       used 67172K, committed 67776K, reserved 1114112K
  class space    used 9224K, committed 9472K, reserved 1048576K
}
Event: 35.011 GC heap before
{Heap before GC invocations=26 (full 0):
 garbage-first heap   total 66560K, used 53306K [0x00000000cac00000, 0x0000000100000000)
  region size 1024K, 21 young (21504K), 2 survivors (2048K)
 Metaspace       used 70777K, committed 71424K, reserved 1114112K
  class space    used 9690K, committed 9984K, reserved 1048576K
}
Event: 35.032 GC heap after
{Heap after GC invocations=27 (full 0):
 garbage-first heap   total 66560K, used 35969K [0x00000000cac00000, 0x0000000100000000)
  region size 1024K, 3 young (3072K), 3 survivors (3072K)
 Metaspace       used 70777K, committed 71424K, reserved 1114112K
  class space    used 9690K, committed 9984K, reserved 1048576K
}
Event: 35.248 GC heap before
{Heap before GC invocations=27 (full 0):
 garbage-first heap   total 66560K, used 36993K [0x00000000cac00000, 0x0000000100000000)
  region size 1024K, 4 young (4096K), 3 survivors (3072K)
 Metaspace       used 70988K, committed 71616K, reserved 1114112K
  class space    used 9718K, committed 10048K, reserved 1048576K
}
Event: 35.255 GC heap after
{Heap after GC invocations=28 (full 0):
 garbage-first heap   total 66560K, used 36202K [0x00000000cac00000, 0x0000000100000000)
  region size 1024K, 1 young (1024K), 1 survivors (1024K)
 Metaspace       used 70988K, committed 71616K, reserved 1114112K
  class space    used 9718K, committed 10048K, reserved 1048576K
}
Event: 36.160 GC heap before
{Heap before GC invocations=28 (full 0):
 garbage-first heap   total 66560K, used 54634K [0x00000000cac00000, 0x0000000100000000)
  region size 1024K, 19 young (19456K), 1 survivors (1024K)
 Metaspace       used 72998K, committed 73664K, reserved 1114112K
  class space    used 10018K, committed 10368K, reserved 1048576K
}
Event: 36.169 GC heap after
{Heap after GC invocations=29 (full 0):
 garbage-first heap   total 79872K, used 37612K [0x00000000cac00000, 0x0000000100000000)
  region size 1024K, 2 young (2048K), 2 survivors (2048K)
 Metaspace       used 72998K, committed 73664K, reserved 1114112K
  class space    used 10018K, committed 10368K, reserved 1048576K
}
Event: 101.769 GC heap before
{Heap before GC invocations=30 (full 0):
 garbage-first heap   total 79872K, used 64236K [0x00000000cac00000, 0x0000000100000000)
  region size 1024K, 28 young (28672K), 2 survivors (2048K)
 Metaspace       used 74620K, committed 75328K, reserved 1114112K
  class space    used 10179K, committed 10496K, reserved 1048576K
}
Event: 101.843 GC heap after
{Heap after GC invocations=31 (full 0):
 garbage-first heap   total 79872K, used 38567K [0x00000000cac00000, 0x0000000100000000)
  region size 1024K, 3 young (3072K), 3 survivors (3072K)
 Metaspace       used 74620K, committed 75328K, reserved 1114112K
  class space    used 10179K, committed 10496K, reserved 1048576K
}
Event: 111.604 GC heap before
{Heap before GC invocations=31 (full 0):
 garbage-first heap   total 79872K, used 39591K [0x00000000cac00000, 0x0000000100000000)
  region size 1024K, 4 young (4096K), 3 survivors (3072K)
 Metaspace       used 74627K, committed 75328K, reserved 1114112K
  class space    used 10179K, committed 10496K, reserved 1048576K
}
Event: 111.644 GC heap after
{Heap after GC invocations=32 (full 0):
 garbage-first heap   total 79872K, used 38313K [0x00000000cac00000, 0x0000000100000000)
  region size 1024K, 1 young (1024K), 1 survivors (1024K)
 Metaspace       used 74627K, committed 75328K, reserved 1114112K
  class space    used 10179K, committed 10496K, reserved 1048576K
}
Event: 371.831 GC heap before
{Heap before GC invocations=32 (full 0):
 garbage-first heap   total 79872K, used 63913K [0x00000000cac00000, 0x0000000100000000)
  region size 1024K, 26 young (26624K), 1 survivors (1024K)
 Metaspace       used 75002K, committed 75712K, reserved 1114112K
  class space    used 10221K, committed 10560K, reserved 1048576K
}
Event: 371.933 GC heap after
{Heap after GC invocations=33 (full 0):
 garbage-first heap   total 79872K, used 38313K [0x00000000cac00000, 0x0000000100000000)
  region size 1024K, 1 young (1024K), 1 survivors (1024K)
 Metaspace       used 75002K, committed 75712K, reserved 1114112K
  class space    used 10221K, committed 10560K, reserved 1048576K
}
Event: 485.266 GC heap before
{Heap before GC invocations=34 (full 0):
 garbage-first heap   total 79872K, used 64937K [0x00000000cac00000, 0x0000000100000000)
  region size 1024K, 27 young (27648K), 1 survivors (1024K)
 Metaspace       used 77327K, committed 78016K, reserved 1179648K
  class space    used 10680K, committed 11008K, reserved 1048576K
}
Event: 485.277 GC heap after
{Heap after GC invocations=35 (full 0):
 garbage-first heap   total 79872K, used 39604K [0x00000000cac00000, 0x0000000100000000)
  region size 1024K, 2 young (2048K), 2 survivors (2048K)
 Metaspace       used 77327K, committed 78016K, reserved 1179648K
  class space    used 10680K, committed 11008K, reserved 1048576K
}
Event: 485.298 GC heap before
{Heap before GC invocations=35 (full 0):
 garbage-first heap   total 79872K, used 39604K [0x00000000cac00000, 0x0000000100000000)
  region size 1024K, 3 young (3072K), 2 survivors (2048K)
 Metaspace       used 77519K, committed 78208K, reserved 1179648K
  class space    used 10680K, committed 11008K, reserved 1048576K
}
Event: 485.317 GC heap after
{Heap after GC invocations=36 (full 0):
 garbage-first heap   total 79872K, used 39755K [0x00000000cac00000, 0x0000000100000000)
  region size 1024K, 1 young (1024K), 1 survivors (1024K)
 Metaspace       used 77519K, committed 78208K, reserved 1179648K
  class space    used 10680K, committed 11008K, reserved 1048576K
}

Deoptimization events (20 events):
Event: 82.538 Thread 0x00000188c71b1b30 DEOPT PACKING pc=0x00000188ed3ede71 sp=0x0000000952dfb3a0
Event: 82.538 Thread 0x00000188c71b1b30 DEOPT UNPACKING pc=0x00000188f3bc2b43 sp=0x0000000952dfa880 mode 0
Event: 82.539 Thread 0x00000188c71b1b30 DEOPT PACKING pc=0x00000188ed3ede71 sp=0x0000000952dfb3a0
Event: 82.539 Thread 0x00000188c71b1b30 DEOPT UNPACKING pc=0x00000188f3bc2b43 sp=0x0000000952dfa880 mode 0
Event: 82.540 Thread 0x00000188c71b1b30 DEOPT PACKING pc=0x00000188ed3ede71 sp=0x0000000952dfb3a0
Event: 82.540 Thread 0x00000188c71b1b30 DEOPT UNPACKING pc=0x00000188f3bc2b43 sp=0x0000000952dfa880 mode 0
Event: 245.818 Thread 0x00000188c6fb2200 DEOPT PACKING pc=0x00000188ed369dcf sp=0x00000009526fedc0
Event: 245.819 Thread 0x00000188c6fb2200 DEOPT UNPACKING pc=0x00000188f3bc2b43 sp=0x00000009526fe258 mode 0
Event: 485.198 Thread 0x00000188c71b4dd0 Uncommon trap: trap_request=0xffffff45 fr.pc=0x00000188f46194d8 relative=0x0000000000000618
Event: 485.198 Thread 0x00000188c71b4dd0 Uncommon trap: reason=unstable_if action=reinterpret pc=0x00000188f46194d8 method=org.antlr.v4.runtime.atn.ParserATNSimulator.getEpsilonTarget(Lorg/antlr/v4/runtime/atn/ATNConfig;Lorg/antlr/v4/runtime/atn/Transition;ZZZZ)Lorg/antlr/v4/runtime/atn/ATNConfi
Event: 485.199 Thread 0x00000188c71b4dd0 DEOPT PACKING pc=0x00000188f46194d8 sp=0x00000009532f5d20
Event: 485.200 Thread 0x00000188c71b4dd0 DEOPT UNPACKING pc=0x00000188f3bc23a3 sp=0x00000009532f5cc8 mode 2
Event: 485.252 Thread 0x00000188c71b4dd0 Uncommon trap: trap_request=0xffffff45 fr.pc=0x00000188f45a6f7c relative=0x00000000000002bc
Event: 485.252 Thread 0x00000188c71b4dd0 Uncommon trap: reason=unstable_if action=reinterpret pc=0x00000188f45a6f7c method=java.util.HashMap.getNode(Ljava/lang/Object;)Ljava/util/HashMap$Node; @ 131 c2
Event: 485.252 Thread 0x00000188c71b4dd0 DEOPT PACKING pc=0x00000188f45a6f7c sp=0x00000009532f2190
Event: 485.253 Thread 0x00000188c71b4dd0 DEOPT UNPACKING pc=0x00000188f3bc23a3 sp=0x00000009532f20a0 mode 2
Event: 485.687 Thread 0x00000188c71b4dd0 Uncommon trap: trap_request=0xffffff45 fr.pc=0x00000188f44d12d4 relative=0x00000000000005b4
Event: 485.687 Thread 0x00000188c71b4dd0 Uncommon trap: reason=unstable_if action=reinterpret pc=0x00000188f44d12d4 method=java.util.ArrayList.toArray([Ljava/lang/Object;)[Ljava/lang/Object; @ 45 c2
Event: 485.687 Thread 0x00000188c71b4dd0 DEOPT PACKING pc=0x00000188f44d12d4 sp=0x00000009532fc2e0
Event: 485.688 Thread 0x00000188c71b4dd0 DEOPT UNPACKING pc=0x00000188f3bc23a3 sp=0x00000009532fc2e8 mode 2

Classes unloaded (3 events):
Event: 14.966 Thread 0x00000188e4e4e7a0 Unloading class 0x0000018882851000 'jdk/internal/reflect/GeneratedSerializationConstructorAccessor3'
Event: 14.966 Thread 0x00000188e4e4e7a0 Unloading class 0x0000018882850c00 'jdk/internal/reflect/GeneratedSerializationConstructorAccessor2'
Event: 14.966 Thread 0x00000188e4e4e7a0 Unloading class 0x0000018882850800 'jdk/internal/reflect/GeneratedSerializationConstructorAccessor1'

Classes redefined (0 events):
No events

Internal exceptions (20 events):
Event: 14.421 Thread 0x00000188c6661520 Exception <a 'java/lang/NoSuchMethodError'{0x00000000cdb6daa0}: 'void java.lang.invoke.DirectMethodHandle$Holder.invokeVirtual(java.lang.Object, java.lang.Object, long)'> (0x00000000cdb6daa0) 
thrown [s\open\src\hotspot\share\interpreter\linkResolver.cpp, line 759]
Event: 14.531 Thread 0x00000188c6661520 Implicit null exception at 0x00000188f42cca6b to 0x00000188f42ccf79
Event: 14.644 Thread 0x00000188c6661520 Exception <a 'java/lang/IncompatibleClassChangeError'{0x00000000ce7de818}: Found class java.lang.Object, but interface was expected> (0x00000000ce7de818) 
thrown [s\open\src\hotspot\share\interpreter\linkResolver.cpp, line 826]
Event: 14.782 Thread 0x00000188c6661520 Exception <a 'java/lang/NoSuchMethodError'{0x00000000cdfc6d50}: 'java.lang.Object java.lang.invoke.DirectMethodHandle$Holder.newInvokeSpecial(java.lang.Object, java.lang.Object, int, java.lang.Object, java.lang.Object)'> (0x00000000cdfc6d50) 
thrown [s\open\src\hotspot\share\interpreter\linkResolver.cpp, line 759]
Event: 14.783 Thread 0x00000188c6661520 Exception <a 'java/lang/NoSuchMethodError'{0x00000000cdfd1fe8}: 'java.lang.Object java.lang.invoke.DirectMethodHandle$Holder.invokeSpecial(java.lang.Object, java.lang.Object, int, java.lang.Object, int, java.lang.Object)'> (0x00000000cdfd1fe8) 
thrown [s\open\src\hotspot\share\interpreter\linkResolver.cpp, line 759]
Event: 14.784 Thread 0x00000188c6661520 Exception <a 'java/lang/NoSuchMethodError'{0x00000000cdfda008}: 'java.lang.Object java.lang.invoke.DirectMethodHandle$Holder.newInvokeSpecial(java.lang.Object, java.lang.Object, int, java.lang.Object, int)'> (0x00000000cdfda008) 
thrown [s\open\src\hotspot\share\interpreter\linkResolver.cpp, line 759]
Event: 14.784 Thread 0x00000188c6661520 Exception <a 'java/lang/NoSuchMethodError'{0x00000000cdfde108}: 'java.lang.Object java.lang.invoke.DirectMethodHandle$Holder.invokeSpecial(java.lang.Object, java.lang.Object, java.lang.Object, int, java.lang.Object, int)'> (0x00000000cdfde108) 
thrown [s\open\src\hotspot\share\interpreter\linkResolver.cpp, line 759]
Event: 15.087 Thread 0x00000188c6661520 Exception <a 'java/lang/NoSuchMethodError'{0x00000000ce60c880}: 'void java.lang.invoke.DirectMethodHandle$Holder.invokeSpecialIFC(java.lang.Object, java.lang.Object, int, java.lang.Object, java.lang.Object, java.lang.Object, java.lang.Object)'> (0x00000000ce60c880) 
thrown [s\open\src\hotspot\share\interpreter\linkResolver.cpp, line 759]
Event: 34.051 Thread 0x00000188c71b2f70 Exception <a 'java/lang/NoSuchMethodError'{0x00000000ce06ee20}: 'java.lang.Object java.lang.invoke.DirectMethodHandle$Holder.invokeSpecial(java.lang.Object, java.lang.Object, java.lang.Object, java.lang.Object, java.lang.Object, long)'> (0x00000000ce06ee20) 
thrown [s\open\src\hotspot\share\interpreter\linkResolver.cpp, line 759]
Event: 34.051 Thread 0x00000188c71b2f70 Exception <a 'java/lang/NoSuchMethodError'{0x00000000ce072860}: 'java.lang.Object java.lang.invoke.Invokers$Holder.linkToTargetMethod(java.lang.Object, java.lang.Object, java.lang.Object, long, java.lang.Object)'> (0x00000000ce072860) 
thrown [s\open\src\hotspot\share\interpreter\linkResolver.cpp, line 759]
Event: 34.201 Thread 0x00000188c71b2f70 Exception <a 'java/lang/NoSuchMethodError'{0x00000000cde87148}: 'java.lang.Object java.lang.invoke.DirectMethodHandle$Holder.invokeStatic(java.lang.Object, int, int)'> (0x00000000cde87148) 
thrown [s\open\src\hotspot\share\interpreter\linkResolver.cpp, line 759]
Event: 35.381 Thread 0x00000188c71b4dd0 Exception <a 'sun/nio/fs/WindowsException'{0x00000000cea05398}> (0x00000000cea05398) 
thrown [s\open\src\hotspot\share\prims\jni.cpp, line 516]
Event: 35.679 Thread 0x00000188c71b4dd0 Implicit null exception at 0x00000188f4257052 to 0x00000188f4257198
Event: 35.861 Thread 0x00000188c71b4dd0 Exception <a 'sun/nio/fs/WindowsException'{0x00000000ce3cf528}> (0x00000000ce3cf528) 
thrown [s\open\src\hotspot\share\prims\jni.cpp, line 516]
Event: 82.832 Thread 0x00000188c71b1b30 Exception <a 'java/lang/NoSuchMethodError'{0x00000000ce25c940}: 'int java.lang.invoke.DirectMethodHandle$Holder.invokeStatic(java.lang.Object, java.lang.Object, int, int)'> (0x00000000ce25c940) 
thrown [s\open\src\hotspot\share\interpreter\linkResolver.cpp, line 759]
Event: 485.644 Thread 0x00000188c71b4dd0 Exception <a 'java/lang/reflect/InvocationTargetException'{0x00000000cf6aac20}> (0x00000000cf6aac20) 
thrown [s\open\src\hotspot\share\runtime\reflection.cpp, line 1121]
Event: 485.644 Thread 0x00000188c71b4dd0 Exception <a 'java/lang/reflect/InvocationTargetException'{0x00000000cf6ab990}> (0x00000000cf6ab990) 
thrown [s\open\src\hotspot\share\runtime\reflection.cpp, line 1121]
Event: 485.645 Thread 0x00000188c71b4dd0 Exception <a 'java/lang/reflect/InvocationTargetException'{0x00000000cf6ac700}> (0x00000000cf6ac700) 
thrown [s\open\src\hotspot\share\runtime\reflection.cpp, line 1121]
Event: 485.675 Thread 0x00000188c71b4dd0 Exception <a 'java/lang/reflect/InvocationTargetException'{0x00000000cf6c0988}> (0x00000000cf6c0988) 
thrown [s\open\src\hotspot\share\runtime\reflection.cpp, line 1121]
Event: 485.678 Thread 0x00000188c71b4dd0 Exception <a 'java/lang/reflect/InvocationTargetException'{0x00000000cf6cef58}> (0x00000000cf6cef58) 
thrown [s\open\src\hotspot\share\runtime\reflection.cpp, line 1121]

VM Operations (20 events):
Event: 451.978 Executing VM operation: Cleanup
Event: 451.978 Executing VM operation: Cleanup done
Event: 464.060 Executing VM operation: Cleanup
Event: 464.060 Executing VM operation: Cleanup done
Event: 465.068 Executing VM operation: Cleanup
Event: 465.068 Executing VM operation: Cleanup done
Event: 484.243 Executing VM operation: Cleanup
Event: 484.243 Executing VM operation: Cleanup done
Event: 484.939 Executing VM operation: HandshakeAllThreads
Event: 484.939 Executing VM operation: HandshakeAllThreads done
Event: 485.260 Executing VM operation: HandshakeAllThreads
Event: 485.260 Executing VM operation: HandshakeAllThreads done
Event: 485.260 Executing VM operation: Cleanup
Event: 485.261 Executing VM operation: Cleanup done
Event: 485.266 Executing VM operation: G1CollectForAllocation
Event: 485.277 Executing VM operation: G1CollectForAllocation done
Event: 485.298 Executing VM operation: G1CollectForAllocation
Event: 485.317 Executing VM operation: G1CollectForAllocation done
Event: 486.324 Executing VM operation: Cleanup
Event: 486.324 Executing VM operation: Cleanup done

Events (20 events):
Event: 81.825 loading class java/io/PushbackInputStream
Event: 81.829 loading class java/io/PushbackInputStream done
Event: 95.876 Thread 0x00000188c71b8a90 Thread exited: 0x00000188c71b8a90
Event: 155.882 Thread 0x00000188c71b5d00 Thread exited: 0x00000188c71b5d00
Event: 215.896 Thread 0x00000188c71b7650 Thread exited: 0x00000188c71b7650
Event: 275.919 Thread 0x00000188c71b8580 Thread exited: 0x00000188c71b8580
Event: 484.378 loading class java/util/zip/DeflaterOutputStream
Event: 484.384 loading class java/util/zip/DeflaterOutputStream done
Event: 484.388 loading class java/util/zip/GZIPInputStream
Event: 484.398 loading class java/util/zip/GZIPInputStream done
Event: 484.399 loading class java/util/zip/GZIPOutputStream
Event: 484.403 loading class java/util/zip/GZIPOutputStream done
Event: 484.740 loading class java/time/format/DateTimeParseContext
Event: 484.741 loading class java/time/format/DateTimeParseContext done
Event: 484.741 loading class java/time/format/Parsed
Event: 484.748 loading class java/time/format/Parsed done
Event: 484.893 loading class java/util/EmptyStackException
Event: 484.893 loading class java/util/EmptyStackException done
Event: 484.917 loading class java/io/InvalidClassException
Event: 484.917 loading class java/io/InvalidClassException done


Dynamic libraries:
0x00007ff7f1ec0000 - 0x00007ff7f1ed0000 	C:\Program Files\Java\jdk-17\bin\java.exe
0x00007ffc3f6e0000 - 0x00007ffc3f948000 	C:\Windows\SYSTEM32\ntdll.dll
0x00007ffc3e5e0000 - 0x00007ffc3e6a9000 	C:\Windows\System32\KERNEL32.DLL
0x00007ffc3c830000 - 0x00007ffc3cc28000 	C:\Windows\System32\KERNELBASE.dll
0x00007ffc3cc30000 - 0x00007ffc3cd7b000 	C:\Windows\System32\ucrtbase.dll
0x00007ffc35c50000 - 0x00007ffc35c6b000 	C:\Program Files\Java\jdk-17\bin\VCRUNTIME140.dll
0x00007ffc36df0000 - 0x00007ffc36e09000 	C:\Program Files\Java\jdk-17\bin\jli.dll
0x00007ffc3f530000 - 0x00007ffc3f5e4000 	C:\Windows\System32\ADVAPI32.dll
0x00007ffc3d580000 - 0x00007ffc3d629000 	C:\Windows\System32\msvcrt.dll
0x00007ffc3e530000 - 0x00007ffc3e5d6000 	C:\Windows\System32\sechost.dll
0x00007ffc3e2e0000 - 0x00007ffc3e3f8000 	C:\Windows\System32\RPCRT4.dll
0x00007ffc3e8b0000 - 0x00007ffc3ea77000 	C:\Windows\System32\USER32.dll
0x00007ffc3d180000 - 0x00007ffc3d1a7000 	C:\Windows\System32\win32u.dll
0x00007ffc3ea80000 - 0x00007ffc3eaab000 	C:\Windows\System32\GDI32.dll
0x00007ffc3cd80000 - 0x00007ffc3ceac000 	C:\Windows\System32\gdi32full.dll
0x00007ffc25cb0000 - 0x00007ffc25f44000 	C:\Windows\WinSxS\amd64_microsoft.windows.common-controls_6595b64144ccf1df_6.0.26100.7019_none_3e06ffa0e335b8a8\COMCTL32.dll
0x00007ffc3ceb0000 - 0x00007ffc3cf53000 	C:\Windows\System32\msvcp_win.dll
0x00007ffc34b10000 - 0x00007ffc34b1b000 	C:\Windows\SYSTEM32\VERSION.dll
0x00007ffc3f4f0000 - 0x00007ffc3f521000 	C:\Windows\System32\IMM32.DLL
0x00007ffc397b0000 - 0x00007ffc397bc000 	C:\Program Files\Java\jdk-17\bin\vcruntime140_1.dll
0x00007ffc1fc80000 - 0x00007ffc1fd0e000 	C:\Program Files\Java\jdk-17\bin\msvcp140.dll
0x00007ffbf7e10000 - 0x00007ffbf89f0000 	C:\Program Files\Java\jdk-17\bin\server\jvm.dll
0x00007ffc3d9c0000 - 0x00007ffc3d9c8000 	C:\Windows\System32\PSAPI.DLL
0x00007ffc34280000 - 0x00007ffc342b5000 	C:\Windows\SYSTEM32\WINMM.dll
0x00007ffc36f80000 - 0x00007ffc36f8a000 	C:\Windows\SYSTEM32\WSOCK32.dll
0x00007ffc3f210000 - 0x00007ffc3f284000 	C:\Windows\System32\WS2_32.dll
0x00007ffc3b5f0000 - 0x00007ffc3b60b000 	C:\Windows\SYSTEM32\kernel.appcore.dll
0x00007ffc36e20000 - 0x00007ffc36e2a000 	C:\Program Files\Java\jdk-17\bin\jimage.dll
0x00007ffc106d0000 - 0x00007ffc10912000 	C:\Windows\SYSTEM32\DBGHELP.DLL
0x00007ffc3d630000 - 0x00007ffc3d9bb000 	C:\Windows\System32\combase.dll
0x00007ffc3e200000 - 0x00007ffc3e2d7000 	C:\Windows\System32\OLEAUT32.dll
0x00007ffc18da0000 - 0x00007ffc18ddc000 	C:\Windows\SYSTEM32\dbgcore.DLL
0x00007ffc3cf60000 - 0x00007ffc3d005000 	C:\Windows\System32\bcryptPrimitives.dll
0x00007ffc36dd0000 - 0x00007ffc36dde000 	C:\Program Files\Java\jdk-17\bin\instrument.dll
0x00007ffc353b0000 - 0x00007ffc353d5000 	C:\Program Files\Java\jdk-17\bin\java.dll
0x00007ffc1faf0000 - 0x00007ffc1fbc7000 	C:\Program Files\Java\jdk-17\bin\jsvml.dll
0x00007ffc3eab0000 - 0x00007ffc3f201000 	C:\Windows\System32\SHELL32.dll
0x00007ffc3d010000 - 0x00007ffc3d17b000 	C:\Windows\System32\wintypes.dll
0x00007ffc3a470000 - 0x00007ffc3accd000 	C:\Windows\SYSTEM32\windows.storage.dll
0x00007ffc3e6c0000 - 0x00007ffc3e7b2000 	C:\Windows\System32\SHCORE.dll
0x00007ffc3e840000 - 0x00007ffc3e8a7000 	C:\Windows\System32\shlwapi.dll
0x00007ffc3c750000 - 0x00007ffc3c779000 	C:\Windows\SYSTEM32\profapi.dll
0x00007ffc26980000 - 0x00007ffc26998000 	C:\Program Files\Java\jdk-17\bin\zip.dll
0x00007ffc35ad0000 - 0x00007ffc35ae9000 	C:\Program Files\Java\jdk-17\bin\net.dll
0x00007ffc36750000 - 0x00007ffc36878000 	C:\Windows\SYSTEM32\WINHTTP.dll
0x00007ffc3bb60000 - 0x00007ffc3bbcb000 	C:\Windows\system32\mswsock.dll
0x00007ffc31570000 - 0x00007ffc31586000 	C:\Program Files\Java\jdk-17\bin\nio.dll
0x00007ffc31560000 - 0x00007ffc3156a000 	C:\Program Files\Java\jdk-17\bin\management.dll
0x00007ffc26940000 - 0x00007ffc2694b000 	C:\Program Files\Java\jdk-17\bin\management_ext.dll
0x00007ffc35a30000 - 0x00007ffc35a3e000 	C:\Program Files\Java\jdk-17\bin\sunmscapi.dll
0x00007ffc3d240000 - 0x00007ffc3d3b7000 	C:\Windows\System32\CRYPT32.dll
0x00007ffc3c040000 - 0x00007ffc3c070000 	C:\Windows\SYSTEM32\ncrypt.dll
0x00007ffc3bff0000 - 0x00007ffc3c02f000 	C:\Windows\SYSTEM32\NTASN1.dll
0x00007ffc3be20000 - 0x00007ffc3be3b000 	C:\Windows\SYSTEM32\CRYPTSP.dll
0x00007ffc3b550000 - 0x00007ffc3b58a000 	C:\Windows\system32\rsaenh.dll
0x00007ffc3bc10000 - 0x00007ffc3bc3b000 	C:\Windows\SYSTEM32\USERENV.dll
0x00007ffc3c720000 - 0x00007ffc3c74a000 	C:\Windows\SYSTEM32\bcrypt.dll
0x00007ffc3be40000 - 0x00007ffc3be4c000 	C:\Windows\SYSTEM32\CRYPTBASE.dll
0x00007ffc3b000000 - 0x00007ffc3b034000 	C:\Windows\SYSTEM32\IPHLPAPI.DLL
0x00007ffc3d9d0000 - 0x00007ffc3d9da000 	C:\Windows\System32\NSI.dll
0x00007ffc37020000 - 0x00007ffc3703e000 	C:\Windows\SYSTEM32\dhcpcsvc6.DLL
0x00007ffc36e60000 - 0x00007ffc36e83000 	C:\Windows\SYSTEM32\dhcpcsvc.DLL
0x00007ffc3b090000 - 0x00007ffc3b1bc000 	C:\Windows\SYSTEM32\DNSAPI.dll
0x00007ffc1c240000 - 0x00007ffc1c250000 	C:\Program Files\Java\jdk-17\bin\verify.dll
0x00007ffc36250000 - 0x00007ffc3625b000 	C:\Windows\System32\rasadhlp.dll
0x00007ffc372e0000 - 0x00007ffc37366000 	C:\Windows\System32\fwpuclnt.dll
0x00007ffc18ac0000 - 0x00007ffc18ac8000 	C:\Windows\system32\wshunix.dll

dbghelp: loaded successfully - version: 4.0.5 - missing functions: none
symbol engine: initialized successfully - sym options: 0x614 - pdb path: .;C:\Program Files\Java\jdk-17\bin;C:\Windows\SYSTEM32;C:\Windows\WinSxS\amd64_microsoft.windows.common-controls_6595b64144ccf1df_6.0.26100.7019_none_3e06ffa0e335b8a8;C:\Program Files\Java\jdk-17\bin\server

VM Arguments:
jvm_args: -javaagent:C:\Program Files\JetBrains\IntelliJ IDEA 2025.2.3\lib\idea_rt.jar=58437 -Dfile.encoding=UTF-8 
java_command: com.scb.axessspringboottraining.AxessSpringbootTrainingApplication
java_class_path (initial): C:\Users\RAKESH\Desktop\loan\axess-sprintboot-training\target\classes;C:\Users\RAKESH\.m2\repository\org\springframework\boot\spring-boot-starter-web\3.2.0\spring-boot-starter-web-3.2.0.jar;C:\Users\RAKESH\.m2\repository\org\springframework\boot\spring-boot-starter\3.2.0\spring-boot-starter-3.2.0.jar;C:\Users\RAKESH\.m2\repository\org\springframework\boot\spring-boot-starter-logging\3.2.0\spring-boot-starter-logging-3.2.0.jar;C:\Users\RAKESH\.m2\repository\ch\qos\logback\logback-classic\1.4.11\logback-classic-1.4.11.jar;C:\Users\RAKESH\.m2\repository\ch\qos\logback\logback-core\1.4.11\logback-core-1.4.11.jar;C:\Users\RAKESH\.m2\repository\org\apache\logging\log4j\log4j-to-slf4j\2.21.1\log4j-to-slf4j-2.21.1.jar;C:\Users\RAKESH\.m2\repository\org\apache\logging\log4j\log4j-api\2.21.1\log4j-api-2.21.1.jar;C:\Users\RAKESH\.m2\repository\org\slf4j\jul-to-slf4j\2.0.9\jul-to-slf4j-2.0.9.jar;C:\Users\RAKESH\.m2\repository\jakarta\annotation\jakarta.annotation-api\2.1.1\jakarta.annotation-api-2.1.1.jar;C:\Users\RAKESH\.m2\repository\org\yaml\snakeyaml\2.2\snakeyaml-2.2.jar;C:\Users\RAKESH\.m2\repository\org\springframework\boot\spring-boot-starter-json\3.2.0\spring-boot-starter-json-3.2.0.jar;C:\Users\RAKESH\.m2\repository\com\fasterxml\jackson\datatype\jackson-datatype-jdk8\2.15.3\jackson-datatype-jdk8-2.15.3.jar;C:\Users\RAKESH\.m2\repository\com\fasterxml\jackson\datatype\jackson-datatype-jsr310\2.15.3\jackson-datatype-jsr310-2.15.3.jar;C:\Users\RAKESH\.m2\repository\com\fasterxml\jackson\module\jackson-module-parameter-names\2.15.3\jackson-module-parameter-names-2.15.3.jar;C:\Users\RAKESH\.m2\repository\org\springframework\boot\spring-boot-starter-tomcat\3.2.0\spring-boot-starter-tomcat-3.2.0.jar;C:\Users\RAKESH\.m2\repository\org\apache\tomcat\embed\tomcat-embed-core\10.1.16\tomcat-embed-core-10.1.16.jar;C:\Users\RAKESH\.m2\repository\org\apache\tomcat\embed\tomcat-embed-websocket\10.1.16\tomcat-embed-websocket-10.1.16.jar;C:\Users\RAKESH\.m
Launcher Type: SUN_STANDARD

[Global flags]
     intx CICompilerCount                          = 4                                         {product} {ergonomic}
     uint ConcGCThreads                            = 3                                         {product} {ergonomic}
     uint G1ConcRefinementThreads                  = 10                                        {product} {ergonomic}
   size_t G1HeapRegionSize                         = 1048576                                   {product} {ergonomic}
    uintx GCDrainStackTargetSize                   = 64                                        {product} {ergonomic}
   size_t InitialHeapSize                          = 56623104                                  {product} {ergonomic}
   size_t MarkStackSize                            = 4194304                                   {product} {ergonomic}
   size_t MaxHeapSize                              = 893386752                                 {product} {ergonomic}
   size_t MaxNewSize                               = 535822336                                 {product} {ergonomic}
   size_t MinHeapDeltaBytes                        = 1048576                                   {product} {ergonomic}
   size_t MinHeapSize                              = 8388608                                   {product} {ergonomic}
    uintx NonNMethodCodeHeapSize                   = 5839372                                {pd product} {ergonomic}
    uintx NonProfiledCodeHeapSize                  = 122909434                              {pd product} {ergonomic}
    uintx ProfiledCodeHeapSize                     = 122909434                              {pd product} {ergonomic}
    uintx ReservedCodeCacheSize                    = 251658240                              {pd product} {ergonomic}
     bool SegmentedCodeCache                       = true                                      {product} {ergonomic}
   size_t SoftMaxHeapSize                          = 893386752                              {manageable} {ergonomic}
     bool UseCompressedClassPointers               = true                           {product lp64_product} {ergonomic}
     bool UseCompressedOops                        = true                           {product lp64_product} {ergonomic}
     bool UseG1GC                                  = true                                      {product} {ergonomic}
     bool UseLargePagesIndividualAllocation        = false                                  {pd product} {ergonomic}

Logging:
Log output configuration:
 #0: stdout all=warning uptime,level,tags
 #1: stderr all=off uptime,level,tags

Environment Variables:
JAVA_HOME=C:\Program Files\Java\jdk-17
PATH=C:\Program Files\Common Files\Oracle\Java\javapath;C:\Program Files\Java\jdk-17\bin;C:\Python313\Scripts\;C:\Python313\;C:\Windows\system32;C:\Windows;C:\Windows\System32\Wbem;C:\Windows\System32\WindowsPowerShell\v1.0\;C:\Windows\System32\OpenSSH\;C:\ProgramData\chocolatey\bin;C:\Program Files\nodejs;C:\Program Files\cursor\resources\app\bin;C:\Program Files\Git\cmd;C:\Users\RAKESH\AppData\Local\Microsoft\WindowsApps;C:\Users\RAKESH\AppData\Local\Programs\Microsoft VS Code\bin;C:\Users\RAKESH\AppData\Roaming\npm;C:\Users\RAKESH\AppData\Local\Programs\Windsurf\bin;C:\Program Files\Apache\Maven\apache-maven-3.9.11\bin;C:\Program Files\Git\bin;C:\Program Files\JetBrains\IntelliJ IDEA 2025.2.3\bin
USERNAME=RAKESH
OS=Windows_NT
PROCESSOR_IDENTIFIER=AMD64 Family 23 Model 104 Stepping 1, AuthenticAMD



---------------  S Y S T E M  ---------------

OS:
 Windows 11 , 64 bit Build 26100 (10.0.26100.7019)
OS uptime: 0 days 1:17 hours

CPU: total 12 (initial active 12) (12 cores per cpu, 2 threads per core) family 23 model 104 stepping 1 microcode 0x8608109, cx8, cmov, fxsr, ht, mmx, 3dnowpref, sse, sse2, sse3, ssse3, sse4a, sse4.1, sse4.2, popcnt, lzcnt, tsc, tscinvbit, avx, avx2, aes, clmul, bmi1, bmi2, adx, sha, fma, vzeroupper, clflush, clflushopt

Memory: 4k page, system-wide physical 3405M (274M free)
TotalPageFile size 11597M (AvailPageFile size 80M)
current process WorkingSet (physical memory assigned to process): 197M, peak: 245M
current process commit charge ("private bytes"): 330M, peak: 336M

vm_info: Java HotSpot(TM) 64-Bit Server VM (17.0.12+8-LTS-286) for windows-amd64 JRE (17.0.12+8-LTS-286), built on Jun  5 2024 06:46:59 by "mach5one" with MS VC++ 17.6 (VS2022)

END.
