#
# There is insufficient memory for the Java Runtime Environment to continue.
# Native memory allocation (mmap) failed to map 83886080 bytes for G1 virtual space
# Possible reasons:
#   The system is out of physical RAM or swap space
#   The process is running with CompressedOops enabled, and the Java Heap may be blocking the growth of the native heap
# Possible solutions:
#   Reduce memory load on the system
#   Increase physical memory or swap space
#   Check if swap backing store is full
#   Decrease Java heap size (-Xmx/-Xms)
#   Decrease number of Java threads
#   Decrease Java thread stack sizes (-Xss)
#   Set larger code cache with -XX:ReservedCodeCacheSize=
#   JVM is running with Unscaled Compressed Oops mode in which the Java heap is
#     placed in the first 4GB address space. The Java Heap base address is the
#     maximum limit for the native heap growth. Please use -XX:HeapBaseMinAddress
#     to set the Java Heap base and to place the Java Heap above 4GB virtual address.
# This output file may be truncated or incomplete.
#
#  Out of Memory Error (os_windows.cpp:3548), pid=11856, tid=12004
#
# JRE version: Java(TM) SE Runtime Environment (17.0.12+8) (build 17.0.12+8-LTS-286)
# Java VM: Java HotSpot(TM) 64-Bit Server VM (17.0.12+8-LTS-286, mixed mode, sharing, tiered, compressed oops, compressed class ptrs, g1 gc, windows-amd64)
# No core dump will be written. Minidumps are not enabled by default on client versions of Windows
#

---------------  S U M M A R Y ------------

Command Line: -javaagent:C:\Program Files\JetBrains\IntelliJ IDEA 2025.2.3\lib\idea_rt.jar=62550 -Dfile.encoding=UTF-8 com.scb.axessspringboottraining.AxessSpringbootTrainingApplication

Host: AMD Ryzen 5 5500U with Radeon Graphics         , 12 cores, 3G,  Windows 11 , 64 bit Build 26100 (10.0.26100.7019)
Time: Thu Oct 30 13:45:03 2025 India Standard Time elapsed time: 500.081810 seconds (0d 0h 8m 20s)

---------------  T H R E A D  ---------------

Current thread (0x000001ab4da53630):  VMThread "VM Thread" [stack: 0x000000980e100000,0x000000980e200000] [id=12004]

Stack: [0x000000980e100000,0x000000980e200000]
Native frames: (J=compiled Java code, j=interpreted, Vv=VM code, C=native code)
V  [jvm.dll+0x67a04a]
V  [jvm.dll+0x7da4ed]
V  [jvm.dll+0x7dbe33]
V  [jvm.dll+0x7dc4a3]
V  [jvm.dll+0x24508f]
V  [jvm.dll+0x677089]
V  [jvm.dll+0x66bd32]
V  [jvm.dll+0x301fa6]
V  [jvm.dll+0x309546]
V  [jvm.dll+0x359d2e]
V  [jvm.dll+0x359f5f]
V  [jvm.dll+0x2d9078]
V  [jvm.dll+0x2d74ad]
V  [jvm.dll+0x2d6afc]
V  [jvm.dll+0x31a65b]
V  [jvm.dll+0x7e0d9b]
V  [jvm.dll+0x7e1ad4]
V  [jvm.dll+0x7e1fed]
V  [jvm.dll+0x7e23c4]
V  [jvm.dll+0x7e2490]
V  [jvm.dll+0x78abea]
V  [jvm.dll+0x678f35]
C  [ucrtbase.dll+0x37b0]
C  [KERNEL32.DLL+0x2e8d7]
C  [ntdll.dll+0x8c53c]

VM_Operation (0x000000980dafa120): G1CollectForAllocation, mode: safepoint, requested by thread 0x000001ab971b12d0


---------------  P R O C E S S  ---------------

Threads class SMR info:
_java_thread_list=0x000001ab961d30a0, length=20, elements={
0x000001ab4da570d0, 0x000001ab4da58ca0, 0x000001ab4da6a290, 0x000001ab4da6ce60,
0x000001ab4da6f830, 0x000001ab4da701f0, 0x000001ab4da70f90, 0x000001ab4da75760,
0x000001ab4da7f4a0, 0x000001ab93078700, 0x000001ab933fe890, 0x000001ab93338e70,
0x000001ab945e7760, 0x000001ab971ae030, 0x000001ab971b1cf0, 0x000001ab971aef60,
0x000001ab971b12d0, 0x000001ab971adb20, 0x000001ab971af470, 0x000001ab971afe90
}

Java Threads: ( => current thread )
  0x000001ab4da570d0 JavaThread "Reference Handler" daemon [_thread_blocked, id=12000, stack(0x000000980e200000,0x000000980e300000)]
  0x000001ab4da58ca0 JavaThread "Finalizer" daemon [_thread_blocked, id=11988, stack(0x000000980e300000,0x000000980e400000)]
  0x000001ab4da6a290 JavaThread "Signal Dispatcher" daemon [_thread_blocked, id=11888, stack(0x000000980e400000,0x000000980e500000)]
  0x000001ab4da6ce60 JavaThread "Attach Listener" daemon [_thread_blocked, id=12056, stack(0x000000980e500000,0x000000980e600000)]
  0x000001ab4da6f830 JavaThread "Service Thread" daemon [_thread_blocked, id=4560, stack(0x000000980e600000,0x000000980e700000)]
  0x000001ab4da701f0 JavaThread "Monitor Deflation Thread" daemon [_thread_blocked, id=12080, stack(0x000000980e700000,0x000000980e800000)]
  0x000001ab4da70f90 JavaThread "C2 CompilerThread0" daemon [_thread_blocked, id=1752, stack(0x000000980e800000,0x000000980e900000)]
  0x000001ab4da75760 JavaThread "C1 CompilerThread0" daemon [_thread_blocked, id=7256, stack(0x000000980e900000,0x000000980ea00000)]
  0x000001ab4da7f4a0 JavaThread "Sweeper thread" daemon [_thread_blocked, id=12068, stack(0x000000980ea00000,0x000000980eb00000)]
  0x000001ab93078700 JavaThread "Common-Cleaner" daemon [_thread_blocked, id=12052, stack(0x000000980eb00000,0x000000980ec00000)]
  0x000001ab933fe890 JavaThread "Monitor Ctrl-Break" daemon [_thread_in_native, id=10992, stack(0x000000980ec00000,0x000000980ed00000)]
  0x000001ab93338e70 JavaThread "Notification Thread" daemon [_thread_blocked, id=10952, stack(0x000000980ed00000,0x000000980ee00000)]
  0x000001ab945e7760 JavaThread "Live Reload Server" daemon [_thread_in_native, id=10824, stack(0x0000009810400000,0x0000009810500000)]
  0x000001ab971ae030 JavaThread "DestroyJavaVM" [_thread_blocked, id=10908, stack(0x000000980db00000,0x000000980dc00000)]
  0x000001ab971b1cf0 JavaThread "Thread-5" [_thread_blocked, id=11644, stack(0x000000980d800000,0x000000980d900000)]
  0x000001ab971aef60 JavaThread "File Watcher" daemon [_thread_blocked, id=1120, stack(0x000000980d900000,0x000000980da00000)]
  0x000001ab971b12d0 JavaThread "restartedMain" [_thread_blocked, id=9076, stack(0x000000980da00000,0x000000980db00000)]
  0x000001ab971adb20 JavaThread "PostgreSQL-JDBC-Cleaner" daemon [_thread_blocked, id=13788, stack(0x000000980ef00000,0x000000980f000000)]
  0x000001ab971af470 JavaThread "HikariPool-3 housekeeper" daemon [_thread_blocked, id=13804, stack(0x000000980fc00000,0x000000980fd00000)]
  0x000001ab971afe90 JavaThread "HikariPool-3 connection adder" daemon [_thread_blocked, id=14048, stack(0x000000980fd00000,0x000000980fe00000)]

Other Threads:
=>0x000001ab4da53630 VMThread "VM Thread" [stack: 0x000000980e100000,0x000000980e200000] [id=12004]
  0x000001ab320e6ba0 WatcherThread [stack: 0x000000980ee00000,0x000000980ef00000] [id=10604]
  0x000001ab320d5600 GCTaskThread "GC Thread#0" [stack: 0x000000980dc00000,0x000000980dd00000] [id=12016]
  0x000001ab93ac2b90 GCTaskThread "GC Thread#1" [stack: 0x000000980f100000,0x000000980f200000] [id=12076]
  0x000001ab93a3c6d0 GCTaskThread "GC Thread#2" [stack: 0x000000980f200000,0x000000980f300000] [id=3644]
  0x000001ab93a4a620 GCTaskThread "GC Thread#3" [stack: 0x000000980f300000,0x000000980f400000] [id=11092]
  0x000001ab93a4a8e0 GCTaskThread "GC Thread#4" [stack: 0x000000980f400000,0x000000980f500000] [id=7496]
  0x000001ab93a50d30 GCTaskThread "GC Thread#5" [stack: 0x000000980f500000,0x000000980f600000] [id=10748]
  0x000001ab93d62540 GCTaskThread "GC Thread#6" [stack: 0x000000980f700000,0x000000980f800000] [id=5468]
  0x000001ab93d62800 GCTaskThread "GC Thread#7" [stack: 0x000000980f800000,0x000000980f900000] [id=11048]
  0x000001ab941175e0 GCTaskThread "GC Thread#8" [stack: 0x000000980f900000,0x000000980fa00000] [id=1840]
  0x000001ab94c315c0 GCTaskThread "GC Thread#9" [stack: 0x000000980fa00000,0x000000980fb00000] [id=12132]
  0x000001ab320ddfe0 ConcurrentGCThread "G1 Main Marker" [stack: 0x000000980dd00000,0x000000980de00000] [id=12020]
  0x000001ab320df6c0 ConcurrentGCThread "G1 Conc#0" [stack: 0x000000980de00000,0x000000980df00000] [id=12040]
  0x000001ab94e62590 ConcurrentGCThread "G1 Conc#1" [stack: 0x000000980f600000,0x000000980f700000] [id=5772]
  0x000001ab94e62dd0 ConcurrentGCThread "G1 Conc#2" [stack: 0x000000980fb00000,0x000000980fc00000] [id=12140]
  0x000001ab32158790 ConcurrentGCThread "G1 Refine#0" [stack: 0x000000980df00000,0x000000980e000000] [id=12036]
  0x000001ab321591c0 ConcurrentGCThread "G1 Service" [stack: 0x000000980e000000,0x000000980e100000] [id=12044]

Threads with active compile tasks:
C2 CompilerThread0   500149 9590 %     4       org.postgresql.core.Parser::parseJdbcSql @ 129 (1556 bytes)

VM state: at safepoint (normal execution)

VM Mutex/Monitor currently owned by a thread:  ([mutex/lock_event])
[0x000001ab3209a3e0] Threads_lock - owner thread: 0x000001ab4da53630
[0x000001ab3209b160] Heap_lock - owner thread: 0x000001ab971b12d0

Heap address: 0x00000000cac00000, size: 852 MB, Compressed Oops mode: 32-bit

CDS archive(s) mapped at: [0x000001ab4e000000-0x000001ab4ebd0000-0x000001ab4ebd0000), size 12386304, SharedBaseAddress: 0x000001ab4e000000, ArchiveRelocationMode: 1.
Compressed class space mapped at: 0x000001ab4f000000-0x000001ab8f000000, reserved size: 1073741824
Narrow klass base: 0x000001ab4e000000, Narrow klass shift: 0, Narrow klass range: 0x100000000

GC Precious Log:
 CPUs: 12 total, 12 available
 Memory: 3405M
 Large Page Support: Disabled
 NUMA Support: Disabled
 Compressed Oops: Enabled (32-bit)
 Heap Region Size: 1M
 Heap Min Capacity: 8M
 Heap Initial Capacity: 54M
 Heap Max Capacity: 852M
 Pre-touch: Disabled
 Parallel Workers: 10
 Concurrent Workers: 3
 Concurrent Refinement Workers: 10
 Periodic GC: Disabled

Heap:
 garbage-first heap   total 76800K, used 40189K [0x00000000cac00000, 0x0000000100000000)
  region size 1024K, 1 young (1024K), 1 survivors (1024K)
 Metaspace       used 71794K, committed 72448K, reserved 1114112K
  class space    used 9656K, committed 9984K, reserved 1048576K

Heap Regions: E=young(eden), S=young(survivor), O=old, HS=humongous(starts), HC=humongous(continues), CS=collection set, F=free, OA=open archive, CA=closed archive, TAMS=top-at-mark-start (previous, next)
|   0|0x00000000cac00000, 0x00000000cad00000, 0x00000000cad00000|100%|HS|  |TAMS 0x00000000cad00000, 0x00000000cac00000| Complete 
|   1|0x00000000cad00000, 0x00000000cae00000, 0x00000000cae00000|100%| O|  |TAMS 0x00000000cae00000, 0x00000000cad00000| Untracked 
|   2|0x00000000cae00000, 0x00000000caf00000, 0x00000000caf00000|100%| O|  |TAMS 0x00000000caf00000, 0x00000000cae00000| Untracked 
|   3|0x00000000caf00000, 0x00000000cb000000, 0x00000000cb000000|100%| O|  |TAMS 0x00000000cb000000, 0x00000000caf00000| Untracked 
|   4|0x00000000cb000000, 0x00000000cb100000, 0x00000000cb100000|100%| O|  |TAMS 0x00000000cb100000, 0x00000000cb000000| Untracked 
|   5|0x00000000cb100000, 0x00000000cb200000, 0x00000000cb200000|100%| O|  |TAMS 0x00000000cb200000, 0x00000000cb100000| Untracked 
|   6|0x00000000cb200000, 0x00000000cb300000, 0x00000000cb300000|100%| O|  |TAMS 0x00000000cb300000, 0x00000000cb200000| Untracked 
|   7|0x00000000cb300000, 0x00000000cb3ffff0, 0x00000000cb400000| 99%| O|  |TAMS 0x00000000cb3ffff0, 0x00000000cb300000| Untracked 
|   8|0x00000000cb400000, 0x00000000cb500000, 0x00000000cb500000|100%| O|  |TAMS 0x00000000cb500000, 0x00000000cb400000| Untracked 
|   9|0x00000000cb500000, 0x00000000cb5fffb0, 0x00000000cb600000| 99%| O|  |TAMS 0x00000000cb5fffb0, 0x00000000cb500000| Untracked 
|  10|0x00000000cb600000, 0x00000000cb6ffff8, 0x00000000cb700000| 99%| O|  |TAMS 0x00000000cb6ffff8, 0x00000000cb600000| Untracked 
|  11|0x00000000cb700000, 0x00000000cb7ffff0, 0x00000000cb800000| 99%| O|  |TAMS 0x00000000cb7ffff0, 0x00000000cb700000| Untracked 
|  12|0x00000000cb800000, 0x00000000cb8fffd0, 0x00000000cb900000| 99%| O|  |TAMS 0x00000000cb8fffd0, 0x00000000cb800000| Untracked 
|  13|0x00000000cb900000, 0x00000000cb9fffa0, 0x00000000cba00000| 99%| O|  |TAMS 0x00000000cb9fffa0, 0x00000000cb900000| Untracked 
|  14|0x00000000cba00000, 0x00000000cbb00000, 0x00000000cbb00000|100%| O|  |TAMS 0x00000000cbb00000, 0x00000000cba00000| Untracked 
|  15|0x00000000cbb00000, 0x00000000cbbfff80, 0x00000000cbc00000| 99%| O|  |TAMS 0x00000000cbbfff80, 0x00000000cbb00000| Untracked 
|  16|0x00000000cbc00000, 0x00000000cbcfffd8, 0x00000000cbd00000| 99%| O|  |TAMS 0x00000000cbcfffd8, 0x00000000cbc00000| Untracked 
|  17|0x00000000cbd00000, 0x00000000cbe00000, 0x00000000cbe00000|100%| O|  |TAMS 0x00000000cbe00000, 0x00000000cbd00000| Untracked 
|  18|0x00000000cbe00000, 0x00000000cbeffff8, 0x00000000cbf00000| 99%| O|  |TAMS 0x00000000cbeffff8, 0x00000000cbe00000| Untracked 
|  19|0x00000000cbf00000, 0x00000000cbffffd8, 0x00000000cc000000| 99%| O|  |TAMS 0x00000000cbffffd8, 0x00000000cbf00000| Untracked 
|  20|0x00000000cc000000, 0x00000000cc0fffc0, 0x00000000cc100000| 99%| O|  |TAMS 0x00000000cc0fffc0, 0x00000000cc000000| Untracked 
|  21|0x00000000cc100000, 0x00000000cc1937c8, 0x00000000cc200000| 57%| O|  |TAMS 0x00000000cc1937c8, 0x00000000cc100000| Untracked 
|  22|0x00000000cc200000, 0x00000000cc2ffff8, 0x00000000cc300000| 99%| O|  |TAMS 0x00000000cc2ffff8, 0x00000000cc200000| Untracked 
|  23|0x00000000cc300000, 0x00000000cc3a7158, 0x00000000cc400000| 65%| O|  |TAMS 0x00000000cc3a7158, 0x00000000cc300000| Untracked 
|  24|0x00000000cc400000, 0x00000000cc400000, 0x00000000cc500000|  0%| F|  |TAMS 0x00000000cc400000, 0x00000000cc400000| Untracked 
|  25|0x00000000cc500000, 0x00000000cc600000, 0x00000000cc600000|100%| O|  |TAMS 0x00000000cc600000, 0x00000000cc500000| Untracked 
|  26|0x00000000cc600000, 0x00000000cc700000, 0x00000000cc700000|100%| O|  |TAMS 0x00000000cc700000, 0x00000000cc600000| Untracked 
|  27|0x00000000cc700000, 0x00000000cc78c108, 0x00000000cc800000| 54%| O|  |TAMS 0x00000000cc78c108, 0x00000000cc700000| Untracked 
|  28|0x00000000cc800000, 0x00000000cc900000, 0x00000000cc900000|100%| O|  |TAMS 0x00000000cc900000, 0x00000000cc800000| Untracked 
|  29|0x00000000cc900000, 0x00000000cca00000, 0x00000000cca00000|100%| O|  |TAMS 0x00000000cca00000, 0x00000000cc900000| Untracked 
|  30|0x00000000cca00000, 0x00000000ccaffae8, 0x00000000ccb00000| 99%| O|  |TAMS 0x00000000ccaffae8, 0x00000000cca00000| Untracked 
|  31|0x00000000ccb00000, 0x00000000ccc00000, 0x00000000ccc00000|100%| O|  |TAMS 0x00000000ccc00000, 0x00000000ccb00000| Untracked 
|  32|0x00000000ccc00000, 0x00000000ccd00000, 0x00000000ccd00000|100%| O|  |TAMS 0x00000000ccd00000, 0x00000000ccc00000| Untracked 
|  33|0x00000000ccd00000, 0x00000000cce00000, 0x00000000cce00000|100%| O|  |TAMS 0x00000000cce00000, 0x00000000ccd00000| Untracked 
|  34|0x00000000cce00000, 0x00000000ccf00000, 0x00000000ccf00000|100%| O|  |TAMS 0x00000000ccf00000, 0x00000000cce00000| Untracked 
|  35|0x00000000ccf00000, 0x00000000cd000000, 0x00000000cd000000|100%| O|  |TAMS 0x00000000cd000000, 0x00000000ccf00000| Untracked 
|  36|0x00000000cd000000, 0x00000000cd100000, 0x00000000cd100000|100%| O|  |TAMS 0x00000000cd100000, 0x00000000cd000000| Untracked 
|  37|0x00000000cd100000, 0x00000000cd200000, 0x00000000cd200000|100%| O|  |TAMS 0x00000000cd200000, 0x00000000cd100000| Untracked 
|  38|0x00000000cd200000, 0x00000000cd300000, 0x00000000cd300000|100%| O|  |TAMS 0x00000000cd267200, 0x00000000cd200000| Untracked 
|  39|0x00000000cd300000, 0x00000000cd400000, 0x00000000cd400000|100%| O|  |TAMS 0x00000000cd300000, 0x00000000cd300000| Untracked 
|  40|0x00000000cd400000, 0x00000000cd500000, 0x00000000cd500000|100%| O|  |TAMS 0x00000000cd400000, 0x00000000cd400000| Untracked 
|  41|0x00000000cd500000, 0x00000000cd570000, 0x00000000cd600000| 43%| O|  |TAMS 0x00000000cd500000, 0x00000000cd500000| Untracked 
|  42|0x00000000cd600000, 0x00000000cd600000, 0x00000000cd700000|  0%| F|  |TAMS 0x00000000cd600000, 0x00000000cd600000| Untracked 
|  43|0x00000000cd700000, 0x00000000cd700000, 0x00000000cd800000|  0%| F|  |TAMS 0x00000000cd700000, 0x00000000cd700000| Untracked 
|  44|0x00000000cd800000, 0x00000000cd800000, 0x00000000cd900000|  0%| F|  |TAMS 0x00000000cd800000, 0x00000000cd800000| Untracked 
|  45|0x00000000cd900000, 0x00000000cd900000, 0x00000000cda00000|  0%| F|  |TAMS 0x00000000cd900000, 0x00000000cd900000| Untracked 
|  46|0x00000000cda00000, 0x00000000cda00000, 0x00000000cdb00000|  0%| F|  |TAMS 0x00000000cda00000, 0x00000000cda00000| Untracked 
|  47|0x00000000cdb00000, 0x00000000cdb00000, 0x00000000cdc00000|  0%| F|  |TAMS 0x00000000cdb00000, 0x00000000cdb00000| Untracked 
|  48|0x00000000cdc00000, 0x00000000cdc00000, 0x00000000cdd00000|  0%| F|  |TAMS 0x00000000cdc00000, 0x00000000cdc00000| Untracked 
|  49|0x00000000cdd00000, 0x00000000cdd00000, 0x00000000cde00000|  0%| F|  |TAMS 0x00000000cdd00000, 0x00000000cdd00000| Untracked 
|  50|0x00000000cde00000, 0x00000000cde00000, 0x00000000cdf00000|  0%| F|  |TAMS 0x00000000cde00000, 0x00000000cde00000| Untracked 
|  51|0x00000000cdf00000, 0x00000000cdf00000, 0x00000000ce000000|  0%| F|  |TAMS 0x00000000cdf00000, 0x00000000cdf00000| Untracked 
|  52|0x00000000ce000000, 0x00000000ce000000, 0x00000000ce100000|  0%| F|  |TAMS 0x00000000ce000000, 0x00000000ce000000| Untracked 
|  53|0x00000000ce100000, 0x00000000ce100000, 0x00000000ce200000|  0%| F|  |TAMS 0x00000000ce100000, 0x00000000ce100000| Untracked 
|  54|0x00000000ce200000, 0x00000000ce200000, 0x00000000ce300000|  0%| F|  |TAMS 0x00000000ce200000, 0x00000000ce200000| Untracked 
|  55|0x00000000ce300000, 0x00000000ce300000, 0x00000000ce400000|  0%| F|  |TAMS 0x00000000ce300000, 0x00000000ce300000| Untracked 
|  56|0x00000000ce400000, 0x00000000ce400000, 0x00000000ce500000|  0%| F|  |TAMS 0x00000000ce400000, 0x00000000ce400000| Untracked 
|  57|0x00000000ce500000, 0x00000000ce500000, 0x00000000ce600000|  0%| F|  |TAMS 0x00000000ce500000, 0x00000000ce500000| Untracked 
|  58|0x00000000ce600000, 0x00000000ce600000, 0x00000000ce700000|  0%| F|  |TAMS 0x00000000ce600000, 0x00000000ce600000| Untracked 
|  59|0x00000000ce700000, 0x00000000ce700000, 0x00000000ce800000|  0%| F|  |TAMS 0x00000000ce700000, 0x00000000ce700000| Untracked 
|  60|0x00000000ce800000, 0x00000000ce800000, 0x00000000ce900000|  0%| F|  |TAMS 0x00000000ce800000, 0x00000000ce800000| Untracked 
|  61|0x00000000ce900000, 0x00000000ce900000, 0x00000000cea00000|  0%| F|  |TAMS 0x00000000ce900000, 0x00000000ce900000| Untracked 
|  62|0x00000000cea00000, 0x00000000cea00000, 0x00000000ceb00000|  0%| F|  |TAMS 0x00000000cea00000, 0x00000000cea00000| Untracked 
|  63|0x00000000ceb00000, 0x00000000ceb00000, 0x00000000cec00000|  0%| F|  |TAMS 0x00000000ceb00000, 0x00000000ceb00000| Untracked 
|  64|0x00000000cec00000, 0x00000000cec00000, 0x00000000ced00000|  0%| F|  |TAMS 0x00000000cec00000, 0x00000000cec00000| Untracked 
|  65|0x00000000ced00000, 0x00000000ced00000, 0x00000000cee00000|  0%| F|  |TAMS 0x00000000ced00000, 0x00000000ced00000| Untracked 
|  66|0x00000000cee00000, 0x00000000cee00000, 0x00000000cef00000|  0%| F|  |TAMS 0x00000000cee00000, 0x00000000cee00000| Untracked 
|  67|0x00000000cef00000, 0x00000000cef00000, 0x00000000cf000000|  0%| F|  |TAMS 0x00000000cef00000, 0x00000000cef00000| Untracked 
|  68|0x00000000cf000000, 0x00000000cf000000, 0x00000000cf100000|  0%| F|  |TAMS 0x00000000cf000000, 0x00000000cf000000| Untracked 
|  69|0x00000000cf100000, 0x00000000cf100000, 0x00000000cf200000|  0%| F|  |TAMS 0x00000000cf100000, 0x00000000cf100000| Untracked 
|  70|0x00000000cf200000, 0x00000000cf200000, 0x00000000cf300000|  0%| F|  |TAMS 0x00000000cf200000, 0x00000000cf200000| Untracked 
|  71|0x00000000cf300000, 0x00000000cf300000, 0x00000000cf400000|  0%| F|  |TAMS 0x00000000cf300000, 0x00000000cf300000| Untracked 
|  72|0x00000000cf400000, 0x00000000cf400000, 0x00000000cf500000|  0%| F|  |TAMS 0x00000000cf400000, 0x00000000cf400000| Untracked 
|  73|0x00000000cf500000, 0x00000000cf509130, 0x00000000cf600000|  3%| S|CS|TAMS 0x00000000cf500000, 0x00000000cf500000| Complete 
|  74|0x00000000cf600000, 0x00000000cf600000, 0x00000000cf700000|  0%| F|  |TAMS 0x00000000cf600000, 0x00000000cf600000| Untracked 

Card table byte_map: [0x000001ab49060000,0x000001ab49210000] _byte_map_base: 0x000001ab48a0a000

Marking Bits (Prev, Next): (CMBitMap*) 0x000001ab320d6c70, (CMBitMap*) 0x000001ab320d6c30
 Prev Bits: [0x000001ab4a110000, 0x000001ab4ae60000)
 Next Bits: [0x000001ab493c0000, 0x000001ab4a110000)

Polling page: 0x000001ab30030000

Metaspace:

Usage:
  Non-class:     60.68 MB used.
      Class:      9.43 MB used.
       Both:     70.11 MB used.

Virtual space:
  Non-class space:       64.00 MB reserved,      61.00 MB ( 95%) committed,  1 nodes.
      Class space:        1.00 GB reserved,       9.75 MB ( <1%) committed,  1 nodes.
             Both:        1.06 GB reserved,      70.75 MB (  7%) committed. 

Chunk freelists:
   Non-Class:  2.47 MB
       Class:  6.30 MB
        Both:  8.77 MB

MaxMetaspaceSize: unlimited
CompressedClassSpaceSize: 1.00 GB
Initial GC threshold: 21.00 MB
Current GC threshold: 117.31 MB
CDS: on
MetaspaceReclaimPolicy: balanced
 - commit_granule_bytes: 65536.
 - commit_granule_words: 8192.
 - virtual_space_node_default_size: 8388608.
 - enlarge_chunks_in_place: 1.
 - new_chunks_are_fully_committed: 0.
 - uncommit_free_chunks: 1.
 - use_allocation_guard: 0.
 - handle_deallocations: 1.


Internal statistics:

num_allocs_failed_limit: 6.
num_arena_births: 898.
num_arena_deaths: 10.
num_vsnodes_births: 2.
num_vsnodes_deaths: 0.
num_space_committed: 1132.
num_space_uncommitted: 0.
num_chunks_returned_to_freelist: 21.
num_chunks_taken_from_freelist: 3733.
num_chunk_merges: 5.
num_chunk_splits: 2610.
num_chunks_enlarged: 1925.
num_inconsistent_stats: 0.

CodeHeap 'non-profiled nmethods': size=120000Kb used=5554Kb max_used=6041Kb free=114445Kb
 bounds [0x000001ab41420000, 0x000001ab41a10000, 0x000001ab48950000]
CodeHeap 'profiled nmethods': size=120000Kb used=13176Kb max_used=14797Kb free=106823Kb
 bounds [0x000001ab39950000, 0x000001ab3a7d0000, 0x000001ab40e80000]
CodeHeap 'non-nmethods': size=5760Kb used=1327Kb max_used=1381Kb free=4432Kb
 bounds [0x000001ab40e80000, 0x000001ab410f0000, 0x000001ab41420000]
 total_blobs=8518 nmethods=7864 adapters=565
 compilation: enabled
              stopped_count=0, restarted_count=0
 full_count=0

Compilation events (20 events):
Event: 498.952 Thread 0x000001ab4da75760 9630       1       org.springframework.orm.jpa.AbstractEntityManagerFactoryBean::getEntityManagerInterface (5 bytes)
Event: 498.953 Thread 0x000001ab4da75760 nmethod 9630 0x000001ab4182a190 code [0x000001ab4182a320, 0x000001ab4182a3f8]
Event: 498.963 Thread 0x000001ab4da75760 9634       3       java.util.concurrent.atomic.AtomicIntegerFieldUpdater$AtomicIntegerFieldUpdaterImpl::accessCheck (17 bytes)
Event: 498.964 Thread 0x000001ab4da75760 nmethod 9634 0x000001ab39fc8610 code [0x000001ab39fc87c0, 0x000001ab39fc8988]
Event: 498.964 Thread 0x000001ab4da75760 9635       3       java.util.Properties::<init> (8 bytes)
Event: 498.964 Thread 0x000001ab4da75760 nmethod 9635 0x000001ab39e7db90 code [0x000001ab39e7dd80, 0x000001ab39e7e228]
Event: 498.976 Thread 0x000001ab4da75760 9636  s    1       org.springframework.beans.PropertyValue::getConvertedValue (5 bytes)
Event: 498.976 Thread 0x000001ab4da75760 nmethod 9636 0x000001ab41829e10 code [0x000001ab41829fa0, 0x000001ab4182a118]
Event: 498.977 Thread 0x000001ab4da75760 9637   !   3       org.springframework.orm.jpa.AbstractEntityManagerFactoryBean::getNativeEntityManagerFactory (100 bytes)
Event: 498.977 Thread 0x000001ab4da75760 nmethod 9637 0x000001ab39ab8790 code [0x000001ab39ab8a00, 0x000001ab39ab9568]
Event: 498.979 Thread 0x000001ab4da75760 9638       1       org.hibernate.internal.AbstractSharedSessionContract::getEventListenerManager (5 bytes)
Event: 498.980 Thread 0x000001ab4da75760 nmethod 9638 0x000001ab41829b10 code [0x000001ab41829ca0, 0x000001ab41829d78]
Event: 498.980 Thread 0x000001ab4da75760 9639       3       org.hibernate.internal.SessionImpl::delayedAfterCompletion (25 bytes)
Event: 498.981 Thread 0x000001ab4da75760 nmethod 9639 0x000001ab39e8a690 code [0x000001ab39e8a860, 0x000001ab39e8ad18]
Event: 499.002 Thread 0x000001ab4da75760 9642       3       org.hibernate.internal.JdbcSessionContextImpl::settings (10 bytes)
Event: 499.003 Thread 0x000001ab4da75760 nmethod 9642 0x000001ab39fe3190 code [0x000001ab39fe3320, 0x000001ab39fe3498]
Event: 499.003 Thread 0x000001ab4da75760 9644   !   3       org.springframework.aop.framework.ProxyCreatorSupport::adviceChanged (67 bytes)
Event: 499.004 Thread 0x000001ab4da75760 nmethod 9644 0x000001ab3a12b110 code [0x000001ab3a12b320, 0x000001ab3a12bae8]
Event: 499.004 Thread 0x000001ab4da75760 9643       1       org.springframework.orm.jpa.AbstractEntityManagerFactoryBean::getJpaDialect (5 bytes)
Event: 499.004 Thread 0x000001ab4da75760 nmethod 9643 0x000001ab41829810 code [0x000001ab418299a0, 0x000001ab41829a78]

GC Heap History (20 events):
Event: 193.331 GC heap after
{Heap after GC invocations=39 (full 1):
 garbage-first heap   total 76800K, used 32123K [0x00000000cac00000, 0x0000000100000000)
  region size 1024K, 4 young (4096K), 4 survivors (4096K)
 Metaspace       used 69720K, committed 70272K, reserved 1114112K
  class space    used 9507K, committed 9792K, reserved 1048576K
}
Event: 194.090 GC heap before
{Heap before GC invocations=39 (full 1):
 garbage-first heap   total 76800K, used 58747K [0x00000000cac00000, 0x0000000100000000)
  region size 1024K, 30 young (30720K), 4 survivors (4096K)
 Metaspace       used 70191K, committed 70784K, reserved 1114112K
  class space    used 9529K, committed 9792K, reserved 1048576K
}
Event: 194.096 GC heap after
{Heap after GC invocations=40 (full 1):
 garbage-first heap   total 76800K, used 33422K [0x00000000cac00000, 0x0000000100000000)
  region size 1024K, 3 young (3072K), 3 survivors (3072K)
 Metaspace       used 70191K, committed 70784K, reserved 1114112K
  class space    used 9529K, committed 9792K, reserved 1048576K
}
Event: 194.171 GC heap before
{Heap before GC invocations=40 (full 1):
 garbage-first heap   total 76800K, used 59022K [0x00000000cac00000, 0x0000000100000000)
  region size 1024K, 28 young (28672K), 3 survivors (3072K)
 Metaspace       used 70306K, committed 70848K, reserved 1114112K
  class space    used 9535K, committed 9792K, reserved 1048576K
}
Event: 194.175 GC heap after
{Heap after GC invocations=41 (full 1):
 garbage-first heap   total 76800K, used 33918K [0x00000000cac00000, 0x0000000100000000)
  region size 1024K, 3 young (3072K), 3 survivors (3072K)
 Metaspace       used 70306K, committed 70848K, reserved 1114112K
  class space    used 9535K, committed 9792K, reserved 1048576K
}
Event: 194.250 GC heap before
{Heap before GC invocations=41 (full 1):
 garbage-first heap   total 76800K, used 59518K [0x00000000cac00000, 0x0000000100000000)
  region size 1024K, 28 young (28672K), 3 survivors (3072K)
 Metaspace       used 70541K, committed 71168K, reserved 1114112K
  class space    used 9553K, committed 9856K, reserved 1048576K
}
Event: 194.253 GC heap after
{Heap after GC invocations=42 (full 1):
 garbage-first heap   total 76800K, used 34334K [0x00000000cac00000, 0x0000000100000000)
  region size 1024K, 3 young (3072K), 3 survivors (3072K)
 Metaspace       used 70541K, committed 71168K, reserved 1114112K
  class space    used 9553K, committed 9856K, reserved 1048576K
}
Event: 359.201 GC heap before
{Heap before GC invocations=43 (full 1):
 garbage-first heap   total 76800K, used 60958K [0x00000000cac00000, 0x0000000100000000)
  region size 1024K, 29 young (29696K), 3 survivors (3072K)
 Metaspace       used 70874K, committed 71488K, reserved 1114112K
  class space    used 9597K, committed 9920K, reserved 1048576K
}
Event: 360.439 GC heap after
{Heap after GC invocations=44 (full 1):
 garbage-first heap   total 76800K, used 34428K [0x00000000cac00000, 0x0000000100000000)
  region size 1024K, 2 young (2048K), 2 survivors (2048K)
 Metaspace       used 70874K, committed 71488K, reserved 1114112K
  class space    used 9597K, committed 9920K, reserved 1048576K
}
Event: 495.176 GC heap before
{Heap before GC invocations=44 (full 1):
 garbage-first heap   total 76800K, used 61052K [0x00000000cac00000, 0x0000000100000000)
  region size 1024K, 28 young (28672K), 2 survivors (2048K)
 Metaspace       used 71033K, committed 71680K, reserved 1114112K
  class space    used 9609K, committed 9920K, reserved 1048576K
}
Event: 495.225 GC heap after
{Heap after GC invocations=45 (full 1):
 garbage-first heap   total 76800K, used 36274K [0x00000000cac00000, 0x0000000100000000)
  region size 1024K, 4 young (4096K), 4 survivors (4096K)
 Metaspace       used 71033K, committed 71680K, reserved 1114112K
  class space    used 9609K, committed 9920K, reserved 1048576K
}
Event: 496.459 GC heap before
{Heap before GC invocations=46 (full 1):
 garbage-first heap   total 76800K, used 60850K [0x00000000cac00000, 0x0000000100000000)
  region size 1024K, 28 young (28672K), 4 survivors (4096K)
 Metaspace       used 71281K, committed 71872K, reserved 1114112K
  class space    used 9630K, committed 9920K, reserved 1048576K
}
Event: 496.481 GC heap after
{Heap after GC invocations=47 (full 1):
 garbage-first heap   total 76800K, used 37370K [0x00000000cac00000, 0x0000000100000000)
  region size 1024K, 4 young (4096K), 4 survivors (4096K)
 Metaspace       used 71281K, committed 71872K, reserved 1114112K
  class space    used 9630K, committed 9920K, reserved 1048576K
}
Event: 496.527 GC heap before
{Heap before GC invocations=47 (full 1):
 garbage-first heap   total 76800K, used 38394K [0x00000000cac00000, 0x0000000100000000)
  region size 1024K, 5 young (5120K), 4 survivors (4096K)
 Metaspace       used 71284K, committed 71872K, reserved 1114112K
  class space    used 9630K, committed 9920K, reserved 1048576K
}
Event: 496.566 GC heap after
{Heap after GC invocations=48 (full 1):
 garbage-first heap   total 76800K, used 37911K [0x00000000cac00000, 0x0000000100000000)
  region size 1024K, 1 young (1024K), 1 survivors (1024K)
 Metaspace       used 71284K, committed 71872K, reserved 1114112K
  class space    used 9630K, committed 9920K, reserved 1048576K
}
Event: 498.361 GC heap before
{Heap before GC invocations=48 (full 1):
 garbage-first heap   total 76800K, used 60439K [0x00000000cac00000, 0x0000000100000000)
  region size 1024K, 23 young (23552K), 1 survivors (1024K)
 Metaspace       used 71412K, committed 72064K, reserved 1114112K
  class space    used 9637K, committed 9920K, reserved 1048576K
}
Event: 498.369 GC heap after
{Heap after GC invocations=49 (full 1):
 garbage-first heap   total 76800K, used 39168K [0x00000000cac00000, 0x0000000100000000)
  region size 1024K, 2 young (2048K), 2 survivors (2048K)
 Metaspace       used 71412K, committed 72064K, reserved 1114112K
  class space    used 9637K, committed 9920K, reserved 1048576K
}
Event: 499.008 GC heap before
{Heap before GC invocations=50 (full 1):
 garbage-first heap   total 76800K, used 60672K [0x00000000cac00000, 0x0000000100000000)
  region size 1024K, 23 young (23552K), 2 survivors (2048K)
 Metaspace       used 71794K, committed 72448K, reserved 1114112K
  class space    used 9656K, committed 9984K, reserved 1048576K
}
Event: 499.020 GC heap after
{Heap after GC invocations=51 (full 1):
 garbage-first heap   total 76800K, used 40160K [0x00000000cac00000, 0x0000000100000000)
  region size 1024K, 2 young (2048K), 2 survivors (2048K)
 Metaspace       used 71794K, committed 72448K, reserved 1114112K
  class space    used 9656K, committed 9984K, reserved 1048576K
}
Event: 499.022 GC heap before
{Heap before GC invocations=51 (full 1):
 garbage-first heap   total 76800K, used 41184K [0x00000000cac00000, 0x0000000100000000)
  region size 1024K, 3 young (3072K), 2 survivors (2048K)
 Metaspace       used 71794K, committed 72448K, reserved 1114112K
  class space    used 9656K, committed 9984K, reserved 1048576K
}

Deoptimization events (20 events):
Event: 498.508 Thread 0x000001ab971b12d0 Uncommon trap: trap_request=0xffffffbe fr.pc=0x000001ab419a01b4 relative=0x00000000000001f4
Event: 498.508 Thread 0x000001ab971b12d0 Uncommon trap: reason=profile_predicate action=maybe_recompile pc=0x000001ab419a01b4 method=java.util.AbstractList.hashCode()I @ 13 c2
Event: 498.508 Thread 0x000001ab971b12d0 DEOPT PACKING pc=0x000001ab419a01b4 sp=0x000000980daf81d0
Event: 498.508 Thread 0x000001ab971b12d0 DEOPT UNPACKING pc=0x000001ab40ed23a3 sp=0x000000980daf8160 mode 2
Event: 498.527 Thread 0x000001ab971b12d0 DEOPT PACKING pc=0x000001ab39b80623 sp=0x000000980daf86e0
Event: 498.527 Thread 0x000001ab971b12d0 DEOPT UNPACKING pc=0x000001ab40ed2b43 sp=0x000000980daf7b50 mode 0
Event: 498.665 Thread 0x000001ab971b12d0 DEOPT PACKING pc=0x000001ab3a66d965 sp=0x000000980daf8b20
Event: 498.665 Thread 0x000001ab971b12d0 DEOPT UNPACKING pc=0x000001ab40ed2b43 sp=0x000000980daf8010 mode 0
Event: 498.980 Thread 0x000001ab971b12d0 Uncommon trap: trap_request=0xffffffde fr.pc=0x000001ab4192cdd0 relative=0x0000000000000570
Event: 498.980 Thread 0x000001ab971b12d0 Uncommon trap: reason=class_check action=maybe_recompile pc=0x000001ab4192cdd0 method=org.springframework.data.repository.core.support.RepositoryComposition$RepositoryFragments.iterator()Ljava/util/Iterator; @ 4 c2
Event: 498.980 Thread 0x000001ab971b12d0 DEOPT PACKING pc=0x000001ab4192cdd0 sp=0x000000980dafb0f0
Event: 498.980 Thread 0x000001ab971b12d0 DEOPT UNPACKING pc=0x000001ab40ed23a3 sp=0x000000980dafb010 mode 2
Event: 499.002 Thread 0x000001ab971b12d0 Uncommon trap: trap_request=0xffffffde fr.pc=0x000001ab4192cdd0 relative=0x0000000000000570
Event: 499.002 Thread 0x000001ab971b12d0 Uncommon trap: reason=class_check action=maybe_recompile pc=0x000001ab4192cdd0 method=org.springframework.data.repository.core.support.RepositoryComposition$RepositoryFragments.iterator()Ljava/util/Iterator; @ 4 c2
Event: 499.002 Thread 0x000001ab971b12d0 DEOPT PACKING pc=0x000001ab4192cdd0 sp=0x000000980dafadf0
Event: 499.002 Thread 0x000001ab971b12d0 DEOPT UNPACKING pc=0x000001ab40ed23a3 sp=0x000000980dafad10 mode 2
Event: 499.002 Thread 0x000001ab971b12d0 Uncommon trap: trap_request=0xffffffde fr.pc=0x000001ab4192cdd0 relative=0x0000000000000570
Event: 499.002 Thread 0x000001ab971b12d0 Uncommon trap: reason=class_check action=maybe_recompile pc=0x000001ab4192cdd0 method=org.springframework.data.repository.core.support.RepositoryComposition$RepositoryFragments.iterator()Ljava/util/Iterator; @ 4 c2
Event: 499.002 Thread 0x000001ab971b12d0 DEOPT PACKING pc=0x000001ab4192cdd0 sp=0x000000980dafade0
Event: 499.002 Thread 0x000001ab971b12d0 DEOPT UNPACKING pc=0x000001ab40ed23a3 sp=0x000000980dafad00 mode 2

Classes unloaded (5 events):
Event: 25.043 Thread 0x000001ab4da53630 Unloading class 0x000001ab4f854800 'jdk/internal/reflect/GeneratedSerializationConstructorAccessor3'
Event: 25.043 Thread 0x000001ab4da53630 Unloading class 0x000001ab4f854400 'jdk/internal/reflect/GeneratedSerializationConstructorAccessor2'
Event: 25.043 Thread 0x000001ab4da53630 Unloading class 0x000001ab4f854000 'jdk/internal/reflect/GeneratedSerializationConstructorAccessor1'
Event: 498.424 Thread 0x000001ab4da53630 Unloading class 0x000001ab4f993400 'jdk/internal/reflect/GeneratedSerializationConstructorAccessor5'
Event: 498.424 Thread 0x000001ab4da53630 Unloading class 0x000001ab4f993000 'jdk/internal/reflect/GeneratedSerializationConstructorAccessor4'

Classes redefined (0 events):
No events

Internal exceptions (20 events):
Event: 194.053 Thread 0x000001ab971afe90 Exception <a 'java/io/FileNotFoundException'{0x00000000cde388e0}> (0x00000000cde388e0) 
thrown [s\open\src\hotspot\share\prims\jni.cpp, line 516]
Event: 194.305 Thread 0x000001ab971afe90 Exception <a 'java/lang/reflect/InvocationTargetException'{0x00000000ced778e8}> (0x00000000ced778e8) 
thrown [s\open\src\hotspot\share\runtime\reflection.cpp, line 1121]
Event: 194.375 Thread 0x000001ab971aea50 Exception <a 'java/lang/InterruptedException'{0x00000000cec7c870}: sleep interrupted> (0x00000000cec7c870) 
thrown [s\open\src\hotspot\share\prims\jvm.cpp, line 3064]
Event: 194.405 Thread 0x000001ab971afe90 Exception <a 'java/lang/NoClassDefFoundError'{0x00000000ceb0fd60}: liquibase/exception/ChangeLogParseException> (0x00000000ceb0fd60) 
thrown [s\open\src\hotspot\share\classfile\systemDictionary.cpp, line 245]
Event: 194.431 Thread 0x000001ab971afe90 Exception <a 'java/lang/reflect/InvocationTargetException'{0x00000000cebe05e8}> (0x00000000cebe05e8) 
thrown [s\open\src\hotspot\share\runtime\reflection.cpp, line 1121]
Event: 490.071 Thread 0x000001ab971b12d0 Exception <a 'sun/nio/fs/WindowsException'{0x00000000cea0d100}> (0x00000000cea0d100) 
thrown [s\open\src\hotspot\share\prims\jni.cpp, line 516]
Event: 491.899 Thread 0x000001ab971b12d0 Exception <a 'sun/nio/fs/WindowsException'{0x00000000ce875f38}> (0x00000000ce875f38) 
thrown [s\open\src\hotspot\share\prims\jni.cpp, line 516]
Event: 496.180 Thread 0x000001ab971b12d0 Exception <a 'sun/nio/fs/WindowsException'{0x00000000ce79d778}> (0x00000000ce79d778) 
thrown [s\open\src\hotspot\share\prims\jni.cpp, line 516]
Event: 496.248 Thread 0x000001ab971b12d0 Exception <a 'sun/nio/fs/WindowsException'{0x00000000ce5273e8}> (0x00000000ce5273e8) 
thrown [s\open\src\hotspot\share\prims\jni.cpp, line 516]
Event: 496.437 Thread 0x000001ab971b12d0 Exception <a 'java/lang/NoClassDefFoundError'{0x00000000cde28a78}: org/flywaydb/core/Flyway> (0x00000000cde28a78) 
thrown [s\open\src\hotspot\share\oops\constantPool.cpp, line 837]
Event: 496.437 Thread 0x000001ab971b12d0 Exception <a 'java/lang/NoClassDefFoundError'{0x00000000cde290c8}: liquibase/integration/spring/SpringLiquibase> (0x00000000cde290c8) 
thrown [s\open\src\hotspot\share\oops\constantPool.cpp, line 837]
Event: 496.451 Thread 0x000001ab971b12d0 Exception <a 'java/lang/NoClassDefFoundError'{0x00000000cdea9b08}: org/jooq/DSLContext> (0x00000000cdea9b08) 
thrown [s\open\src\hotspot\share\oops\constantPool.cpp, line 837]
Event: 496.452 Thread 0x000001ab971b12d0 Exception <a 'java/lang/NoClassDefFoundError'{0x00000000cdeb71b8}: org/springframework/batch/core/repository/JobRepository> (0x00000000cdeb71b8) 
thrown [s\open\src\hotspot\share\oops\constantPool.cpp, line 837]
Event: 496.452 Thread 0x000001ab971b12d0 Exception <a 'java/lang/NoClassDefFoundError'{0x00000000cdeb7800}: org/quartz/Scheduler> (0x00000000cdeb7800) 
thrown [s\open\src\hotspot\share\oops\constantPool.cpp, line 837]
Event: 496.452 Thread 0x000001ab971b12d0 Exception <a 'java/lang/NoClassDefFoundError'{0x00000000cdeb7e70}: org/springframework/session/jdbc/JdbcIndexedSessionRepository> (0x00000000cdeb7e70) 
thrown [s\open\src\hotspot\share\oops\constantPool.cpp, line 837]
Event: 496.757 Thread 0x000001ab971b12d0 Exception <a 'sun/nio/fs/WindowsException'{0x00000000ceea0d88}> (0x00000000ceea0d88) 
thrown [s\open\src\hotspot\share\prims\jni.cpp, line 516]
Event: 496.759 Thread 0x000001ab971b12d0 Exception <a 'sun/nio/fs/WindowsException'{0x00000000ceea1478}> (0x00000000ceea1478) 
thrown [s\open\src\hotspot\share\prims\jni.cpp, line 516]
Event: 496.759 Thread 0x000001ab971b12d0 Exception <a 'sun/nio/fs/WindowsException'{0x00000000ceea1b58}> (0x00000000ceea1b58) 
thrown [s\open\src\hotspot\share\prims\jni.cpp, line 516]
Event: 496.796 Thread 0x000001ab971b12d0 Exception <a 'java/io/FileNotFoundException'{0x00000000ceedd238}> (0x00000000ceedd238) 
thrown [s\open\src\hotspot\share\prims\jni.cpp, line 516]
Event: 496.956 Thread 0x000001ab971b12d0 Exception <a 'sun/nio/fs/WindowsException'{0x00000000ce62bc38}> (0x00000000ce62bc38) 
thrown [s\open\src\hotspot\share\prims\jni.cpp, line 516]

VM Operations (20 events):
Event: 496.566 Executing VM operation: G1CollectForAllocation done
Event: 497.571 Executing VM operation: Cleanup
Event: 497.619 Executing VM operation: Cleanup done
Event: 497.680 Executing VM operation: HandshakeAllThreads
Event: 497.697 Executing VM operation: HandshakeAllThreads done
Event: 498.219 Executing VM operation: HandshakeAllThreads
Event: 498.220 Executing VM operation: HandshakeAllThreads done
Event: 498.274 Executing VM operation: HandshakeAllThreads
Event: 498.274 Executing VM operation: HandshakeAllThreads done
Event: 498.360 Executing VM operation: G1CollectForAllocation
Event: 498.370 Executing VM operation: G1CollectForAllocation done
Event: 498.423 Executing VM operation: G1Concurrent
Event: 498.438 Executing VM operation: G1Concurrent done
Event: 498.455 Executing VM operation: G1Concurrent
Event: 498.463 Executing VM operation: G1Concurrent done
Event: 498.526 Executing VM operation: ICBufferFull
Event: 498.526 Executing VM operation: ICBufferFull done
Event: 499.007 Executing VM operation: G1CollectForAllocation
Event: 499.020 Executing VM operation: G1CollectForAllocation done
Event: 499.022 Executing VM operation: G1CollectForAllocation

Events (20 events):
Event: 498.299 Thread 0x000001ab4da7f4a0 flushing nmethod 0x000001ab3a3fcd90
Event: 498.299 Thread 0x000001ab4da7f4a0 flushing nmethod 0x000001ab3a3ff590
Event: 498.299 Thread 0x000001ab4da7f4a0 flushing nmethod 0x000001ab3a414a10
Event: 498.299 Thread 0x000001ab4da7f4a0 flushing nmethod 0x000001ab3a416190
Event: 498.300 Thread 0x000001ab4da7f4a0 flushing nmethod 0x000001ab3a41ff10
Event: 498.300 Thread 0x000001ab4da7f4a0 flushing nmethod 0x000001ab3a427790
Event: 498.300 Thread 0x000001ab4da7f4a0 flushing nmethod 0x000001ab3a42f010
Event: 498.300 Thread 0x000001ab4da7f4a0 flushing nmethod 0x000001ab3a430690
Event: 498.300 Thread 0x000001ab4da7f4a0 flushing nmethod 0x000001ab3a431e10
Event: 498.300 Thread 0x000001ab4da7f4a0 flushing nmethod 0x000001ab3a433790
Event: 498.300 Thread 0x000001ab4da7f4a0 flushing nmethod 0x000001ab3a44c710
Event: 498.300 Thread 0x000001ab4da7f4a0 flushing nmethod 0x000001ab3a465c90
Event: 498.300 Thread 0x000001ab4da7f4a0 flushing nmethod 0x000001ab3a467f90
Event: 498.301 Thread 0x000001ab4da7f4a0 flushing nmethod 0x000001ab3a46f090
Event: 498.301 Thread 0x000001ab4da7f4a0 flushing nmethod 0x000001ab3a46f990
Event: 498.302 Thread 0x000001ab4da7f4a0 flushing nmethod 0x000001ab3a50c290
Event: 498.302 Thread 0x000001ab4da7f4a0 flushing nmethod 0x000001ab3a538410
Event: 498.303 Thread 0x000001ab4da7f4a0 flushing nmethod 0x000001ab3a56d990
Event: 498.303 Thread 0x000001ab4da7f4a0 flushing nmethod 0x000001ab3a56e010
Event: 498.303 Thread 0x000001ab4da7f4a0 flushing nmethod 0x000001ab3a56e510


Dynamic libraries:
0x00007ff7c08a0000 - 0x00007ff7c08b0000 	C:\Program Files\Java\jdk-17\bin\java.exe
0x00007ffe1c680000 - 0x00007ffe1c8e8000 	C:\Windows\SYSTEM32\ntdll.dll
0x00007ffe1b860000 - 0x00007ffe1b929000 	C:\Windows\System32\KERNEL32.DLL
0x00007ffe19ff0000 - 0x00007ffe1a3e8000 	C:\Windows\System32\KERNELBASE.dll
0x00007ffe19c00000 - 0x00007ffe19d4b000 	C:\Windows\System32\ucrtbase.dll
0x00007ffe16770000 - 0x00007ffe1678b000 	C:\Program Files\Java\jdk-17\bin\VCRUNTIME140.dll
0x00007ffe14760000 - 0x00007ffe14779000 	C:\Program Files\Java\jdk-17\bin\jli.dll
0x00007ffe1c120000 - 0x00007ffe1c1d4000 	C:\Windows\System32\ADVAPI32.dll
0x00007ffe1c320000 - 0x00007ffe1c3c9000 	C:\Windows\System32\msvcrt.dll
0x00007ffe1b7a0000 - 0x00007ffe1b846000 	C:\Windows\System32\sechost.dll
0x00007ffe1b4a0000 - 0x00007ffe1b5b8000 	C:\Windows\System32\RPCRT4.dll
0x00007ffe1bf50000 - 0x00007ffe1c117000 	C:\Windows\System32\USER32.dll
0x00007ffe1a3f0000 - 0x00007ffe1a417000 	C:\Windows\System32\win32u.dll
0x00007ffe1c1f0000 - 0x00007ffe1c21b000 	C:\Windows\System32\GDI32.dll
0x00007ffe19d50000 - 0x00007ffe19e7c000 	C:\Windows\System32\gdi32full.dll
0x00007ffe197d0000 - 0x00007ffe19873000 	C:\Windows\System32\msvcp_win.dll
0x00007ffe01850000 - 0x00007ffe01ae4000 	C:\Windows\WinSxS\amd64_microsoft.windows.common-controls_6595b64144ccf1df_6.0.26100.7019_none_3e06ffa0e335b8a8\COMCTL32.dll
0x00007ffe12450000 - 0x00007ffe1245b000 	C:\Windows\SYSTEM32\VERSION.dll
0x00007ffe1b5c0000 - 0x00007ffe1b5f1000 	C:\Windows\System32\IMM32.DLL
0x00007ffe14750000 - 0x00007ffe1475c000 	C:\Program Files\Java\jdk-17\bin\vcruntime140_1.dll
0x00007ffe07ec0000 - 0x00007ffe07f4e000 	C:\Program Files\Java\jdk-17\bin\msvcp140.dll
0x00007ffda7600000 - 0x00007ffda81e0000 	C:\Program Files\Java\jdk-17\bin\server\jvm.dll
0x00007ffe1bf40000 - 0x00007ffe1bf48000 	C:\Windows\System32\PSAPI.DLL
0x00007ffe14740000 - 0x00007ffe1474a000 	C:\Windows\SYSTEM32\WSOCK32.dll
0x00007ffe1bec0000 - 0x00007ffe1bf34000 	C:\Windows\System32\WS2_32.dll
0x00007ffe12410000 - 0x00007ffe12445000 	C:\Windows\SYSTEM32\WINMM.dll
0x00007ffe18590000 - 0x00007ffe185ab000 	C:\Windows\SYSTEM32\kernel.appcore.dll
0x00007ffe14710000 - 0x00007ffe1471a000 	C:\Program Files\Java\jdk-17\bin\jimage.dll
0x00007ffdd26b0000 - 0x00007ffdd28f2000 	C:\Windows\SYSTEM32\DBGHELP.DLL
0x00007ffe1a4a0000 - 0x00007ffe1a82b000 	C:\Windows\System32\combase.dll
0x00007ffe1b930000 - 0x00007ffe1ba07000 	C:\Windows\System32\OLEAUT32.dll
0x00007ffdfd9c0000 - 0x00007ffdfd9fc000 	C:\Windows\SYSTEM32\dbgcore.DLL
0x00007ffe19a00000 - 0x00007ffe19aa5000 	C:\Windows\System32\bcryptPrimitives.dll
0x00007ffe07e20000 - 0x00007ffe07e2e000 	C:\Program Files\Java\jdk-17\bin\instrument.dll
0x00007ffe08190000 - 0x00007ffe081b5000 	C:\Program Files\Java\jdk-17\bin\java.dll
0x00007ffe05870000 - 0x00007ffe05947000 	C:\Program Files\Java\jdk-17\bin\jsvml.dll
0x00007ffe1abd0000 - 0x00007ffe1b321000 	C:\Windows\System32\SHELL32.dll
0x00007ffe19e80000 - 0x00007ffe19feb000 	C:\Windows\System32\wintypes.dll
0x00007ffe17410000 - 0x00007ffe17c6d000 	C:\Windows\SYSTEM32\windows.storage.dll
0x00007ffe1c3d0000 - 0x00007ffe1c4c2000 	C:\Windows\System32\SHCORE.dll
0x00007ffe1b390000 - 0x00007ffe1b3f7000 	C:\Windows\System32\shlwapi.dll
0x00007ffe196f0000 - 0x00007ffe19719000 	C:\Windows\SYSTEM32\profapi.dll
0x00007ffe08070000 - 0x00007ffe08088000 	C:\Program Files\Java\jdk-17\bin\zip.dll
0x00007ffe08170000 - 0x00007ffe08189000 	C:\Program Files\Java\jdk-17\bin\net.dll
0x00007ffe12210000 - 0x00007ffe12338000 	C:\Windows\SYSTEM32\WINHTTP.dll
0x00007ffe18b00000 - 0x00007ffe18b6b000 	C:\Windows\system32\mswsock.dll
0x00007ffe08150000 - 0x00007ffe08166000 	C:\Program Files\Java\jdk-17\bin\nio.dll
0x00007ffe08050000 - 0x00007ffe0805a000 	C:\Program Files\Java\jdk-17\bin\management.dll
0x00007ffe07e30000 - 0x00007ffe07e3b000 	C:\Program Files\Java\jdk-17\bin\management_ext.dll
0x00007ffe08060000 - 0x00007ffe0806e000 	C:\Program Files\Java\jdk-17\bin\sunmscapi.dll
0x00007ffe19880000 - 0x00007ffe199f7000 	C:\Windows\System32\CRYPT32.dll
0x00007ffe19050000 - 0x00007ffe19080000 	C:\Windows\SYSTEM32\ncrypt.dll
0x00007ffe19000000 - 0x00007ffe1903f000 	C:\Windows\SYSTEM32\NTASN1.dll
0x00007ffe18dc0000 - 0x00007ffe18ddb000 	C:\Windows\SYSTEM32\CRYPTSP.dll
0x00007ffe184f0000 - 0x00007ffe1852a000 	C:\Windows\system32\rsaenh.dll
0x00007ffe18bb0000 - 0x00007ffe18bdb000 	C:\Windows\SYSTEM32\USERENV.dll
0x00007ffe196c0000 - 0x00007ffe196ea000 	C:\Windows\SYSTEM32\bcrypt.dll
0x00007ffe18de0000 - 0x00007ffe18dec000 	C:\Windows\SYSTEM32\CRYPTBASE.dll
0x00007ffe17ff0000 - 0x00007ffe18024000 	C:\Windows\SYSTEM32\IPHLPAPI.DLL
0x00007ffe1b400000 - 0x00007ffe1b40a000 	C:\Windows\System32\NSI.dll
0x00007ffe13380000 - 0x00007ffe1339e000 	C:\Windows\SYSTEM32\dhcpcsvc6.DLL
0x00007ffe13290000 - 0x00007ffe132b3000 	C:\Windows\SYSTEM32\dhcpcsvc.DLL
0x00007ffe18090000 - 0x00007ffe181bc000 	C:\Windows\SYSTEM32\DNSAPI.dll
0x00007ffe14730000 - 0x00007ffe14740000 	C:\Program Files\Java\jdk-17\bin\verify.dll
0x00007ffe0ff50000 - 0x00007ffe0ff5b000 	C:\Windows\System32\rasadhlp.dll
0x00007ffe13d80000 - 0x00007ffe13e06000 	C:\Windows\System32\fwpuclnt.dll
0x00007ffe06bf0000 - 0x00007ffe06bf8000 	C:\Windows\system32\wshunix.dll

dbghelp: loaded successfully - version: 4.0.5 - missing functions: none
symbol engine: initialized successfully - sym options: 0x614 - pdb path: .;C:\Program Files\Java\jdk-17\bin;C:\Windows\SYSTEM32;C:\Windows\WinSxS\amd64_microsoft.windows.common-controls_6595b64144ccf1df_6.0.26100.7019_none_3e06ffa0e335b8a8;C:\Program Files\Java\jdk-17\bin\server

VM Arguments:
jvm_args: -javaagent:C:\Program Files\JetBrains\IntelliJ IDEA 2025.2.3\lib\idea_rt.jar=62550 -Dfile.encoding=UTF-8 
java_command: com.scb.axessspringboottraining.AxessSpringbootTrainingApplication
java_class_path (initial): C:\Users\RAKESH\Desktop\loan\axess-sprintboot-training\target\classes;C:\Users\RAKESH\.m2\repository\org\springframework\boot\spring-boot-starter-web\3.2.0\spring-boot-starter-web-3.2.0.jar;C:\Users\RAKESH\.m2\repository\org\springframework\boot\spring-boot-starter\3.2.0\spring-boot-starter-3.2.0.jar;C:\Users\RAKESH\.m2\repository\org\springframework\boot\spring-boot-starter-logging\3.2.0\spring-boot-starter-logging-3.2.0.jar;C:\Users\RAKESH\.m2\repository\ch\qos\logback\logback-classic\1.4.11\logback-classic-1.4.11.jar;C:\Users\RAKESH\.m2\repository\ch\qos\logback\logback-core\1.4.11\logback-core-1.4.11.jar;C:\Users\RAKESH\.m2\repository\org\apache\logging\log4j\log4j-to-slf4j\2.21.1\log4j-to-slf4j-2.21.1.jar;C:\Users\RAKESH\.m2\repository\org\apache\logging\log4j\log4j-api\2.21.1\log4j-api-2.21.1.jar;C:\Users\RAKESH\.m2\repository\org\slf4j\jul-to-slf4j\2.0.9\jul-to-slf4j-2.0.9.jar;C:\Users\RAKESH\.m2\repository\jakarta\annotation\jakarta.annotation-api\2.1.1\jakarta.annotation-api-2.1.1.jar;C:\Users\RAKESH\.m2\repository\org\yaml\snakeyaml\2.2\snakeyaml-2.2.jar;C:\Users\RAKESH\.m2\repository\org\springframework\boot\spring-boot-starter-json\3.2.0\spring-boot-starter-json-3.2.0.jar;C:\Users\RAKESH\.m2\repository\com\fasterxml\jackson\datatype\jackson-datatype-jdk8\2.15.3\jackson-datatype-jdk8-2.15.3.jar;C:\Users\RAKESH\.m2\repository\com\fasterxml\jackson\datatype\jackson-datatype-jsr310\2.15.3\jackson-datatype-jsr310-2.15.3.jar;C:\Users\RAKESH\.m2\repository\com\fasterxml\jackson\module\jackson-module-parameter-names\2.15.3\jackson-module-parameter-names-2.15.3.jar;C:\Users\RAKESH\.m2\repository\org\springframework\boot\spring-boot-starter-tomcat\3.2.0\spring-boot-starter-tomcat-3.2.0.jar;C:\Users\RAKESH\.m2\repository\org\apache\tomcat\embed\tomcat-embed-core\10.1.16\tomcat-embed-core-10.1.16.jar;C:\Users\RAKESH\.m2\repository\org\apache\tomcat\embed\tomcat-embed-websocket\10.1.16\tomcat-embed-websocket-10.1.16.jar;C:\Users\RAKESH\.m
Launcher Type: SUN_STANDARD

[Global flags]
     intx CICompilerCount                          = 4                                         {product} {ergonomic}
     uint ConcGCThreads                            = 3                                         {product} {ergonomic}
     uint G1ConcRefinementThreads                  = 10                                        {product} {ergonomic}
   size_t G1HeapRegionSize                         = 1048576                                   {product} {ergonomic}
    uintx GCDrainStackTargetSize                   = 64                                        {product} {ergonomic}
   size_t InitialHeapSize                          = 56623104                                  {product} {ergonomic}
   size_t MarkStackSize                            = 4194304                                   {product} {ergonomic}
   size_t MaxHeapSize                              = 893386752                                 {product} {ergonomic}
   size_t MaxNewSize                               = 535822336                                 {product} {ergonomic}
   size_t MinHeapDeltaBytes                        = 1048576                                   {product} {ergonomic}
   size_t MinHeapSize                              = 8388608                                   {product} {ergonomic}
    uintx NonNMethodCodeHeapSize                   = 5839372                                {pd product} {ergonomic}
    uintx NonProfiledCodeHeapSize                  = 122909434                              {pd product} {ergonomic}
    uintx ProfiledCodeHeapSize                     = 122909434                              {pd product} {ergonomic}
    uintx ReservedCodeCacheSize                    = 251658240                              {pd product} {ergonomic}
     bool SegmentedCodeCache                       = true                                      {product} {ergonomic}
   size_t SoftMaxHeapSize                          = 893386752                              {manageable} {ergonomic}
     bool UseCompressedClassPointers               = true                           {product lp64_product} {ergonomic}
     bool UseCompressedOops                        = true                           {product lp64_product} {ergonomic}
     bool UseG1GC                                  = true                                      {product} {ergonomic}
     bool UseLargePagesIndividualAllocation        = false                                  {pd product} {ergonomic}

Logging:
Log output configuration:
 #0: stdout all=warning uptime,level,tags
 #1: stderr all=off uptime,level,tags

Environment Variables:
JAVA_HOME=C:\Program Files\Java\jdk-17
PATH=C:\Program Files\Common Files\Oracle\Java\javapath;C:\Program Files\Java\jdk-17\bin;C:\Python313\Scripts\;C:\Python313\;C:\Windows\system32;C:\Windows;C:\Windows\System32\Wbem;C:\Windows\System32\WindowsPowerShell\v1.0\;C:\Windows\System32\OpenSSH\;C:\ProgramData\chocolatey\bin;C:\Program Files\nodejs;C:\Program Files\cursor\resources\app\bin;C:\Program Files\Git\cmd;C:\Users\RAKESH\AppData\Local\Microsoft\WindowsApps;C:\Users\RAKESH\AppData\Local\Programs\Microsoft VS Code\bin;C:\Users\RAKESH\AppData\Roaming\npm;C:\Users\RAKESH\AppData\Local\Programs\Windsurf\bin;C:\Program Files\Apache\Maven\apache-maven-3.9.11\bin;C:\Program Files\Git\bin;C:\Program Files\JetBrains\IntelliJ IDEA 2025.2.3\bin
USERNAME=RAKESH
OS=Windows_NT
PROCESSOR_IDENTIFIER=AMD64 Family 23 Model 104 Stepping 1, AuthenticAMD



---------------  S Y S T E M  ---------------

OS:
 Windows 11 , 64 bit Build 26100 (10.0.26100.7019)
OS uptime: 0 days 0:29 hours

CPU: total 12 (initial active 12) (12 cores per cpu, 2 threads per core) family 23 model 104 stepping 1 microcode 0x8608109, cx8, cmov, fxsr, ht, mmx, 3dnowpref, sse, sse2, sse3, ssse3, sse4a, sse4.1, sse4.2, popcnt, lzcnt, tsc, tscinvbit, avx, avx2, aes, clmul, bmi1, bmi2, adx, sha, fma, vzeroupper, clflush, clflushopt

Memory: 4k page, system-wide physical 3405M (347M free)
TotalPageFile size 11597M (AvailPageFile size 91M)
current process WorkingSet (physical memory assigned to process): 253M, peak: 255M
current process commit charge ("private bytes"): 327M, peak: 409M

vm_info: Java HotSpot(TM) 64-Bit Server VM (17.0.12+8-LTS-286) for windows-amd64 JRE (17.0.12+8-LTS-286), built on Jun  5 2024 06:46:59 by "mach5one" with MS VC++ 17.6 (VS2022)

END.
